# JRE version: OpenJDK Runtime Environment Temurin-21.0.8+9 (21.0.8+9) (build 21.0.8+9-LTS)
# Java VM: OpenJDK 64-Bit Server VM Temurin-21.0.8+9 (21.0.8+9-LTS, mixed mode, sharing, tiered, compressed oops, compressed class ptrs, parallel gc, windows-amd64)
GC Precious Log:
 CardTable entry size: 512
 CPUs: 12 total, 12 available
 Memory: 7876M
 Large Page Support: Disabled
 NUMA Support: Disabled
 Compressed Oops: Enabled (32-bit)
 Alignments: Space 512K, Generation 512K, Heap 2M
 Heap Min Capacity: 100M
 Heap Initial Capacity: 100M
 Heap Max Capacity: 2G
 Pre-touch: Disabled
 Parallel Workers: 10
Heap:
 PSYoungGen      total 4096K, used 3384K [0x00000000d5580000, 0x00000000d5b00000, 0x0000000100000000)
  eden space 3072K, 97% used [0x00000000d5580000,0x00000000d586e0a0,0x00000000d5880000)
  from space 1024K, 37% used [0x00000000d5880000,0x00000000d58e0000,0x00000000d5980000)
  to   space 1024K, 0% used [0x00000000d5a00000,0x00000000d5a00000,0x00000000d5b00000)
 ParOldGen       total 766464K, used 498278K [0x0000000080000000, 0x00000000aec80000, 0x00000000d5580000)
  object space 766464K, 65% used [0x0000000080000000,0x000000009e699a28,0x00000000aec80000)
 Metaspace       used 83252K, committed 84992K, reserved 1179648K
  class space    used 8536K, committed 9280K, reserved 1048576K
GC Heap History (20 events):
Event: 502.997 GC heap before
{Heap before GC invocations=1386 (full 4):
 PSYoungGen      total 3584K, used 3568K [0x00000000d5580000, 0x00000000d5a80000, 0x0000000100000000)
  eden space 3072K, 100% used [0x00000000d5580000,0x00000000d5880000,0x00000000d5880000)
  from space 512K, 96% used [0x00000000d5900000,0x00000000d597c0f8,0x00000000d5980000)
  to   space 1024K, 0% used [0x00000000d5980000,0x00000000d5980000,0x00000000d5a80000)
 ParOldGen       total 766464K, used 432650K [0x0000000080000000, 0x00000000aec80000, 0x00000000d5580000)
  object space 766464K, 56% used [0x0000000080000000,0x000000009a6828d8,0x00000000aec80000)
 Metaspace       used 82942K, committed 84672K, reserved 1179648K
  class space    used 8521K, committed 9280K, reserved 1048576K
}
Event: 503.001 GC heap after
{Heap after GC invocations=1386 (full 4):
 PSYoungGen      total 4096K, used 608K [0x00000000d5580000, 0x00000000d5a80000, 0x0000000100000000)
  eden space 3072K, 0% used [0x00000000d5580000,0x00000000d5580000,0x00000000d5880000)
  from space 1024K, 59% used [0x00000000d5980000,0x00000000d5a18000,0x00000000d5a80000)
  to   space 1024K, 0% used [0x00000000d5880000,0x00000000d5880000,0x00000000d5980000)
 ParOldGen       total 766464K, used 432989K [0x0000000080000000, 0x00000000aec80000, 0x00000000d5580000)
  object space 766464K, 56% used [0x0000000080000000,0x000000009a6d7610,0x00000000aec80000)
 Metaspace       used 82942K, committed 84672K, reserved 1179648K
  class space    used 8521K, committed 9280K, reserved 1048576K
}
Event: 503.044 GC heap before
{Heap before GC invocations=1387 (full 4):
 PSYoungGen      total 4096K, used 3680K [0x00000000d5580000, 0x00000000d5a80000, 0x0000000100000000)
  eden space 3072K, 100% used [0x00000000d5580000,0x00000000d5880000,0x00000000d5880000)
  from space 1024K, 59% used [0x00000000d5980000,0x00000000d5a18000,0x00000000d5a80000)
  to   space 1024K, 0% used [0x00000000d5880000,0x00000000d5880000,0x00000000d5980000)
 ParOldGen       total 766464K, used 432989K [0x0000000080000000, 0x00000000aec80000, 0x00000000d5580000)
  object space 766464K, 56% used [0x0000000080000000,0x000000009a6d7610,0x00000000aec80000)
 Metaspace       used 82959K, committed 84672K, reserved 1179648K
  class space    used 8522K, committed 9280K, reserved 1048576K
}
Event: 503.048 GC heap after
{Heap after GC invocations=1387 (full 4):
 PSYoungGen      total 4096K, used 704K [0x00000000d5580000, 0x00000000d5a80000, 0x0000000100000000)
  eden space 3072K, 0% used [0x00000000d5580000,0x00000000d5580000,0x00000000d5880000)
  from space 1024K, 68% used [0x00000000d5880000,0x00000000d5930020,0x00000000d5980000)
  to   space 1024K, 0% used [0x00000000d5980000,0x00000000d5980000,0x00000000d5a80000)
 ParOldGen       total 766464K, used 433385K [0x0000000080000000, 0x00000000aec80000, 0x00000000d5580000)
  object space 766464K, 56% used [0x0000000080000000,0x000000009a73a4e8,0x00000000aec80000)
 Metaspace       used 82959K, committed 84672K, reserved 1179648K
  class space    used 8522K, committed 9280K, reserved 1048576K
}
Event: 503.083 GC heap before
{Heap before GC invocations=1388 (full 4):
 PSYoungGen      total 4096K, used 3776K [0x00000000d5580000, 0x00000000d5a80000, 0x0000000100000000)
  eden space 3072K, 99% used [0x00000000d5580000,0x00000000d587fff8,0x00000000d5880000)
  from space 1024K, 68% used [0x00000000d5880000,0x00000000d5930020,0x00000000d5980000)
  to   space 1024K, 0% used [0x00000000d5980000,0x00000000d5980000,0x00000000d5a80000)
 ParOldGen       total 766464K, used 433385K [0x0000000080000000, 0x00000000aec80000, 0x00000000d5580000)
  object space 766464K, 56% used [0x0000000080000000,0x000000009a73a4e8,0x00000000aec80000)
 Metaspace       used 82964K, committed 84672K, reserved 1179648K
  class space    used 8522K, committed 9280K, reserved 1048576K
}
Event: 503.086 GC heap after
{Heap after GC invocations=1388 (full 4):
 PSYoungGen      total 4096K, used 448K [0x00000000d5580000, 0x00000000d5a80000, 0x0000000100000000)
  eden space 3072K, 0% used [0x00000000d5580000,0x00000000d5580000,0x00000000d5880000)
  from space 1024K, 43% used [0x00000000d5980000,0x00000000d59f0000,0x00000000d5a80000)
  to   space 1024K, 0% used [0x00000000d5880000,0x00000000d5880000,0x00000000d5980000)
 ParOldGen       total 766464K, used 433882K [0x0000000080000000, 0x00000000aec80000, 0x00000000d5580000)
  object space 766464K, 56% used [0x0000000080000000,0x000000009a7b6a10,0x00000000aec80000)
 Metaspace       used 82964K, committed 84672K, reserved 1179648K
  class space    used 8522K, committed 9280K, reserved 1048576K
}
Event: 503.123 GC heap before
{Heap before GC invocations=1389 (full 4):
 PSYoungGen      total 4096K, used 3520K [0x00000000d5580000, 0x00000000d5a80000, 0x0000000100000000)
  eden space 3072K, 100% used [0x00000000d5580000,0x00000000d5880000,0x00000000d5880000)
  from space 1024K, 43% used [0x00000000d5980000,0x00000000d59f0000,0x00000000d5a80000)
  to   space 1024K, 0% used [0x00000000d5880000,0x00000000d5880000,0x00000000d5980000)
 ParOldGen       total 766464K, used 433882K [0x0000000080000000, 0x00000000aec80000, 0x00000000d5580000)
  object space 766464K, 56% used [0x0000000080000000,0x000000009a7b6a10,0x00000000aec80000)
 Metaspace       used 82976K, committed 84672K, reserved 1179648K
  class space    used 8522K, committed 9280K, reserved 1048576K
}
Event: 503.128 GC heap after
{Heap after GC invocations=1389 (full 4):
 PSYoungGen      total 4096K, used 384K [0x00000000d5580000, 0x00000000d5a00000, 0x0000000100000000)
  eden space 3072K, 0% used [0x00000000d5580000,0x00000000d5580000,0x00000000d5880000)
  from space 1024K, 37% used [0x00000000d5880000,0x00000000d58e0000,0x00000000d5980000)
  to   space 512K, 0% used [0x00000000d5980000,0x00000000d5980000,0x00000000d5a00000)
 ParOldGen       total 766464K, used 434098K [0x0000000080000000, 0x00000000aec80000, 0x00000000d5580000)
  object space 766464K, 56% used [0x0000000080000000,0x000000009a7eca10,0x00000000aec80000)
 Metaspace       used 82976K, committed 84672K, reserved 1179648K
  class space    used 8522K, committed 9280K, reserved 1048576K
}
Event: 503.158 GC heap before
{Heap before GC invocations=1390 (full 4):
 PSYoungGen      total 4096K, used 3456K [0x00000000d5580000, 0x00000000d5a00000, 0x0000000100000000)
  eden space 3072K, 100% used [0x00000000d5580000,0x00000000d5880000,0x00000000d5880000)
  from space 1024K, 37% used [0x00000000d5880000,0x00000000d58e0000,0x00000000d5980000)
  to   space 512K, 0% used [0x00000000d5980000,0x00000000d5980000,0x00000000d5a00000)
 ParOldGen       total 766464K, used 434098K [0x0000000080000000, 0x00000000aec80000, 0x00000000d5580000)
  object space 766464K, 56% used [0x0000000080000000,0x000000009a7eca10,0x00000000aec80000)
 Metaspace       used 82979K, committed 84672K, reserved 1179648K
  class space    used 8522K, committed 9280K, reserved 1048576K
}
Event: 503.161 GC heap after
{Heap after GC invocations=1390 (full 4):
 PSYoungGen      total 3584K, used 495K [0x00000000d5580000, 0x00000000d5a80000, 0x0000000100000000)
  eden space 3072K, 0% used [0x00000000d5580000,0x00000000d5580000,0x00000000d5880000)
  from space 512K, 96% used [0x00000000d5980000,0x00000000d59fbea0,0x00000000d5a00000)
  to   space 1024K, 0% used [0x00000000d5880000,0x00000000d5880000,0x00000000d5980000)
 ParOldGen       total 766464K, used 434370K [0x0000000080000000, 0x00000000aec80000, 0x00000000d5580000)
  object space 766464K, 56% used [0x0000000080000000,0x000000009a830a10,0x00000000aec80000)
 Metaspace       used 82979K, committed 84672K, reserved 1179648K
  class space    used 8522K, committed 9280K, reserved 1048576K
}
Event: 503.200 GC heap before
{Heap before GC invocations=1391 (full 4):
 PSYoungGen      total 3584K, used 3567K [0x00000000d5580000, 0x00000000d5a80000, 0x0000000100000000)
  eden space 3072K, 100% used [0x00000000d5580000,0x00000000d5880000,0x00000000d5880000)
  from space 512K, 96% used [0x00000000d5980000,0x00000000d59fbea0,0x00000000d5a00000)
  to   space 1024K, 0% used [0x00000000d5880000,0x00000000d5880000,0x00000000d5980000)
 ParOldGen       total 766464K, used 434370K [0x0000000080000000, 0x00000000aec80000, 0x00000000d5580000)
  object space 766464K, 56% used [0x0000000080000000,0x000000009a830a10,0x00000000aec80000)
 Metaspace       used 83031K, committed 84736K, reserved 1179648K
  class space    used 8525K, committed 9280K, reserved 1048576K
}
Event: 503.203 GC heap after
{Heap after GC invocations=1391 (full 4):
 PSYoungGen      total 4096K, used 352K [0x00000000d5580000, 0x00000000d5a00000, 0x0000000100000000)
  eden space 3072K, 0% used [0x00000000d5580000,0x00000000d5580000,0x00000000d5880000)
  from space 1024K, 34% used [0x00000000d5880000,0x00000000d58d8000,0x00000000d5980000)
  to   space 512K, 0% used [0x00000000d5980000,0x00000000d5980000,0x00000000d5a00000)
 ParOldGen       total 766464K, used 434554K [0x0000000080000000, 0x00000000aec80000, 0x00000000d5580000)
  object space 766464K, 56% used [0x0000000080000000,0x000000009a85e8b0,0x00000000aec80000)
 Metaspace       used 83031K, committed 84736K, reserved 1179648K
  class space    used 8525K, committed 9280K, reserved 1048576K
}
Event: 503.290 GC heap before
{Heap before GC invocations=1392 (full 4):
 PSYoungGen      total 4096K, used 3423K [0x00000000d5580000, 0x00000000d5a00000, 0x0000000100000000)
  eden space 3072K, 99% used [0x00000000d5580000,0x00000000d587fcb8,0x00000000d5880000)
  from space 1024K, 34% used [0x00000000d5880000,0x00000000d58d8000,0x00000000d5980000)
  to   space 512K, 0% used [0x00000000d5980000,0x00000000d5980000,0x00000000d5a00000)
 ParOldGen       total 766464K, used 434554K [0x0000000080000000, 0x00000000aec80000, 0x00000000d5580000)
  object space 766464K, 56% used [0x0000000080000000,0x000000009a85e8b0,0x00000000aec80000)
 Metaspace       used 83105K, committed 84800K, reserved 1179648K
  class space    used 8535K, committed 9280K, reserved 1048576K
}
Event: 503.296 GC heap after
{Heap after GC invocations=1392 (full 4):
 PSYoungGen      total 3584K, used 512K [0x00000000d5580000, 0x00000000d5a80000, 0x0000000100000000)
  eden space 3072K, 0% used [0x00000000d5580000,0x00000000d5580000,0x00000000d5880000)
  from space 512K, 100% used [0x00000000d5980000,0x00000000d5a00000,0x00000000d5a00000)
  to   space 1024K, 0% used [0x00000000d5880000,0x00000000d5880000,0x00000000d5980000)
 ParOldGen       total 766464K, used 434822K [0x0000000080000000, 0x00000000aec80000, 0x00000000d5580000)
  object space 766464K, 56% used [0x0000000080000000,0x000000009a8a18b0,0x00000000aec80000)
 Metaspace       used 83105K, committed 84800K, reserved 1179648K
  class space    used 8535K, committed 9280K, reserved 1048576K
}
Event: 503.504 GC heap before
{Heap before GC invocations=1393 (full 4):
 PSYoungGen      total 3584K, used 3584K [0x00000000d5580000, 0x00000000d5a80000, 0x0000000100000000)
  eden space 3072K, 100% used [0x00000000d5580000,0x00000000d5880000,0x00000000d5880000)
  from space 512K, 100% used [0x00000000d5980000,0x00000000d5a00000,0x00000000d5a00000)
  to   space 1024K, 0% used [0x00000000d5880000,0x00000000d5880000,0x00000000d5980000)
 ParOldGen       total 766464K, used 434822K [0x0000000080000000, 0x00000000aec80000, 0x00000000d5580000)
  object space 766464K, 56% used [0x0000000080000000,0x000000009a8a18b0,0x00000000aec80000)
 Metaspace       used 83151K, committed 84864K, reserved 1179648K
  class space    used 8535K, committed 9280K, reserved 1048576K
}
Event: 503.509 GC heap after
{Heap after GC invocations=1393 (full 4):
 PSYoungGen      total 4096K, used 1008K [0x00000000d5580000, 0x00000000d5c80000, 0x0000000100000000)
  eden space 3072K, 0% used [0x00000000d5580000,0x00000000d5580000,0x00000000d5880000)
  from space 1024K, 98% used [0x00000000d5880000,0x00000000d597c010,0x00000000d5980000)
  to   space 2048K, 0% used [0x00000000d5a80000,0x00000000d5a80000,0x00000000d5c80000)
 ParOldGen       total 766464K, used 435388K [0x0000000080000000, 0x00000000aec80000, 0x00000000d5580000)
  object space 766464K, 56% used [0x0000000080000000,0x000000009a92f030,0x00000000aec80000)
 Metaspace       used 83151K, committed 84864K, reserved 1179648K
  class space    used 8535K, committed 9280K, reserved 1048576K
}
Event: 503.800 GC heap before
{Heap before GC invocations=1394 (full 4):
 PSYoungGen      total 4096K, used 4073K [0x00000000d5580000, 0x00000000d5c80000, 0x0000000100000000)
  eden space 3072K, 99% used [0x00000000d5580000,0x00000000d587e588,0x00000000d5880000)
  from space 1024K, 98% used [0x00000000d5880000,0x00000000d597c010,0x00000000d5980000)
  to   space 2048K, 0% used [0x00000000d5a80000,0x00000000d5a80000,0x00000000d5c80000)
 ParOldGen       total 766464K, used 435388K [0x0000000080000000, 0x00000000aec80000, 0x00000000d5580000)
  object space 766464K, 56% used [0x0000000080000000,0x000000009a92f030,0x00000000aec80000)
 Metaspace       used 83157K, committed 84864K, reserved 1179648K
  class space    used 8535K, committed 9280K, reserved 1048576K
}
Event: 503.808 GC heap after
{Heap after GC invocations=1394 (full 4):
 PSYoungGen      total 4096K, used 672K [0x00000000d5580000, 0x00000000d5b80000, 0x0000000100000000)
  eden space 3072K, 0% used [0x00000000d5580000,0x00000000d5580000,0x00000000d5880000)
  from space 1024K, 65% used [0x00000000d5a80000,0x00000000d5b28010,0x00000000d5b80000)
  to   space 1024K, 0% used [0x00000000d5880000,0x00000000d5880000,0x00000000d5980000)
 ParOldGen       total 766464K, used 436308K [0x0000000080000000, 0x00000000aec80000, 0x00000000d5580000)
  object space 766464K, 56% used [0x0000000080000000,0x000000009aa150e0,0x00000000aec80000)
 Metaspace       used 83157K, committed 84864K, reserved 1179648K
  class space    used 8535K, committed 9280K, reserved 1048576K
}
Event: 505.464 GC heap before
{Heap before GC invocations=1395 (full 4):
 PSYoungGen      total 4096K, used 3744K [0x00000000d5580000, 0x00000000d5b80000, 0x0000000100000000)
  eden space 3072K, 99% used [0x00000000d5580000,0x00000000d587fff0,0x00000000d5880000)
  from space 1024K, 65% used [0x00000000d5a80000,0x00000000d5b28010,0x00000000d5b80000)
  to   space 1024K, 0% used [0x00000000d5880000,0x00000000d5880000,0x00000000d5980000)
 ParOldGen       total 766464K, used 497748K [0x0000000080000000, 0x00000000aec80000, 0x00000000d5580000)
  object space 766464K, 64% used [0x0000000080000000,0x000000009e615140,0x00000000aec80000)
 Metaspace       used 83208K, committed 84928K, reserved 1179648K
  class space    used 8536K, committed 9280K, reserved 1048576K
}
Event: 505.467 GC heap after
{Heap after GC invocations=1395 (full 4):
 PSYoungGen      total 4096K, used 384K [0x00000000d5580000, 0x00000000d5b00000, 0x0000000100000000)
  eden space 3072K, 0% used [0x00000000d5580000,0x00000000d5580000,0x00000000d5880000)
  from space 1024K, 37% used [0x00000000d5880000,0x00000000d58e0000,0x00000000d5980000)
  to   space 1024K, 0% used [0x00000000d5a00000,0x00000000d5a00000,0x00000000d5b00000)
 ParOldGen       total 766464K, used 498278K [0x0000000080000000, 0x00000000aec80000, 0x00000000d5580000)
  object space 766464K, 65% used [0x0000000080000000,0x000000009e699a28,0x00000000aec80000)
 Metaspace       used 83208K, committed 84928K, reserved 1179648K
  class space    used 8536K, committed 9280K, reserved 1048576K
}

