# JRE version: OpenJDK Runtime Environment Temurin-21.0.8+9 (21.0.8+9) (build 21.0.8+9-LTS)
# Java VM: OpenJDK 64-Bit Server VM Temurin-21.0.8+9 (21.0.8+9-LTS, mixed mode, sharing, tiered, compressed oops, compressed class ptrs, parallel gc, windows-amd64)
GC Precious Log:
 CardTable entry size: 512
 CPUs: 12 total, 12 available
 Memory: 7876M
 Large Page Support: Disabled
 NUMA Support: Disabled
 Compressed Oops: Enabled (32-bit)
 Alignments: Space 512K, Generation 512K, Heap 2M
 Heap Min Capacity: 100M
 Heap Initial Capacity: 100M
 Heap Max Capacity: 2G
 Pre-touch: Disabled
 Parallel Workers: 10
Heap:
 PSYoungGen      total 9728K, used 5849K [0x00000000d5580000, 0x00000000d6380000, 0x0000000100000000)
  eden space 9216K, 61% used [0x00000000d5580000,0x00000000d5b065d8,0x00000000d5e80000)
  from space 512K, 37% used [0x00000000d6300000,0x00000000d6330000,0x00000000d6380000)
  to   space 1536K, 0% used [0x00000000d6080000,0x00000000d6080000,0x00000000d6200000)
 ParOldGen       total 142848K, used 81856K [0x0000000080000000, 0x0000000088b80000, 0x00000000d5580000)
  object space 142848K, 57% used [0x0000000080000000,0x0000000084ff02a0,0x0000000088b80000)
 Metaspace       used 70436K, committed 72128K, reserved 1114112K
  class space    used 7161K, committed 7872K, reserved 1048576K
GC Heap History (20 events):
Event: 307.414 GC heap before
{Heap before GC invocations=109 (full 3):
 PSYoungGen      total 11264K, used 11040K [0x00000000d5580000, 0x00000000d6600000, 0x0000000100000000)
  eden space 9216K, 100% used [0x00000000d5580000,0x00000000d5e80000,0x00000000d5e80000)
  from space 2048K, 89% used [0x00000000d6080000,0x00000000d6248040,0x00000000d6280000)
  to   space 2560K, 0% used [0x00000000d6380000,0x00000000d6380000,0x00000000d6600000)
 ParOldGen       total 135168K, used 134671K [0x0000000080000000, 0x0000000088400000, 0x00000000d5580000)
  object space 135168K, 99% used [0x0000000080000000,0x0000000088383f80,0x0000000088400000)
 Metaspace       used 70041K, committed 71680K, reserved 1114112K
  class space    used 7134K, committed 7872K, reserved 1048576K
}
Event: 307.421 GC heap after
{Heap after GC invocations=109 (full 3):
 PSYoungGen      total 11264K, used 1698K [0x00000000d5580000, 0x00000000d6580000, 0x0000000100000000)
  eden space 9216K, 0% used [0x00000000d5580000,0x00000000d5580000,0x00000000d5e80000)
  from space 2048K, 82% used [0x00000000d6380000,0x00000000d65289c0,0x00000000d6580000)
  to   space 2048K, 0% used [0x00000000d6080000,0x00000000d6080000,0x00000000d6280000)
 ParOldGen       total 136704K, used 136283K [0x0000000080000000, 0x0000000088580000, 0x00000000d5580000)
  object space 136704K, 99% used [0x0000000080000000,0x0000000088516c20,0x0000000088580000)
 Metaspace       used 70041K, committed 71680K, reserved 1114112K
  class space    used 7134K, committed 7872K, reserved 1048576K
}
Event: 307.980 GC heap before
{Heap before GC invocations=110 (full 3):
 PSYoungGen      total 11264K, used 10914K [0x00000000d5580000, 0x00000000d6580000, 0x0000000100000000)
  eden space 9216K, 100% used [0x00000000d5580000,0x00000000d5e80000,0x00000000d5e80000)
  from space 2048K, 82% used [0x00000000d6380000,0x00000000d65289c0,0x00000000d6580000)
  to   space 2048K, 0% used [0x00000000d6080000,0x00000000d6080000,0x00000000d6280000)
 ParOldGen       total 136704K, used 136283K [0x0000000080000000, 0x0000000088580000, 0x00000000d5580000)
  object space 136704K, 99% used [0x0000000080000000,0x0000000088516c20,0x0000000088580000)
 Metaspace       used 70054K, committed 71744K, reserved 1114112K
  class space    used 7134K, committed 7872K, reserved 1048576K
}
Event: 307.990 GC heap after
{Heap after GC invocations=110 (full 3):
 PSYoungGen      total 11264K, used 2032K [0x00000000d5580000, 0x00000000d6680000, 0x0000000100000000)
  eden space 9216K, 0% used [0x00000000d5580000,0x00000000d5580000,0x00000000d5e80000)
  from space 2048K, 99% used [0x00000000d6080000,0x00000000d627c010,0x00000000d6280000)
  to   space 4096K, 0% used [0x00000000d6280000,0x00000000d6280000,0x00000000d6680000)
 ParOldGen       total 138240K, used 137763K [0x0000000080000000, 0x0000000088700000, 0x00000000d5580000)
  object space 138240K, 99% used [0x0000000080000000,0x0000000088688cf0,0x0000000088700000)
 Metaspace       used 70054K, committed 71744K, reserved 1114112K
  class space    used 7134K, committed 7872K, reserved 1048576K
}
Event: 308.175 GC heap before
{Heap before GC invocations=111 (full 3):
 PSYoungGen      total 11264K, used 11248K [0x00000000d5580000, 0x00000000d6680000, 0x0000000100000000)
  eden space 9216K, 100% used [0x00000000d5580000,0x00000000d5e80000,0x00000000d5e80000)
  from space 2048K, 99% used [0x00000000d6080000,0x00000000d627c010,0x00000000d6280000)
  to   space 4096K, 0% used [0x00000000d6280000,0x00000000d6280000,0x00000000d6680000)
 ParOldGen       total 138240K, used 137763K [0x0000000080000000, 0x0000000088700000, 0x00000000d5580000)
  object space 138240K, 99% used [0x0000000080000000,0x0000000088688cf0,0x0000000088700000)
 Metaspace       used 70090K, committed 71744K, reserved 1114112K
  class space    used 7134K, committed 7872K, reserved 1048576K
}
Event: 308.183 GC heap after
{Heap after GC invocations=111 (full 3):
 PSYoungGen      total 11264K, used 1981K [0x00000000d5580000, 0x00000000d6480000, 0x0000000100000000)
  eden space 9216K, 0% used [0x00000000d5580000,0x00000000d5580000,0x00000000d5e80000)
  from space 2048K, 96% used [0x00000000d6280000,0x00000000d646f460,0x00000000d6480000)
  to   space 2560K, 0% used [0x00000000d5f80000,0x00000000d5f80000,0x00000000d6200000)
 ParOldGen       total 139776K, used 139547K [0x0000000080000000, 0x0000000088880000, 0x00000000d5580000)
  object space 139776K, 99% used [0x0000000080000000,0x0000000088846e68,0x0000000088880000)
 Metaspace       used 70090K, committed 71744K, reserved 1114112K
  class space    used 7134K, committed 7872K, reserved 1048576K
}
Event: 308.465 GC heap before
{Heap before GC invocations=112 (full 3):
 PSYoungGen      total 11264K, used 11197K [0x00000000d5580000, 0x00000000d6480000, 0x0000000100000000)
  eden space 9216K, 100% used [0x00000000d5580000,0x00000000d5e80000,0x00000000d5e80000)
  from space 2048K, 96% used [0x00000000d6280000,0x00000000d646f460,0x00000000d6480000)
  to   space 2560K, 0% used [0x00000000d5f80000,0x00000000d5f80000,0x00000000d6200000)
 ParOldGen       total 139776K, used 139547K [0x0000000080000000, 0x0000000088880000, 0x00000000d5580000)
  object space 139776K, 99% used [0x0000000080000000,0x0000000088846e68,0x0000000088880000)
 Metaspace       used 70122K, committed 71808K, reserved 1114112K
  class space    used 7134K, committed 7872K, reserved 1048576K
}
Event: 308.474 GC heap after
{Heap after GC invocations=112 (full 3):
 PSYoungGen      total 11264K, used 1943K [0x00000000d5580000, 0x00000000d6380000, 0x0000000100000000)
  eden space 9216K, 0% used [0x00000000d5580000,0x00000000d5580000,0x00000000d5e80000)
  from space 2048K, 94% used [0x00000000d5f80000,0x00000000d6165dd0,0x00000000d6180000)
  to   space 2048K, 0% used [0x00000000d6180000,0x00000000d6180000,0x00000000d6380000)
 ParOldGen       total 141312K, used 141066K [0x0000000080000000, 0x0000000088a00000, 0x00000000d5580000)
  object space 141312K, 99% used [0x0000000080000000,0x00000000889c2ac0,0x0000000088a00000)
 Metaspace       used 70122K, committed 71808K, reserved 1114112K
  class space    used 7134K, committed 7872K, reserved 1048576K
}
Event: 308.681 GC heap before
{Heap before GC invocations=113 (full 3):
 PSYoungGen      total 11264K, used 5301K [0x00000000d5580000, 0x00000000d6380000, 0x0000000100000000)
  eden space 9216K, 36% used [0x00000000d5580000,0x00000000d58c77c0,0x00000000d5e80000)
  from space 2048K, 94% used [0x00000000d5f80000,0x00000000d6165dd0,0x00000000d6180000)
  to   space 2048K, 0% used [0x00000000d6180000,0x00000000d6180000,0x00000000d6380000)
 ParOldGen       total 141312K, used 141066K [0x0000000080000000, 0x0000000088a00000, 0x00000000d5580000)
  object space 141312K, 99% used [0x0000000080000000,0x00000000889c2ac0,0x0000000088a00000)
 Metaspace       used 70123K, committed 71808K, reserved 1114112K
  class space    used 7134K, committed 7872K, reserved 1048576K
}
Event: 308.689 GC heap after
{Heap after GC invocations=113 (full 3):
 PSYoungGen      total 10240K, used 768K [0x00000000d5580000, 0x00000000d6280000, 0x0000000100000000)
  eden space 9216K, 0% used [0x00000000d5580000,0x00000000d5580000,0x00000000d5e80000)
  from space 1024K, 75% used [0x00000000d6180000,0x00000000d6240000,0x00000000d6280000)
  to   space 1536K, 0% used [0x00000000d5f80000,0x00000000d5f80000,0x00000000d6100000)
 ParOldGen       total 142848K, used 142610K [0x0000000080000000, 0x0000000088b80000, 0x00000000d5580000)
  object space 142848K, 99% used [0x0000000080000000,0x0000000088b44b30,0x0000000088b80000)
 Metaspace       used 70123K, committed 71808K, reserved 1114112K
  class space    used 7134K, committed 7872K, reserved 1048576K
}
Event: 308.689 GC heap before
{Heap before GC invocations=114 (full 4):
 PSYoungGen      total 10240K, used 768K [0x00000000d5580000, 0x00000000d6280000, 0x0000000100000000)
  eden space 9216K, 0% used [0x00000000d5580000,0x00000000d5580000,0x00000000d5e80000)
  from space 1024K, 75% used [0x00000000d6180000,0x00000000d6240000,0x00000000d6280000)
  to   space 1536K, 0% used [0x00000000d5f80000,0x00000000d5f80000,0x00000000d6100000)
 ParOldGen       total 142848K, used 142610K [0x0000000080000000, 0x0000000088b80000, 0x00000000d5580000)
  object space 142848K, 99% used [0x0000000080000000,0x0000000088b44b30,0x0000000088b80000)
 Metaspace       used 70123K, committed 71808K, reserved 1114112K
  class space    used 7134K, committed 7872K, reserved 1048576K
}
Event: 311.724 GC heap after
{Heap after GC invocations=114 (full 4):
 PSYoungGen      total 10240K, used 0K [0x00000000d5580000, 0x00000000d6280000, 0x0000000100000000)
  eden space 9216K, 0% used [0x00000000d5580000,0x00000000d5580000,0x00000000d5e80000)
  from space 1024K, 0% used [0x00000000d6180000,0x00000000d6180000,0x00000000d6280000)
  to   space 1536K, 0% used [0x00000000d5f80000,0x00000000d5f80000,0x00000000d6100000)
 ParOldGen       total 142848K, used 76900K [0x0000000080000000, 0x0000000088b80000, 0x00000000d5580000)
  object space 142848K, 53% used [0x0000000080000000,0x0000000084b19198,0x0000000088b80000)
 Metaspace       used 70122K, committed 71808K, reserved 1114112K
  class space    used 7134K, committed 7872K, reserved 1048576K
}
Event: 313.051 GC heap before
{Heap before GC invocations=115 (full 4):
 PSYoungGen      total 10240K, used 9216K [0x00000000d5580000, 0x00000000d6280000, 0x0000000100000000)
  eden space 9216K, 100% used [0x00000000d5580000,0x00000000d5e80000,0x00000000d5e80000)
  from space 1024K, 0% used [0x00000000d6180000,0x00000000d6180000,0x00000000d6280000)
  to   space 1536K, 0% used [0x00000000d5f80000,0x00000000d5f80000,0x00000000d6100000)
 ParOldGen       total 142848K, used 76900K [0x0000000080000000, 0x0000000088b80000, 0x00000000d5580000)
  object space 142848K, 53% used [0x0000000080000000,0x0000000084b19198,0x0000000088b80000)
 Metaspace       used 70155K, committed 71808K, reserved 1114112K
  class space    used 7134K, committed 7872K, reserved 1048576K
}
Event: 313.059 GC heap after
{Heap after GC invocations=115 (full 4):
 PSYoungGen      total 10752K, used 1472K [0x00000000d5580000, 0x00000000d6280000, 0x0000000100000000)
  eden space 9216K, 0% used [0x00000000d5580000,0x00000000d5580000,0x00000000d5e80000)
  from space 1536K, 95% used [0x00000000d5f80000,0x00000000d60f0000,0x00000000d6100000)
  to   space 1536K, 0% used [0x00000000d6100000,0x00000000d6100000,0x00000000d6280000)
 ParOldGen       total 142848K, used 76900K [0x0000000080000000, 0x0000000088b80000, 0x00000000d5580000)
  object space 142848K, 53% used [0x0000000080000000,0x0000000084b19198,0x0000000088b80000)
 Metaspace       used 70155K, committed 71808K, reserved 1114112K
  class space    used 7134K, committed 7872K, reserved 1048576K
}
Event: 314.577 GC heap before
{Heap before GC invocations=116 (full 4):
 PSYoungGen      total 10752K, used 10688K [0x00000000d5580000, 0x00000000d6280000, 0x0000000100000000)
  eden space 9216K, 100% used [0x00000000d5580000,0x00000000d5e80000,0x00000000d5e80000)
  from space 1536K, 95% used [0x00000000d5f80000,0x00000000d60f0000,0x00000000d6100000)
  to   space 1536K, 0% used [0x00000000d6100000,0x00000000d6100000,0x00000000d6280000)
 ParOldGen       total 142848K, used 76900K [0x0000000080000000, 0x0000000088b80000, 0x00000000d5580000)
  object space 142848K, 53% used [0x0000000080000000,0x0000000084b19198,0x0000000088b80000)
 Metaspace       used 70185K, committed 71808K, reserved 1114112K
  class space    used 7134K, committed 7872K, reserved 1048576K
}
Event: 314.601 GC heap after
{Heap after GC invocations=116 (full 4):
 PSYoungGen      total 10752K, used 1390K [0x00000000d5580000, 0x00000000d6280000, 0x0000000100000000)
  eden space 9216K, 0% used [0x00000000d5580000,0x00000000d5580000,0x00000000d5e80000)
  from space 1536K, 90% used [0x00000000d6100000,0x00000000d625ba48,0x00000000d6280000)
  to   space 1536K, 0% used [0x00000000d5f80000,0x00000000d5f80000,0x00000000d6100000)
 ParOldGen       total 142848K, used 79034K [0x0000000080000000, 0x0000000088b80000, 0x00000000d5580000)
  object space 142848K, 55% used [0x0000000080000000,0x0000000084d2e8b0,0x0000000088b80000)
 Metaspace       used 70185K, committed 71808K, reserved 1114112K
  class space    used 7134K, committed 7872K, reserved 1048576K
}
Event: 315.308 GC heap before
{Heap before GC invocations=117 (full 4):
 PSYoungGen      total 10752K, used 10606K [0x00000000d5580000, 0x00000000d6280000, 0x0000000100000000)
  eden space 9216K, 100% used [0x00000000d5580000,0x00000000d5e80000,0x00000000d5e80000)
  from space 1536K, 90% used [0x00000000d6100000,0x00000000d625ba48,0x00000000d6280000)
  to   space 1536K, 0% used [0x00000000d5f80000,0x00000000d5f80000,0x00000000d6100000)
 ParOldGen       total 142848K, used 79034K [0x0000000080000000, 0x0000000088b80000, 0x00000000d5580000)
  object space 142848K, 55% used [0x0000000080000000,0x0000000084d2e8b0,0x0000000088b80000)
 Metaspace       used 70203K, committed 71872K, reserved 1114112K
  class space    used 7134K, committed 7872K, reserved 1048576K
}
Event: 315.320 GC heap after
{Heap after GC invocations=117 (full 4):
 PSYoungGen      total 10752K, used 1535K [0x00000000d5580000, 0x00000000d6780000, 0x0000000100000000)
  eden space 9216K, 0% used [0x00000000d5580000,0x00000000d5580000,0x00000000d5e80000)
  from space 1536K, 99% used [0x00000000d5f80000,0x00000000d60ffc78,0x00000000d6100000)
  to   space 4608K, 0% used [0x00000000d6300000,0x00000000d6300000,0x00000000d6780000)
 ParOldGen       total 142848K, used 81349K [0x0000000080000000, 0x0000000088b80000, 0x00000000d5580000)
  object space 142848K, 56% used [0x0000000080000000,0x0000000084f71588,0x0000000088b80000)
 Metaspace       used 70203K, committed 71872K, reserved 1114112K
  class space    used 7134K, committed 7872K, reserved 1048576K
}
Event: 315.916 GC heap before
{Heap before GC invocations=118 (full 4):
 PSYoungGen      total 10752K, used 10751K [0x00000000d5580000, 0x00000000d6780000, 0x0000000100000000)
  eden space 9216K, 100% used [0x00000000d5580000,0x00000000d5e80000,0x00000000d5e80000)
  from space 1536K, 99% used [0x00000000d5f80000,0x00000000d60ffc78,0x00000000d6100000)
  to   space 4608K, 0% used [0x00000000d6300000,0x00000000d6300000,0x00000000d6780000)
 ParOldGen       total 142848K, used 81349K [0x0000000080000000, 0x0000000088b80000, 0x00000000d5580000)
  object space 142848K, 56% used [0x0000000080000000,0x0000000084f71588,0x0000000088b80000)
 Metaspace       used 70223K, committed 71872K, reserved 1114112K
  class space    used 7134K, committed 7872K, reserved 1048576K
}
Event: 315.922 GC heap after
{Heap after GC invocations=118 (full 4):
 PSYoungGen      total 9728K, used 192K [0x00000000d5580000, 0x00000000d6380000, 0x0000000100000000)
  eden space 9216K, 0% used [0x00000000d5580000,0x00000000d5580000,0x00000000d5e80000)
  from space 512K, 37% used [0x00000000d6300000,0x00000000d6330000,0x00000000d6380000)
  to   space 1536K, 0% used [0x00000000d6080000,0x00000000d6080000,0x00000000d6200000)
 ParOldGen       total 142848K, used 81856K [0x0000000080000000, 0x0000000088b80000, 0x00000000d5580000)
  object space 142848K, 57% used [0x0000000080000000,0x0000000084ff02a0,0x0000000088b80000)
 Metaspace       used 70223K, committed 71872K, reserved 1114112K
  class space    used 7134K, committed 7872K, reserved 1048576K
}

