# JRE version: OpenJDK Runtime Environment Temurin-21.0.8+9 (21.0.8+9) (build 21.0.8+9-LTS)
# Java VM: OpenJDK 64-Bit Server VM Temurin-21.0.8+9 (21.0.8+9-LTS, mixed mode, sharing, tiered, compressed oops, compressed class ptrs, parallel gc, windows-amd64)
GC Precious Log:
 CardTable entry size: 512
 CPUs: 12 total, 12 available
 Memory: 7876M
 Large Page Support: Disabled
 NUMA Support: Disabled
 Compressed Oops: Enabled (32-bit)
 Alignments: Space 512K, Generation 512K, Heap 2M
 Heap Min Capacity: 100M
 Heap Initial Capacity: 100M
 Heap Max Capacity: 2G
 Pre-touch: Disabled
 Parallel Workers: 10
Heap:
 PSYoungGen      total 2048K, used 1069K [0x00000000d5580000, 0x00000000d5900000, 0x0000000100000000)
  eden space 1536K, 37% used [0x00000000d5580000,0x00000000d560fb18,0x00000000d5700000)
  from space 512K, 96% used [0x00000000d5780000,0x00000000d57fbb10,0x00000000d5800000)
  to   space 1024K, 0% used [0x00000000d5800000,0x00000000d5800000,0x00000000d5900000)
 ParOldGen       total 790528K, used 790263K [0x0000000080000000, 0x00000000b0400000, 0x00000000d5580000)
  object space 790528K, 99% used [0x0000000080000000,0x00000000b03bdfa0,0x00000000b0400000)
 Metaspace       used 73875K, committed 75584K, reserved 1179648K
  class space    used 7436K, committed 8128K, reserved 1048576K
GC Heap History (20 events):
Event: 70.055 GC heap before
{Heap before GC invocations=1339 (full 3):
 PSYoungGen      total 2048K, used 1984K [0x00000000d5580000, 0x00000000d5880000, 0x0000000100000000)
  eden space 1536K, 100% used [0x00000000d5580000,0x00000000d5700000,0x00000000d5700000)
  from space 512K, 87% used [0x00000000d5780000,0x00000000d57f0000,0x00000000d5800000)
  to   space 512K, 0% used [0x00000000d5800000,0x00000000d5800000,0x00000000d5880000)
 ParOldGen       total 787456K, used 787277K [0x0000000080000000, 0x00000000b0100000, 0x00000000d5580000)
  object space 787456K, 99% used [0x0000000080000000,0x00000000b00d3410,0x00000000b0100000)
 Metaspace       used 73430K, committed 75136K, reserved 1179648K
  class space    used 7409K, committed 8128K, reserved 1048576K
}
Event: 70.058 GC heap after
{Heap after GC invocations=1339 (full 3):
 PSYoungGen      total 2048K, used 416K [0x00000000d5580000, 0x00000000d5880000, 0x0000000100000000)
  eden space 1536K, 0% used [0x00000000d5580000,0x00000000d5580000,0x00000000d5700000)
  from space 512K, 81% used [0x00000000d5800000,0x00000000d5868000,0x00000000d5880000)
  to   space 512K, 0% used [0x00000000d5780000,0x00000000d5780000,0x00000000d5800000)
 ParOldGen       total 787968K, used 787589K [0x0000000080000000, 0x00000000b0180000, 0x00000000d5580000)
  object space 787968K, 99% used [0x0000000080000000,0x00000000b0121430,0x00000000b0180000)
 Metaspace       used 73430K, committed 75136K, reserved 1179648K
  class space    used 7409K, committed 8128K, reserved 1048576K
}
Event: 70.101 GC heap before
{Heap before GC invocations=1340 (full 3):
 PSYoungGen      total 2048K, used 1952K [0x00000000d5580000, 0x00000000d5880000, 0x0000000100000000)
  eden space 1536K, 100% used [0x00000000d5580000,0x00000000d5700000,0x00000000d5700000)
  from space 512K, 81% used [0x00000000d5800000,0x00000000d5868000,0x00000000d5880000)
  to   space 512K, 0% used [0x00000000d5780000,0x00000000d5780000,0x00000000d5800000)
 ParOldGen       total 787968K, used 787589K [0x0000000080000000, 0x00000000b0180000, 0x00000000d5580000)
  object space 787968K, 99% used [0x0000000080000000,0x00000000b0121430,0x00000000b0180000)
 Metaspace       used 73459K, committed 75136K, reserved 1179648K
  class space    used 7409K, committed 8128K, reserved 1048576K
}
Event: 70.105 GC heap after
{Heap after GC invocations=1340 (full 3):
 PSYoungGen      total 2048K, used 448K [0x00000000d5580000, 0x00000000d5880000, 0x0000000100000000)
  eden space 1536K, 0% used [0x00000000d5580000,0x00000000d5580000,0x00000000d5700000)
  from space 512K, 87% used [0x00000000d5780000,0x00000000d57f0000,0x00000000d5800000)
  to   space 512K, 0% used [0x00000000d5800000,0x00000000d5800000,0x00000000d5880000)
 ParOldGen       total 787968K, used 787901K [0x0000000080000000, 0x00000000b0180000, 0x00000000d5580000)
  object space 787968K, 99% used [0x0000000080000000,0x00000000b016f450,0x00000000b0180000)
 Metaspace       used 73459K, committed 75136K, reserved 1179648K
  class space    used 7409K, committed 8128K, reserved 1048576K
}
Event: 70.141 GC heap before
{Heap before GC invocations=1341 (full 3):
 PSYoungGen      total 2048K, used 1984K [0x00000000d5580000, 0x00000000d5880000, 0x0000000100000000)
  eden space 1536K, 100% used [0x00000000d5580000,0x00000000d5700000,0x00000000d5700000)
  from space 512K, 87% used [0x00000000d5780000,0x00000000d57f0000,0x00000000d5800000)
  to   space 512K, 0% used [0x00000000d5800000,0x00000000d5800000,0x00000000d5880000)
 ParOldGen       total 787968K, used 787901K [0x0000000080000000, 0x00000000b0180000, 0x00000000d5580000)
  object space 787968K, 99% used [0x0000000080000000,0x00000000b016f450,0x00000000b0180000)
 Metaspace       used 73475K, committed 75136K, reserved 1179648K
  class space    used 7409K, committed 8128K, reserved 1048576K
}
Event: 70.144 GC heap after
{Heap after GC invocations=1341 (full 3):
 PSYoungGen      total 2048K, used 480K [0x00000000d5580000, 0x00000000d5900000, 0x0000000100000000)
  eden space 1536K, 0% used [0x00000000d5580000,0x00000000d5580000,0x00000000d5700000)
  from space 512K, 93% used [0x00000000d5800000,0x00000000d5878010,0x00000000d5880000)
  to   space 1024K, 0% used [0x00000000d5700000,0x00000000d5700000,0x00000000d5800000)
 ParOldGen       total 788480K, used 788213K [0x0000000080000000, 0x00000000b0200000, 0x00000000d5580000)
  object space 788480K, 99% used [0x0000000080000000,0x00000000b01bd470,0x00000000b0200000)
 Metaspace       used 73475K, committed 75136K, reserved 1179648K
  class space    used 7409K, committed 8128K, reserved 1048576K
}
Event: 70.183 GC heap before
{Heap before GC invocations=1342 (full 3):
 PSYoungGen      total 2048K, used 2016K [0x00000000d5580000, 0x00000000d5900000, 0x0000000100000000)
  eden space 1536K, 100% used [0x00000000d5580000,0x00000000d5700000,0x00000000d5700000)
  from space 512K, 93% used [0x00000000d5800000,0x00000000d5878010,0x00000000d5880000)
  to   space 1024K, 0% used [0x00000000d5700000,0x00000000d5700000,0x00000000d5800000)
 ParOldGen       total 788480K, used 788213K [0x0000000080000000, 0x00000000b0200000, 0x00000000d5580000)
  object space 788480K, 99% used [0x0000000080000000,0x00000000b01bd470,0x00000000b0200000)
 Metaspace       used 73480K, committed 75136K, reserved 1179648K
  class space    used 7409K, committed 8128K, reserved 1048576K
}
Event: 70.186 GC heap after
{Heap after GC invocations=1342 (full 3):
 PSYoungGen      total 2560K, used 480K [0x00000000d5580000, 0x00000000d5900000, 0x0000000100000000)
  eden space 1536K, 0% used [0x00000000d5580000,0x00000000d5580000,0x00000000d5700000)
  from space 1024K, 46% used [0x00000000d5700000,0x00000000d5778000,0x00000000d5800000)
  to   space 1024K, 0% used [0x00000000d5800000,0x00000000d5800000,0x00000000d5900000)
 ParOldGen       total 788992K, used 788589K [0x0000000080000000, 0x00000000b0280000, 0x00000000d5580000)
  object space 788992K, 99% used [0x0000000080000000,0x00000000b021b4a0,0x00000000b0280000)
 Metaspace       used 73480K, committed 75136K, reserved 1179648K
  class space    used 7409K, committed 8128K, reserved 1048576K
}
Event: 70.207 GC heap before
{Heap before GC invocations=1343 (full 3):
 PSYoungGen      total 2560K, used 2016K [0x00000000d5580000, 0x00000000d5900000, 0x0000000100000000)
  eden space 1536K, 100% used [0x00000000d5580000,0x00000000d5700000,0x00000000d5700000)
  from space 1024K, 46% used [0x00000000d5700000,0x00000000d5778000,0x00000000d5800000)
  to   space 1024K, 0% used [0x00000000d5800000,0x00000000d5800000,0x00000000d5900000)
 ParOldGen       total 788992K, used 788589K [0x0000000080000000, 0x00000000b0280000, 0x00000000d5580000)
  object space 788992K, 99% used [0x0000000080000000,0x00000000b021b4a0,0x00000000b0280000)
 Metaspace       used 73480K, committed 75136K, reserved 1179648K
  class space    used 7409K, committed 8128K, reserved 1048576K
}
Event: 70.209 GC heap after
{Heap after GC invocations=1343 (full 3):
 PSYoungGen      total 2048K, used 352K [0x00000000d5580000, 0x00000000d5880000, 0x0000000100000000)
  eden space 1536K, 0% used [0x00000000d5580000,0x00000000d5580000,0x00000000d5700000)
  from space 512K, 68% used [0x00000000d5800000,0x00000000d5858000,0x00000000d5880000)
  to   space 512K, 0% used [0x00000000d5780000,0x00000000d5780000,0x00000000d5800000)
 ParOldGen       total 788992K, used 788933K [0x0000000080000000, 0x00000000b0280000, 0x00000000d5580000)
  object space 788992K, 99% used [0x0000000080000000,0x00000000b02714a0,0x00000000b0280000)
 Metaspace       used 73480K, committed 75136K, reserved 1179648K
  class space    used 7409K, committed 8128K, reserved 1048576K
}
Event: 70.243 GC heap before
{Heap before GC invocations=1344 (full 3):
 PSYoungGen      total 2048K, used 1888K [0x00000000d5580000, 0x00000000d5880000, 0x0000000100000000)
  eden space 1536K, 100% used [0x00000000d5580000,0x00000000d5700000,0x00000000d5700000)
  from space 512K, 68% used [0x00000000d5800000,0x00000000d5858000,0x00000000d5880000)
  to   space 512K, 0% used [0x00000000d5780000,0x00000000d5780000,0x00000000d5800000)
 ParOldGen       total 788992K, used 788933K [0x0000000080000000, 0x00000000b0280000, 0x00000000d5580000)
  object space 788992K, 99% used [0x0000000080000000,0x00000000b02714a0,0x00000000b0280000)
 Metaspace       used 73527K, committed 75200K, reserved 1179648K
  class space    used 7409K, committed 8128K, reserved 1048576K
}
Event: 70.246 GC heap after
{Heap after GC invocations=1344 (full 3):
 PSYoungGen      total 2048K, used 480K [0x00000000d5580000, 0x00000000d5880000, 0x0000000100000000)
  eden space 1536K, 0% used [0x00000000d5580000,0x00000000d5580000,0x00000000d5700000)
  from space 512K, 93% used [0x00000000d5780000,0x00000000d57f8000,0x00000000d5800000)
  to   space 512K, 0% used [0x00000000d5800000,0x00000000d5800000,0x00000000d5880000)
 ParOldGen       total 789504K, used 789133K [0x0000000080000000, 0x00000000b0300000, 0x00000000d5580000)
  object space 789504K, 99% used [0x0000000080000000,0x00000000b02a34c0,0x00000000b0300000)
 Metaspace       used 73527K, committed 75200K, reserved 1179648K
  class space    used 7409K, committed 8128K, reserved 1048576K
}
Event: 70.273 GC heap before
{Heap before GC invocations=1345 (full 3):
 PSYoungGen      total 2048K, used 2016K [0x00000000d5580000, 0x00000000d5880000, 0x0000000100000000)
  eden space 1536K, 100% used [0x00000000d5580000,0x00000000d5700000,0x00000000d5700000)
  from space 512K, 93% used [0x00000000d5780000,0x00000000d57f8000,0x00000000d5800000)
  to   space 512K, 0% used [0x00000000d5800000,0x00000000d5800000,0x00000000d5880000)
 ParOldGen       total 789504K, used 789133K [0x0000000080000000, 0x00000000b0300000, 0x00000000d5580000)
  object space 789504K, 99% used [0x0000000080000000,0x00000000b02a34c0,0x00000000b0300000)
 Metaspace       used 73529K, committed 75200K, reserved 1179648K
  class space    used 7409K, committed 8128K, reserved 1048576K
}
Event: 70.276 GC heap after
{Heap after GC invocations=1345 (full 3):
 PSYoungGen      total 2048K, used 480K [0x00000000d5580000, 0x00000000d5880000, 0x0000000100000000)
  eden space 1536K, 0% used [0x00000000d5580000,0x00000000d5580000,0x00000000d5700000)
  from space 512K, 93% used [0x00000000d5800000,0x00000000d5878000,0x00000000d5880000)
  to   space 512K, 0% used [0x00000000d5780000,0x00000000d5780000,0x00000000d5800000)
 ParOldGen       total 789504K, used 789413K [0x0000000080000000, 0x00000000b0300000, 0x00000000d5580000)
  object space 789504K, 99% used [0x0000000080000000,0x00000000b02e94e0,0x00000000b0300000)
 Metaspace       used 73529K, committed 75200K, reserved 1179648K
  class space    used 7409K, committed 8128K, reserved 1048576K
}
Event: 70.342 GC heap before
{Heap before GC invocations=1346 (full 3):
 PSYoungGen      total 2048K, used 2015K [0x00000000d5580000, 0x00000000d5880000, 0x0000000100000000)
  eden space 1536K, 99% used [0x00000000d5580000,0x00000000d56fffc0,0x00000000d5700000)
  from space 512K, 93% used [0x00000000d5800000,0x00000000d5878000,0x00000000d5880000)
  to   space 512K, 0% used [0x00000000d5780000,0x00000000d5780000,0x00000000d5800000)
 ParOldGen       total 789504K, used 789413K [0x0000000080000000, 0x00000000b0300000, 0x00000000d5580000)
  object space 789504K, 99% used [0x0000000080000000,0x00000000b02e94e0,0x00000000b0300000)
 Metaspace       used 73552K, committed 75200K, reserved 1179648K
  class space    used 7410K, committed 8128K, reserved 1048576K
}
Event: 70.344 GC heap after
{Heap after GC invocations=1346 (full 3):
 PSYoungGen      total 2048K, used 416K [0x00000000d5580000, 0x00000000d5880000, 0x0000000100000000)
  eden space 1536K, 0% used [0x00000000d5580000,0x00000000d5580000,0x00000000d5700000)
  from space 512K, 81% used [0x00000000d5780000,0x00000000d57e8000,0x00000000d5800000)
  to   space 512K, 0% used [0x00000000d5800000,0x00000000d5800000,0x00000000d5880000)
 ParOldGen       total 790016K, used 789677K [0x0000000080000000, 0x00000000b0380000, 0x00000000d5580000)
  object space 790016K, 99% used [0x0000000080000000,0x00000000b032b500,0x00000000b0380000)
 Metaspace       used 73552K, committed 75200K, reserved 1179648K
  class space    used 7410K, committed 8128K, reserved 1048576K
}
Event: 70.368 GC heap before
{Heap before GC invocations=1347 (full 3):
 PSYoungGen      total 2048K, used 1945K [0x00000000d5580000, 0x00000000d5880000, 0x0000000100000000)
  eden space 1536K, 99% used [0x00000000d5580000,0x00000000d56fe5c0,0x00000000d5700000)
  from space 512K, 81% used [0x00000000d5780000,0x00000000d57e8000,0x00000000d5800000)
  to   space 512K, 0% used [0x00000000d5800000,0x00000000d5800000,0x00000000d5880000)
 ParOldGen       total 790016K, used 789677K [0x0000000080000000, 0x00000000b0380000, 0x00000000d5580000)
  object space 790016K, 99% used [0x0000000080000000,0x00000000b032b500,0x00000000b0380000)
 Metaspace       used 73673K, committed 75328K, reserved 1179648K
  class space    used 7416K, committed 8128K, reserved 1048576K
}
Event: 70.371 GC heap after
{Heap after GC invocations=1347 (full 3):
 PSYoungGen      total 2048K, used 325K [0x00000000d5580000, 0x00000000d5880000, 0x0000000100000000)
  eden space 1536K, 0% used [0x00000000d5580000,0x00000000d5580000,0x00000000d5700000)
  from space 512K, 63% used [0x00000000d5800000,0x00000000d5851420,0x00000000d5880000)
  to   space 512K, 0% used [0x00000000d5780000,0x00000000d5780000,0x00000000d5800000)
 ParOldGen       total 790016K, used 789881K [0x0000000080000000, 0x00000000b0380000, 0x00000000d5580000)
  object space 790016K, 99% used [0x0000000080000000,0x00000000b035e510,0x00000000b0380000)
 Metaspace       used 73673K, committed 75328K, reserved 1179648K
  class space    used 7416K, committed 8128K, reserved 1048576K
}
Event: 70.408 GC heap before
{Heap before GC invocations=1348 (full 3):
 PSYoungGen      total 2048K, used 1861K [0x00000000d5580000, 0x00000000d5880000, 0x0000000100000000)
  eden space 1536K, 100% used [0x00000000d5580000,0x00000000d5700000,0x00000000d5700000)
  from space 512K, 63% used [0x00000000d5800000,0x00000000d5851420,0x00000000d5880000)
  to   space 512K, 0% used [0x00000000d5780000,0x00000000d5780000,0x00000000d5800000)
 ParOldGen       total 790016K, used 789881K [0x0000000080000000, 0x00000000b0380000, 0x00000000d5580000)
  object space 790016K, 99% used [0x0000000080000000,0x00000000b035e510,0x00000000b0380000)
 Metaspace       used 73864K, committed 75520K, reserved 1179648K
  class space    used 7435K, committed 8128K, reserved 1048576K
}
Event: 70.410 GC heap after
{Heap after GC invocations=1348 (full 3):
 PSYoungGen      total 2048K, used 256K [0x00000000d5580000, 0x00000000d5880000, 0x0000000100000000)
  eden space 1536K, 0% used [0x00000000d5580000,0x00000000d5580000,0x00000000d5700000)
  from space 512K, 50% used [0x00000000d5780000,0x00000000d57c0000,0x00000000d5800000)
  to   space 512K, 0% used [0x00000000d5800000,0x00000000d5800000,0x00000000d5880000)
 ParOldGen       total 790528K, used 790055K [0x0000000080000000, 0x00000000b0400000, 0x00000000d5580000)
  object space 790528K, 99% used [0x0000000080000000,0x00000000b0389f80,0x00000000b0400000)
 Metaspace       used 73864K, committed 75520K, reserved 1179648K
  class space    used 7435K, committed 8128K, reserved 1048576K
}

