# JRE version: OpenJDK Runtime Environment Temurin-21.0.8+9 (21.0.8+9) (build 21.0.8+9-LTS)
# Java VM: OpenJDK 64-Bit Server VM Temurin-21.0.8+9 (21.0.8+9-LTS, mixed mode, sharing, tiered, compressed oops, compressed class ptrs, parallel gc, windows-amd64)
GC Precious Log:
 CardTable entry size: 512
 CPUs: 12 total, 12 available
 Memory: 7876M
 Large Page Support: Disabled
 NUMA Support: Disabled
 Compressed Oops: Enabled (32-bit)
 Alignments: Space 512K, Generation 512K, Heap 2M
 Heap Min Capacity: 100M
 Heap Initial Capacity: 100M
 Heap Max Capacity: 2G
 Pre-touch: Disabled
 Parallel Workers: 10
Heap:
 PSYoungGen      total 22016K, used 18999K [0x00000000d5580000, 0x00000000d6c00000, 0x0000000100000000)
  eden space 20992K, 86% used [0x00000000d5580000,0x00000000d67299c8,0x00000000d6a00000)
  from space 1024K, 89% used [0x00000000d6b00000,0x00000000d6be43e0,0x00000000d6c00000)
  to   space 1024K, 0% used [0x00000000d6a00000,0x00000000d6a00000,0x00000000d6b00000)
 ParOldGen       total 68608K, used 60399K [0x0000000080000000, 0x0000000084300000, 0x00000000d5580000)
  object space 68608K, 88% used [0x0000000080000000,0x0000000083afbe08,0x0000000084300000)
 Metaspace       used 57355K, committed 58816K, reserved 1114112K
  class space    used 6168K, committed 6784K, reserved 1048576K
GC Heap History (20 events):
Event: 61.156 GC heap before
{Heap before GC invocations=43 (full 2):
 PSYoungGen      total 22528K, used 22514K [0x00000000d5580000, 0x00000000d6f00000, 0x0000000100000000)
  eden space 22016K, 100% used [0x00000000d5580000,0x00000000d6b00000,0x00000000d6b00000)
  from space 512K, 97% used [0x00000000d6d00000,0x00000000d6d7ca58,0x00000000d6d80000)
  to   space 2048K, 0% used [0x00000000d6b00000,0x00000000d6b00000,0x00000000d6d00000)
 ParOldGen       total 68608K, used 54009K [0x0000000080000000, 0x0000000084300000, 0x00000000d5580000)
  object space 68608K, 78% used [0x0000000080000000,0x00000000834be7f8,0x0000000084300000)
 Metaspace       used 55943K, committed 57344K, reserved 1114112K
  class space    used 6036K, committed 6656K, reserved 1048576K
}
Event: 61.158 GC heap after
{Heap after GC invocations=43 (full 2):
 PSYoungGen      total 23040K, used 672K [0x00000000d5580000, 0x00000000d6d80000, 0x0000000100000000)
  eden space 22016K, 0% used [0x00000000d5580000,0x00000000d5580000,0x00000000d6b00000)
  from space 1024K, 65% used [0x00000000d6b00000,0x00000000d6ba8000,0x00000000d6c00000)
  to   space 1024K, 0% used [0x00000000d6c80000,0x00000000d6c80000,0x00000000d6d80000)
 ParOldGen       total 68608K, used 54330K [0x0000000080000000, 0x0000000084300000, 0x00000000d5580000)
  object space 68608K, 79% used [0x0000000080000000,0x000000008350e940,0x0000000084300000)
 Metaspace       used 55943K, committed 57344K, reserved 1114112K
  class space    used 6036K, committed 6656K, reserved 1048576K
}
Event: 61.225 GC heap before
{Heap before GC invocations=44 (full 2):
 PSYoungGen      total 23040K, used 22688K [0x00000000d5580000, 0x00000000d6d80000, 0x0000000100000000)
  eden space 22016K, 100% used [0x00000000d5580000,0x00000000d6b00000,0x00000000d6b00000)
  from space 1024K, 65% used [0x00000000d6b00000,0x00000000d6ba8000,0x00000000d6c00000)
  to   space 1024K, 0% used [0x00000000d6c80000,0x00000000d6c80000,0x00000000d6d80000)
 ParOldGen       total 68608K, used 54330K [0x0000000080000000, 0x0000000084300000, 0x00000000d5580000)
  object space 68608K, 79% used [0x0000000080000000,0x000000008350e940,0x0000000084300000)
 Metaspace       used 55944K, committed 57344K, reserved 1114112K
  class space    used 6036K, committed 6656K, reserved 1048576K
}
Event: 61.227 GC heap after
{Heap after GC invocations=44 (full 2):
 PSYoungGen      total 23040K, used 721K [0x00000000d5580000, 0x00000000d6d80000, 0x0000000100000000)
  eden space 22016K, 0% used [0x00000000d5580000,0x00000000d5580000,0x00000000d6b00000)
  from space 1024K, 70% used [0x00000000d6c80000,0x00000000d6d34400,0x00000000d6d80000)
  to   space 1024K, 0% used [0x00000000d6b00000,0x00000000d6b00000,0x00000000d6c00000)
 ParOldGen       total 68608K, used 54810K [0x0000000080000000, 0x0000000084300000, 0x00000000d5580000)
  object space 68608K, 79% used [0x0000000080000000,0x0000000083586940,0x0000000084300000)
 Metaspace       used 55944K, committed 57344K, reserved 1114112K
  class space    used 6036K, committed 6656K, reserved 1048576K
}
Event: 61.266 GC heap before
{Heap before GC invocations=45 (full 2):
 PSYoungGen      total 23040K, used 22737K [0x00000000d5580000, 0x00000000d6d80000, 0x0000000100000000)
  eden space 22016K, 100% used [0x00000000d5580000,0x00000000d6b00000,0x00000000d6b00000)
  from space 1024K, 70% used [0x00000000d6c80000,0x00000000d6d34400,0x00000000d6d80000)
  to   space 1024K, 0% used [0x00000000d6b00000,0x00000000d6b00000,0x00000000d6c00000)
 ParOldGen       total 68608K, used 54810K [0x0000000080000000, 0x0000000084300000, 0x00000000d5580000)
  object space 68608K, 79% used [0x0000000080000000,0x0000000083586940,0x0000000084300000)
 Metaspace       used 55944K, committed 57344K, reserved 1114112K
  class space    used 6036K, committed 6656K, reserved 1048576K
}
Event: 61.268 GC heap after
{Heap after GC invocations=45 (full 2):
 PSYoungGen      total 23040K, used 544K [0x00000000d5580000, 0x00000000d6d00000, 0x0000000100000000)
  eden space 22016K, 0% used [0x00000000d5580000,0x00000000d5580000,0x00000000d6b00000)
  from space 1024K, 53% used [0x00000000d6b00000,0x00000000d6b88000,0x00000000d6c00000)
  to   space 1024K, 0% used [0x00000000d6c00000,0x00000000d6c00000,0x00000000d6d00000)
 ParOldGen       total 68608K, used 55347K [0x0000000080000000, 0x0000000084300000, 0x00000000d5580000)
  object space 68608K, 80% used [0x0000000080000000,0x000000008360cd40,0x0000000084300000)
 Metaspace       used 55944K, committed 57344K, reserved 1114112K
  class space    used 6036K, committed 6656K, reserved 1048576K
}
Event: 61.347 GC heap before
{Heap before GC invocations=46 (full 2):
 PSYoungGen      total 23040K, used 22560K [0x00000000d5580000, 0x00000000d6d00000, 0x0000000100000000)
  eden space 22016K, 100% used [0x00000000d5580000,0x00000000d6b00000,0x00000000d6b00000)
  from space 1024K, 53% used [0x00000000d6b00000,0x00000000d6b88000,0x00000000d6c00000)
  to   space 1024K, 0% used [0x00000000d6c00000,0x00000000d6c00000,0x00000000d6d00000)
 ParOldGen       total 68608K, used 55347K [0x0000000080000000, 0x0000000084300000, 0x00000000d5580000)
  object space 68608K, 80% used [0x0000000080000000,0x000000008360cd40,0x0000000084300000)
 Metaspace       used 55967K, committed 57344K, reserved 1114112K
  class space    used 6036K, committed 6656K, reserved 1048576K
}
Event: 61.348 GC heap after
{Heap after GC invocations=46 (full 2):
 PSYoungGen      total 22016K, used 1021K [0x00000000d5580000, 0x00000000d6f00000, 0x0000000100000000)
  eden space 20992K, 0% used [0x00000000d5580000,0x00000000d5580000,0x00000000d6a00000)
  from space 1024K, 99% used [0x00000000d6c00000,0x00000000d6cff770,0x00000000d6d00000)
  to   space 2048K, 0% used [0x00000000d6a00000,0x00000000d6a00000,0x00000000d6c00000)
 ParOldGen       total 68608K, used 55763K [0x0000000080000000, 0x0000000084300000, 0x00000000d5580000)
  object space 68608K, 81% used [0x0000000080000000,0x0000000083674d40,0x0000000084300000)
 Metaspace       used 55967K, committed 57344K, reserved 1114112K
  class space    used 6036K, committed 6656K, reserved 1048576K
}
Event: 61.448 GC heap before
{Heap before GC invocations=47 (full 2):
 PSYoungGen      total 22016K, used 22013K [0x00000000d5580000, 0x00000000d6f00000, 0x0000000100000000)
  eden space 20992K, 100% used [0x00000000d5580000,0x00000000d6a00000,0x00000000d6a00000)
  from space 1024K, 99% used [0x00000000d6c00000,0x00000000d6cff770,0x00000000d6d00000)
  to   space 2048K, 0% used [0x00000000d6a00000,0x00000000d6a00000,0x00000000d6c00000)
 ParOldGen       total 68608K, used 55763K [0x0000000080000000, 0x0000000084300000, 0x00000000d5580000)
  object space 68608K, 81% used [0x0000000080000000,0x0000000083674d40,0x0000000084300000)
 Metaspace       used 55975K, committed 57344K, reserved 1114112K
  class space    used 6036K, committed 6656K, reserved 1048576K
}
Event: 61.451 GC heap after
{Heap after GC invocations=47 (full 2):
 PSYoungGen      total 22016K, used 812K [0x00000000d5580000, 0x00000000d6d00000, 0x0000000100000000)
  eden space 20992K, 0% used [0x00000000d5580000,0x00000000d5580000,0x00000000d6a00000)
  from space 1024K, 79% used [0x00000000d6a00000,0x00000000d6acb138,0x00000000d6b00000)
  to   space 1536K, 0% used [0x00000000d6b80000,0x00000000d6b80000,0x00000000d6d00000)
 ParOldGen       total 68608K, used 56663K [0x0000000080000000, 0x0000000084300000, 0x00000000d5580000)
  object space 68608K, 82% used [0x0000000080000000,0x0000000083755fe0,0x0000000084300000)
 Metaspace       used 55975K, committed 57344K, reserved 1114112K
  class space    used 6036K, committed 6656K, reserved 1048576K
}
Event: 61.642 GC heap before
{Heap before GC invocations=48 (full 2):
 PSYoungGen      total 22016K, used 21804K [0x00000000d5580000, 0x00000000d6d00000, 0x0000000100000000)
  eden space 20992K, 100% used [0x00000000d5580000,0x00000000d6a00000,0x00000000d6a00000)
  from space 1024K, 79% used [0x00000000d6a00000,0x00000000d6acb138,0x00000000d6b00000)
  to   space 1536K, 0% used [0x00000000d6b80000,0x00000000d6b80000,0x00000000d6d00000)
 ParOldGen       total 68608K, used 56663K [0x0000000080000000, 0x0000000084300000, 0x00000000d5580000)
  object space 68608K, 82% used [0x0000000080000000,0x0000000083755fe0,0x0000000084300000)
 Metaspace       used 55979K, committed 57344K, reserved 1114112K
  class space    used 6036K, committed 6656K, reserved 1048576K
}
Event: 61.645 GC heap after
{Heap after GC invocations=48 (full 2):
 PSYoungGen      total 22016K, used 672K [0x00000000d5580000, 0x00000000d6c80000, 0x0000000100000000)
  eden space 20992K, 0% used [0x00000000d5580000,0x00000000d5580000,0x00000000d6a00000)
  from space 1024K, 65% used [0x00000000d6b80000,0x00000000d6c28000,0x00000000d6c80000)
  to   space 1024K, 0% used [0x00000000d6a00000,0x00000000d6a00000,0x00000000d6b00000)
 ParOldGen       total 68608K, used 57289K [0x0000000080000000, 0x0000000084300000, 0x00000000d5580000)
  object space 68608K, 83% used [0x0000000080000000,0x00000000837f2498,0x0000000084300000)
 Metaspace       used 55979K, committed 57344K, reserved 1114112K
  class space    used 6036K, committed 6656K, reserved 1048576K
}
Event: 62.757 GC heap before
{Heap before GC invocations=49 (full 2):
 PSYoungGen      total 22016K, used 21664K [0x00000000d5580000, 0x00000000d6c80000, 0x0000000100000000)
  eden space 20992K, 100% used [0x00000000d5580000,0x00000000d6a00000,0x00000000d6a00000)
  from space 1024K, 65% used [0x00000000d6b80000,0x00000000d6c28000,0x00000000d6c80000)
  to   space 1024K, 0% used [0x00000000d6a00000,0x00000000d6a00000,0x00000000d6b00000)
 ParOldGen       total 68608K, used 57289K [0x0000000080000000, 0x0000000084300000, 0x00000000d5580000)
  object space 68608K, 83% used [0x0000000080000000,0x00000000837f2498,0x0000000084300000)
 Metaspace       used 55982K, committed 57344K, reserved 1114112K
  class space    used 6036K, committed 6656K, reserved 1048576K
}
Event: 62.760 GC heap after
{Heap after GC invocations=49 (full 2):
 PSYoungGen      total 22016K, used 728K [0x00000000d5580000, 0x00000000d6c00000, 0x0000000100000000)
  eden space 20992K, 0% used [0x00000000d5580000,0x00000000d5580000,0x00000000d6a00000)
  from space 1024K, 71% used [0x00000000d6a00000,0x00000000d6ab6138,0x00000000d6b00000)
  to   space 1024K, 0% used [0x00000000d6b00000,0x00000000d6b00000,0x00000000d6c00000)
 ParOldGen       total 68608K, used 57761K [0x0000000080000000, 0x0000000084300000, 0x00000000d5580000)
  object space 68608K, 84% used [0x0000000080000000,0x0000000083868498,0x0000000084300000)
 Metaspace       used 55982K, committed 57344K, reserved 1114112K
  class space    used 6036K, committed 6656K, reserved 1048576K
}
Event: 62.975 GC heap before
{Heap before GC invocations=50 (full 2):
 PSYoungGen      total 22016K, used 21720K [0x00000000d5580000, 0x00000000d6c00000, 0x0000000100000000)
  eden space 20992K, 100% used [0x00000000d5580000,0x00000000d6a00000,0x00000000d6a00000)
  from space 1024K, 71% used [0x00000000d6a00000,0x00000000d6ab6138,0x00000000d6b00000)
  to   space 1024K, 0% used [0x00000000d6b00000,0x00000000d6b00000,0x00000000d6c00000)
 ParOldGen       total 68608K, used 57761K [0x0000000080000000, 0x0000000084300000, 0x00000000d5580000)
  object space 68608K, 84% used [0x0000000080000000,0x0000000083868498,0x0000000084300000)
 Metaspace       used 55983K, committed 57344K, reserved 1114112K
  class space    used 6036K, committed 6656K, reserved 1048576K
}
Event: 62.978 GC heap after
{Heap after GC invocations=50 (full 2):
 PSYoungGen      total 22016K, used 689K [0x00000000d5580000, 0x00000000d6c00000, 0x0000000100000000)
  eden space 20992K, 0% used [0x00000000d5580000,0x00000000d5580000,0x00000000d6a00000)
  from space 1024K, 67% used [0x00000000d6b00000,0x00000000d6bac730,0x00000000d6c00000)
  to   space 1024K, 0% used [0x00000000d6a00000,0x00000000d6a00000,0x00000000d6b00000)
 ParOldGen       total 68608K, used 58309K [0x0000000080000000, 0x0000000084300000, 0x00000000d5580000)
  object space 68608K, 84% used [0x0000000080000000,0x00000000838f1770,0x0000000084300000)
 Metaspace       used 55983K, committed 57344K, reserved 1114112K
  class space    used 6036K, committed 6656K, reserved 1048576K
}
Event: 63.337 GC heap before
{Heap before GC invocations=51 (full 2):
 PSYoungGen      total 22016K, used 21681K [0x00000000d5580000, 0x00000000d6c00000, 0x0000000100000000)
  eden space 20992K, 100% used [0x00000000d5580000,0x00000000d6a00000,0x00000000d6a00000)
  from space 1024K, 67% used [0x00000000d6b00000,0x00000000d6bac730,0x00000000d6c00000)
  to   space 1024K, 0% used [0x00000000d6a00000,0x00000000d6a00000,0x00000000d6b00000)
 ParOldGen       total 68608K, used 58309K [0x0000000080000000, 0x0000000084300000, 0x00000000d5580000)
  object space 68608K, 84% used [0x0000000080000000,0x00000000838f1770,0x0000000084300000)
 Metaspace       used 56021K, committed 57408K, reserved 1114112K
  class space    used 6036K, committed 6656K, reserved 1048576K
}
Event: 63.341 GC heap after
{Heap after GC invocations=51 (full 2):
 PSYoungGen      total 22016K, used 951K [0x00000000d5580000, 0x00000000d6c00000, 0x0000000100000000)
  eden space 20992K, 0% used [0x00000000d5580000,0x00000000d5580000,0x00000000d6a00000)
  from space 1024K, 92% used [0x00000000d6a00000,0x00000000d6aedc78,0x00000000d6b00000)
  to   space 1024K, 0% used [0x00000000d6b00000,0x00000000d6b00000,0x00000000d6c00000)
 ParOldGen       total 68608K, used 59583K [0x0000000080000000, 0x0000000084300000, 0x00000000d5580000)
  object space 68608K, 86% used [0x0000000080000000,0x0000000083a2fea0,0x0000000084300000)
 Metaspace       used 56021K, committed 57408K, reserved 1114112K
  class space    used 6036K, committed 6656K, reserved 1048576K
}
Event: 63.482 GC heap before
{Heap before GC invocations=52 (full 2):
 PSYoungGen      total 22016K, used 21943K [0x00000000d5580000, 0x00000000d6c00000, 0x0000000100000000)
  eden space 20992K, 100% used [0x00000000d5580000,0x00000000d6a00000,0x00000000d6a00000)
  from space 1024K, 92% used [0x00000000d6a00000,0x00000000d6aedc78,0x00000000d6b00000)
  to   space 1024K, 0% used [0x00000000d6b00000,0x00000000d6b00000,0x00000000d6c00000)
 ParOldGen       total 68608K, used 59583K [0x0000000080000000, 0x0000000084300000, 0x00000000d5580000)
  object space 68608K, 86% used [0x0000000080000000,0x0000000083a2fea0,0x0000000084300000)
 Metaspace       used 56140K, committed 57536K, reserved 1114112K
  class space    used 6044K, committed 6656K, reserved 1048576K
}
Event: 63.484 GC heap after
{Heap after GC invocations=52 (full 2):
 PSYoungGen      total 22016K, used 912K [0x00000000d5580000, 0x00000000d6c00000, 0x0000000100000000)
  eden space 20992K, 0% used [0x00000000d5580000,0x00000000d5580000,0x00000000d6a00000)
  from space 1024K, 89% used [0x00000000d6b00000,0x00000000d6be43e0,0x00000000d6c00000)
  to   space 1024K, 0% used [0x00000000d6a00000,0x00000000d6a00000,0x00000000d6b00000)
 ParOldGen       total 68608K, used 60399K [0x0000000080000000, 0x0000000084300000, 0x00000000d5580000)
  object space 68608K, 88% used [0x0000000080000000,0x0000000083afbe08,0x0000000084300000)
 Metaspace       used 56140K, committed 57536K, reserved 1114112K
  class space    used 6044K, committed 6656K, reserved 1048576K
}

