# JRE version: OpenJDK Runtime Environment Temurin-21.0.8+9 (21.0.8+9) (build 21.0.8+9-LTS)
# Java VM: OpenJDK 64-Bit Server VM Temurin-21.0.8+9 (21.0.8+9-LTS, mixed mode, sharing, tiered, compressed oops, compressed class ptrs, parallel gc, windows-amd64)
GC Precious Log:
 CardTable entry size: 512
 CPUs: 12 total, 12 available
 Memory: 7876M
 Large Page Support: Disabled
 NUMA Support: Disabled
 Compressed Oops: Enabled (32-bit)
 Alignments: Space 512K, Generation 512K, Heap 2M
 Heap Min Capacity: 100M
 Heap Initial Capacity: 100M
 Heap Max Capacity: 2G
 Pre-touch: Disabled
 Parallel Workers: 10
Heap:
 PSYoungGen      total 20480K, used 15830K [0x00000000d5580000, 0x00000000d6d00000, 0x0000000100000000)
  eden space 17920K, 74% used [0x00000000d5580000,0x00000000d629bf50,0x00000000d6700000)
  from space 2560K, 94% used [0x00000000d6a80000,0x00000000d6cd9bc0,0x00000000d6d00000)
  to   space 2560K, 0% used [0x00000000d6800000,0x00000000d6800000,0x00000000d6a80000)
 ParOldGen       total 107008K, used 106819K [0x0000000080000000, 0x0000000086880000, 0x00000000d5580000)
  object space 107008K, 99% used [0x0000000080000000,0x0000000086850db0,0x0000000086880000)
 Metaspace       used 69456K, committed 71104K, reserved 1114112K
  class space    used 7166K, committed 7872K, reserved 1048576K
GC Heap History (20 events):
Event: 86.279 GC heap before
{Heap before GC invocations=72 (full 3):
 PSYoungGen      total 24064K, used 24016K [0x00000000d5580000, 0x00000000d7200000, 0x0000000100000000)
  eden space 21504K, 100% used [0x00000000d5580000,0x00000000d6a80000,0x00000000d6a80000)
  from space 2560K, 98% used [0x00000000d6f80000,0x00000000d71f4030,0x00000000d7200000)
  to   space 3072K, 0% used [0x00000000d6c00000,0x00000000d6c00000,0x00000000d6f00000)
 ParOldGen       total 88576K, used 88124K [0x0000000080000000, 0x0000000085680000, 0x00000000d5580000)
  object space 88576K, 99% used [0x0000000080000000,0x000000008560f318,0x0000000085680000)
 Metaspace       used 65384K, committed 66880K, reserved 1114112K
  class space    used 6859K, committed 7488K, reserved 1048576K
}
Event: 86.286 GC heap after
{Heap after GC invocations=72 (full 3):
 PSYoungGen      total 23040K, used 1312K [0x00000000d5580000, 0x00000000d7000000, 0x0000000100000000)
  eden space 21504K, 0% used [0x00000000d5580000,0x00000000d5580000,0x00000000d6a80000)
  from space 1536K, 85% used [0x00000000d6c00000,0x00000000d6d48000,0x00000000d6d80000)
  to   space 2048K, 0% used [0x00000000d6e00000,0x00000000d6e00000,0x00000000d7000000)
 ParOldGen       total 90112K, used 89890K [0x0000000080000000, 0x0000000085800000, 0x00000000d5580000)
  object space 90112K, 99% used [0x0000000080000000,0x00000000857c8b48,0x0000000085800000)
 Metaspace       used 65384K, committed 66880K, reserved 1114112K
  class space    used 6859K, committed 7488K, reserved 1048576K
}
Event: 87.848 GC heap before
{Heap before GC invocations=73 (full 3):
 PSYoungGen      total 23040K, used 22816K [0x00000000d5580000, 0x00000000d7000000, 0x0000000100000000)
  eden space 21504K, 100% used [0x00000000d5580000,0x00000000d6a80000,0x00000000d6a80000)
  from space 1536K, 85% used [0x00000000d6c00000,0x00000000d6d48000,0x00000000d6d80000)
  to   space 2048K, 0% used [0x00000000d6e00000,0x00000000d6e00000,0x00000000d7000000)
 ParOldGen       total 90112K, used 89890K [0x0000000080000000, 0x0000000085800000, 0x00000000d5580000)
  object space 90112K, 99% used [0x0000000080000000,0x00000000857c8b48,0x0000000085800000)
 Metaspace       used 65497K, committed 67008K, reserved 1114112K
  class space    used 6871K, committed 7488K, reserved 1048576K
}
Event: 87.853 GC heap after
{Heap after GC invocations=73 (full 3):
 PSYoungGen      total 23040K, used 1466K [0x00000000d5580000, 0x00000000d6f80000, 0x0000000100000000)
  eden space 21504K, 0% used [0x00000000d5580000,0x00000000d5580000,0x00000000d6a80000)
  from space 1536K, 95% used [0x00000000d6e00000,0x00000000d6f6ea90,0x00000000d6f80000)
  to   space 1536K, 0% used [0x00000000d6c00000,0x00000000d6c00000,0x00000000d6d80000)
 ParOldGen       total 91136K, used 90930K [0x0000000080000000, 0x0000000085900000, 0x00000000d5580000)
  object space 91136K, 99% used [0x0000000080000000,0x00000000858ccb48,0x0000000085900000)
 Metaspace       used 65497K, committed 67008K, reserved 1114112K
  class space    used 6871K, committed 7488K, reserved 1048576K
}
Event: 89.484 GC heap before
{Heap before GC invocations=74 (full 3):
 PSYoungGen      total 23040K, used 22970K [0x00000000d5580000, 0x00000000d6f80000, 0x0000000100000000)
  eden space 21504K, 100% used [0x00000000d5580000,0x00000000d6a80000,0x00000000d6a80000)
  from space 1536K, 95% used [0x00000000d6e00000,0x00000000d6f6ea90,0x00000000d6f80000)
  to   space 1536K, 0% used [0x00000000d6c00000,0x00000000d6c00000,0x00000000d6d80000)
 ParOldGen       total 91136K, used 90930K [0x0000000080000000, 0x0000000085900000, 0x00000000d5580000)
  object space 91136K, 99% used [0x0000000080000000,0x00000000858ccb48,0x0000000085900000)
 Metaspace       used 66081K, committed 67584K, reserved 1114112K
  class space    used 6935K, committed 7552K, reserved 1048576K
}
Event: 89.489 GC heap after
{Heap after GC invocations=74 (full 3):
 PSYoungGen      total 23040K, used 736K [0x00000000d5580000, 0x00000000d6e80000, 0x0000000100000000)
  eden space 21504K, 0% used [0x00000000d5580000,0x00000000d5580000,0x00000000d6a80000)
  from space 1536K, 47% used [0x00000000d6c00000,0x00000000d6cb8020,0x00000000d6d80000)
  to   space 1024K, 0% used [0x00000000d6d80000,0x00000000d6d80000,0x00000000d6e80000)
 ParOldGen       total 92160K, used 91984K [0x0000000080000000, 0x0000000085a00000, 0x00000000d5580000)
  object space 92160K, 99% used [0x0000000080000000,0x00000000859d4260,0x0000000085a00000)
 Metaspace       used 66081K, committed 67584K, reserved 1114112K
  class space    used 6935K, committed 7552K, reserved 1048576K
}
Event: 90.180 GC heap before
{Heap before GC invocations=75 (full 3):
 PSYoungGen      total 23040K, used 22240K [0x00000000d5580000, 0x00000000d6e80000, 0x0000000100000000)
  eden space 21504K, 100% used [0x00000000d5580000,0x00000000d6a80000,0x00000000d6a80000)
  from space 1536K, 47% used [0x00000000d6c00000,0x00000000d6cb8020,0x00000000d6d80000)
  to   space 1024K, 0% used [0x00000000d6d80000,0x00000000d6d80000,0x00000000d6e80000)
 ParOldGen       total 92160K, used 91984K [0x0000000080000000, 0x0000000085a00000, 0x00000000d5580000)
  object space 92160K, 99% used [0x0000000080000000,0x00000000859d4260,0x0000000085a00000)
 Metaspace       used 66255K, committed 67840K, reserved 1114112K
  class space    used 6951K, committed 7616K, reserved 1048576K
}
Event: 90.185 GC heap after
{Heap after GC invocations=75 (full 3):
 PSYoungGen      total 22528K, used 1022K [0x00000000d5580000, 0x00000000d6e80000, 0x0000000100000000)
  eden space 21504K, 0% used [0x00000000d5580000,0x00000000d5580000,0x00000000d6a80000)
  from space 1024K, 99% used [0x00000000d6d80000,0x00000000d6e7faa0,0x00000000d6e80000)
  to   space 2048K, 0% used [0x00000000d6a80000,0x00000000d6a80000,0x00000000d6c80000)
 ParOldGen       total 92672K, used 92668K [0x0000000080000000, 0x0000000085a80000, 0x00000000d5580000)
  object space 92672K, 99% used [0x0000000080000000,0x0000000085a7f2a0,0x0000000085a80000)
 Metaspace       used 66255K, committed 67840K, reserved 1114112K
  class space    used 6951K, committed 7616K, reserved 1048576K
}
Event: 91.897 GC heap before
{Heap before GC invocations=76 (full 3):
 PSYoungGen      total 22528K, used 22526K [0x00000000d5580000, 0x00000000d6e80000, 0x0000000100000000)
  eden space 21504K, 100% used [0x00000000d5580000,0x00000000d6a80000,0x00000000d6a80000)
  from space 1024K, 99% used [0x00000000d6d80000,0x00000000d6e7faa0,0x00000000d6e80000)
  to   space 2048K, 0% used [0x00000000d6a80000,0x00000000d6a80000,0x00000000d6c80000)
 ParOldGen       total 92672K, used 92668K [0x0000000080000000, 0x0000000085a80000, 0x00000000d5580000)
  object space 92672K, 99% used [0x0000000080000000,0x0000000085a7f2a0,0x0000000085a80000)
 Metaspace       used 66481K, committed 68032K, reserved 1114112K
  class space    used 6980K, committed 7616K, reserved 1048576K
}
Event: 91.900 GC heap after
{Heap after GC invocations=76 (full 3):
 PSYoungGen      total 23552K, used 512K [0x00000000d5580000, 0x00000000d6e00000, 0x0000000100000000)
  eden space 21504K, 0% used [0x00000000d5580000,0x00000000d5580000,0x00000000d6a80000)
  from space 2048K, 25% used [0x00000000d6a80000,0x00000000d6b00000,0x00000000d6c80000)
  to   space 1024K, 0% used [0x00000000d6d00000,0x00000000d6d00000,0x00000000d6e00000)
 ParOldGen       total 93184K, used 93146K [0x0000000080000000, 0x0000000085b00000, 0x00000000d5580000)
  object space 93184K, 99% used [0x0000000080000000,0x0000000085af69e8,0x0000000085b00000)
 Metaspace       used 66481K, committed 68032K, reserved 1114112K
  class space    used 6980K, committed 7616K, reserved 1048576K
}
Event: 93.095 GC heap before
{Heap before GC invocations=77 (full 3):
 PSYoungGen      total 23552K, used 22015K [0x00000000d5580000, 0x00000000d6e00000, 0x0000000100000000)
  eden space 21504K, 99% used [0x00000000d5580000,0x00000000d6a7fe70,0x00000000d6a80000)
  from space 2048K, 25% used [0x00000000d6a80000,0x00000000d6b00000,0x00000000d6c80000)
  to   space 1024K, 0% used [0x00000000d6d00000,0x00000000d6d00000,0x00000000d6e00000)
 ParOldGen       total 93184K, used 93146K [0x0000000080000000, 0x0000000085b00000, 0x00000000d5580000)
  object space 93184K, 99% used [0x0000000080000000,0x0000000085af69e8,0x0000000085b00000)
 Metaspace       used 67170K, committed 68800K, reserved 1114112K
  class space    used 7047K, committed 7680K, reserved 1048576K
}
Event: 93.103 GC heap after
{Heap after GC invocations=77 (full 3):
 PSYoungGen      total 18944K, used 1005K [0x00000000d5580000, 0x00000000d7680000, 0x0000000100000000)
  eden space 17920K, 0% used [0x00000000d5580000,0x00000000d5580000,0x00000000d6700000)
  from space 1024K, 98% used [0x00000000d6d00000,0x00000000d6dfb490,0x00000000d6e00000)
  to   space 6144K, 0% used [0x00000000d6700000,0x00000000d6700000,0x00000000d6d00000)
 ParOldGen       total 97792K, used 97410K [0x0000000080000000, 0x0000000085f80000, 0x00000000d5580000)
  object space 97792K, 99% used [0x0000000080000000,0x0000000085f20aa0,0x0000000085f80000)
 Metaspace       used 67170K, committed 68800K, reserved 1114112K
  class space    used 7047K, committed 7680K, reserved 1048576K
}
Event: 94.040 GC heap before
{Heap before GC invocations=78 (full 3):
 PSYoungGen      total 18944K, used 18925K [0x00000000d5580000, 0x00000000d7680000, 0x0000000100000000)
  eden space 17920K, 100% used [0x00000000d5580000,0x00000000d6700000,0x00000000d6700000)
  from space 1024K, 98% used [0x00000000d6d00000,0x00000000d6dfb490,0x00000000d6e00000)
  to   space 6144K, 0% used [0x00000000d6700000,0x00000000d6700000,0x00000000d6d00000)
 ParOldGen       total 97792K, used 97410K [0x0000000080000000, 0x0000000085f80000, 0x00000000d5580000)
  object space 97792K, 99% used [0x0000000080000000,0x0000000085f20aa0,0x0000000085f80000)
 Metaspace       used 67535K, committed 69184K, reserved 1114112K
  class space    used 7066K, committed 7744K, reserved 1048576K
}
Event: 94.048 GC heap after
{Heap after GC invocations=78 (full 3):
 PSYoungGen      total 22016K, used 3701K [0x00000000d5580000, 0x00000000d7000000, 0x0000000100000000)
  eden space 17920K, 0% used [0x00000000d5580000,0x00000000d5580000,0x00000000d6700000)
  from space 4096K, 90% used [0x00000000d6700000,0x00000000d6a9d678,0x00000000d6b00000)
  to   space 4608K, 0% used [0x00000000d6b80000,0x00000000d6b80000,0x00000000d7000000)
 ParOldGen       total 98816K, used 98433K [0x0000000080000000, 0x0000000086080000, 0x00000000d5580000)
  object space 98816K, 99% used [0x0000000080000000,0x00000000860207e0,0x0000000086080000)
 Metaspace       used 67535K, committed 69184K, reserved 1114112K
  class space    used 7066K, committed 7744K, reserved 1048576K
}
Event: 95.193 GC heap before
{Heap before GC invocations=79 (full 3):
 PSYoungGen      total 22016K, used 21621K [0x00000000d5580000, 0x00000000d7000000, 0x0000000100000000)
  eden space 17920K, 100% used [0x00000000d5580000,0x00000000d6700000,0x00000000d6700000)
  from space 4096K, 90% used [0x00000000d6700000,0x00000000d6a9d678,0x00000000d6b00000)
  to   space 4608K, 0% used [0x00000000d6b80000,0x00000000d6b80000,0x00000000d7000000)
 ParOldGen       total 98816K, used 98433K [0x0000000080000000, 0x0000000086080000, 0x00000000d5580000)
  object space 98816K, 99% used [0x0000000080000000,0x00000000860207e0,0x0000000086080000)
 Metaspace       used 68154K, committed 69824K, reserved 1114112K
  class space    used 7091K, committed 7808K, reserved 1048576K
}
Event: 95.205 GC heap after
{Heap after GC invocations=79 (full 3):
 PSYoungGen      total 20992K, used 2704K [0x00000000d5580000, 0x00000000d6e80000, 0x0000000100000000)
  eden space 17920K, 0% used [0x00000000d5580000,0x00000000d5580000,0x00000000d6700000)
  from space 3072K, 88% used [0x00000000d6b80000,0x00000000d6e24030,0x00000000d6e80000)
  to   space 3584K, 0% used [0x00000000d6780000,0x00000000d6780000,0x00000000d6b00000)
 ParOldGen       total 102400K, used 101959K [0x0000000080000000, 0x0000000086400000, 0x00000000d5580000)
  object space 102400K, 99% used [0x0000000080000000,0x0000000086391cf0,0x0000000086400000)
 Metaspace       used 68154K, committed 69824K, reserved 1114112K
  class space    used 7091K, committed 7808K, reserved 1048576K
}
Event: 96.381 GC heap before
{Heap before GC invocations=80 (full 3):
 PSYoungGen      total 20992K, used 20624K [0x00000000d5580000, 0x00000000d6e80000, 0x0000000100000000)
  eden space 17920K, 100% used [0x00000000d5580000,0x00000000d6700000,0x00000000d6700000)
  from space 3072K, 88% used [0x00000000d6b80000,0x00000000d6e24030,0x00000000d6e80000)
  to   space 3584K, 0% used [0x00000000d6780000,0x00000000d6780000,0x00000000d6b00000)
 ParOldGen       total 102400K, used 101959K [0x0000000080000000, 0x0000000086400000, 0x00000000d5580000)
  object space 102400K, 99% used [0x0000000080000000,0x0000000086391cf0,0x0000000086400000)
 Metaspace       used 68566K, committed 70208K, reserved 1114112K
  class space    used 7093K, committed 7808K, reserved 1048576K
}
Event: 96.391 GC heap after
{Heap after GC invocations=80 (full 3):
 PSYoungGen      total 20992K, used 2752K [0x00000000d5580000, 0x00000000d6d00000, 0x0000000100000000)
  eden space 17920K, 0% used [0x00000000d5580000,0x00000000d5580000,0x00000000d6700000)
  from space 3072K, 89% used [0x00000000d6780000,0x00000000d6a30010,0x00000000d6a80000)
  to   space 2560K, 0% used [0x00000000d6a80000,0x00000000d6a80000,0x00000000d6d00000)
 ParOldGen       total 104448K, used 104306K [0x0000000080000000, 0x0000000086600000, 0x00000000d5580000)
  object space 104448K, 99% used [0x0000000080000000,0x00000000865dc8c0,0x0000000086600000)
 Metaspace       used 68566K, committed 70208K, reserved 1114112K
  class space    used 7093K, committed 7808K, reserved 1048576K
}
Event: 97.222 GC heap before
{Heap before GC invocations=81 (full 3):
 PSYoungGen      total 20992K, used 20672K [0x00000000d5580000, 0x00000000d6d00000, 0x0000000100000000)
  eden space 17920K, 100% used [0x00000000d5580000,0x00000000d6700000,0x00000000d6700000)
  from space 3072K, 89% used [0x00000000d6780000,0x00000000d6a30010,0x00000000d6a80000)
  to   space 2560K, 0% used [0x00000000d6a80000,0x00000000d6a80000,0x00000000d6d00000)
 ParOldGen       total 104448K, used 104306K [0x0000000080000000, 0x0000000086600000, 0x00000000d5580000)
  object space 104448K, 99% used [0x0000000080000000,0x00000000865dc8c0,0x0000000086600000)
 Metaspace       used 69159K, committed 70784K, reserved 1114112K
  class space    used 7138K, committed 7808K, reserved 1048576K
}
Event: 97.230 GC heap after
{Heap after GC invocations=81 (full 3):
 PSYoungGen      total 20480K, used 2406K [0x00000000d5580000, 0x00000000d6d00000, 0x0000000100000000)
  eden space 17920K, 0% used [0x00000000d5580000,0x00000000d5580000,0x00000000d6700000)
  from space 2560K, 94% used [0x00000000d6a80000,0x00000000d6cd9bc0,0x00000000d6d00000)
  to   space 2560K, 0% used [0x00000000d6800000,0x00000000d6800000,0x00000000d6a80000)
 ParOldGen       total 107008K, used 106819K [0x0000000080000000, 0x0000000086880000, 0x00000000d5580000)
  object space 107008K, 99% used [0x0000000080000000,0x0000000086850db0,0x0000000086880000)
 Metaspace       used 69159K, committed 70784K, reserved 1114112K
  class space    used 7138K, committed 7808K, reserved 1048576K
}

