# JRE version: OpenJDK Runtime Environment Temurin-21.0.8+9 (21.0.8+9) (build 21.0.8+9-LTS)
# Java VM: OpenJDK 64-Bit Server VM Temurin-21.0.8+9 (21.0.8+9-LTS, mixed mode, sharing, tiered, compressed oops, compressed class ptrs, parallel gc, windows-amd64)
GC Precious Log:
 CardTable entry size: 512
 CPUs: 12 total, 12 available
 Memory: 7876M
 Large Page Support: Disabled
 NUMA Support: Disabled
 Compressed Oops: Enabled (32-bit)
 Alignments: Space 512K, Generation 512K, Heap 2M
 Heap Min Capacity: 100M
 Heap Initial Capacity: 100M
 Heap Max Capacity: 2G
 Pre-touch: Disabled
 Parallel Workers: 10
Heap:
 PSYoungGen      total 23040K, used 12101K [0x00000000d5580000, 0x00000000d7500000, 0x0000000100000000)
  eden space 19968K, 45% used [0x00000000d5580000,0x00000000d5e53748,0x00000000d6900000)
  from space 3072K, 99% used [0x00000000d6a80000,0x00000000d6d7de00,0x00000000d6d80000)
  to   space 6144K, 0% used [0x00000000d6f00000,0x00000000d6f00000,0x00000000d7500000)
 ParOldGen       total 68608K, used 68320K [0x0000000080000000, 0x0000000084300000, 0x00000000d5580000)
  object space 68608K, 99% used [0x0000000080000000,0x00000000842b8010,0x0000000084300000)
 Metaspace       used 58239K, committed 59520K, reserved 1114112K
  class space    used 6090K, committed 6656K, reserved 1048576K
GC Heap History (20 events):
Event: 22.731 GC heap before
{Heap before GC invocations=26 (full 2):
 PSYoungGen      total 22528K, used 22400K [0x00000000d5580000, 0x00000000d7200000, 0x0000000100000000)
  eden space 20480K, 100% used [0x00000000d5580000,0x00000000d6980000,0x00000000d6980000)
  from space 2048K, 93% used [0x00000000d6980000,0x00000000d6b60010,0x00000000d6b80000)
  to   space 4096K, 0% used [0x00000000d6e00000,0x00000000d6e00000,0x00000000d7200000)
 ParOldGen       total 68608K, used 43489K [0x0000000080000000, 0x0000000084300000, 0x00000000d5580000)
  object space 68608K, 63% used [0x0000000080000000,0x0000000082a78700,0x0000000084300000)
 Metaspace       used 45633K, committed 46848K, reserved 1114112K
  class space    used 4928K, committed 5440K, reserved 1048576K
}
Event: 22.738 GC heap after
{Heap after GC invocations=26 (full 2):
 PSYoungGen      total 22528K, used 1880K [0x00000000d5580000, 0x00000000d7000000, 0x0000000100000000)
  eden space 20480K, 0% used [0x00000000d5580000,0x00000000d5580000,0x00000000d6980000)
  from space 2048K, 91% used [0x00000000d6e00000,0x00000000d6fd6200,0x00000000d7000000)
  to   space 2560K, 0% used [0x00000000d6b00000,0x00000000d6b00000,0x00000000d6d80000)
 ParOldGen       total 68608K, used 45265K [0x0000000080000000, 0x0000000084300000, 0x00000000d5580000)
  object space 68608K, 65% used [0x0000000080000000,0x0000000082c34720,0x0000000084300000)
 Metaspace       used 45633K, committed 46848K, reserved 1114112K
  class space    used 4928K, committed 5440K, reserved 1048576K
}
Event: 23.355 GC heap before
{Heap before GC invocations=27 (full 2):
 PSYoungGen      total 22528K, used 22360K [0x00000000d5580000, 0x00000000d7000000, 0x0000000100000000)
  eden space 20480K, 100% used [0x00000000d5580000,0x00000000d6980000,0x00000000d6980000)
  from space 2048K, 91% used [0x00000000d6e00000,0x00000000d6fd6200,0x00000000d7000000)
  to   space 2560K, 0% used [0x00000000d6b00000,0x00000000d6b00000,0x00000000d6d80000)
 ParOldGen       total 68608K, used 45265K [0x0000000080000000, 0x0000000084300000, 0x00000000d5580000)
  object space 68608K, 65% used [0x0000000080000000,0x0000000082c34720,0x0000000084300000)
 Metaspace       used 46203K, committed 47424K, reserved 1114112K
  class space    used 4991K, committed 5504K, reserved 1048576K
}
Event: 23.364 GC heap after
{Heap after GC invocations=27 (full 2):
 PSYoungGen      total 23040K, used 2528K [0x00000000d5580000, 0x00000000d7b80000, 0x0000000100000000)
  eden space 20480K, 0% used [0x00000000d5580000,0x00000000d5580000,0x00000000d6980000)
  from space 2560K, 98% used [0x00000000d6b00000,0x00000000d6d78010,0x00000000d6d80000)
  to   space 9216K, 0% used [0x00000000d7280000,0x00000000d7280000,0x00000000d7b80000)
 ParOldGen       total 68608K, used 50518K [0x0000000080000000, 0x0000000084300000, 0x00000000d5580000)
  object space 68608K, 73% used [0x0000000080000000,0x0000000083155848,0x0000000084300000)
 Metaspace       used 46203K, committed 47424K, reserved 1114112K
  class space    used 4991K, committed 5504K, reserved 1048576K
}
Event: 24.213 GC heap before
{Heap before GC invocations=28 (full 2):
 PSYoungGen      total 23040K, used 23008K [0x00000000d5580000, 0x00000000d7b80000, 0x0000000100000000)
  eden space 20480K, 100% used [0x00000000d5580000,0x00000000d6980000,0x00000000d6980000)
  from space 2560K, 98% used [0x00000000d6b00000,0x00000000d6d78010,0x00000000d6d80000)
  to   space 9216K, 0% used [0x00000000d7280000,0x00000000d7280000,0x00000000d7b80000)
 ParOldGen       total 68608K, used 50518K [0x0000000080000000, 0x0000000084300000, 0x00000000d5580000)
  object space 68608K, 73% used [0x0000000080000000,0x0000000083155848,0x0000000084300000)
 Metaspace       used 48697K, committed 49984K, reserved 1114112K
  class space    used 5267K, committed 5824K, reserved 1048576K
}
Event: 24.221 GC heap after
{Heap after GC invocations=28 (full 2):
 PSYoungGen      total 22016K, used 1488K [0x00000000d5580000, 0x00000000d7400000, 0x0000000100000000)
  eden space 20480K, 0% used [0x00000000d5580000,0x00000000d5580000,0x00000000d6980000)
  from space 1536K, 96% used [0x00000000d7280000,0x00000000d73f4020,0x00000000d7400000)
  to   space 4096K, 0% used [0x00000000d6c00000,0x00000000d6c00000,0x00000000d7000000)
 ParOldGen       total 68608K, used 53098K [0x0000000080000000, 0x0000000084300000, 0x00000000d5580000)
  object space 68608K, 77% used [0x0000000080000000,0x00000000833dabb0,0x0000000084300000)
 Metaspace       used 48697K, committed 49984K, reserved 1114112K
  class space    used 5267K, committed 5824K, reserved 1048576K
}
Event: 25.204 GC heap before
{Heap before GC invocations=29 (full 2):
 PSYoungGen      total 22016K, used 21959K [0x00000000d5580000, 0x00000000d7400000, 0x0000000100000000)
  eden space 20480K, 99% used [0x00000000d5580000,0x00000000d697dcd8,0x00000000d6980000)
  from space 1536K, 96% used [0x00000000d7280000,0x00000000d73f4020,0x00000000d7400000)
  to   space 4096K, 0% used [0x00000000d6c00000,0x00000000d6c00000,0x00000000d7000000)
 ParOldGen       total 68608K, used 53098K [0x0000000080000000, 0x0000000084300000, 0x00000000d5580000)
  object space 68608K, 77% used [0x0000000080000000,0x00000000833dabb0,0x0000000084300000)
 Metaspace       used 50172K, committed 51520K, reserved 1114112K
  class space    used 5425K, committed 6016K, reserved 1048576K
}
Event: 25.210 GC heap after
{Heap after GC invocations=29 (full 2):
 PSYoungGen      total 24576K, used 1316K [0x00000000d5580000, 0x00000000d7300000, 0x0000000100000000)
  eden space 20480K, 0% used [0x00000000d5580000,0x00000000d5580000,0x00000000d6980000)
  from space 4096K, 32% used [0x00000000d6c00000,0x00000000d6d493e8,0x00000000d7000000)
  to   space 2048K, 0% used [0x00000000d7100000,0x00000000d7100000,0x00000000d7300000)
 ParOldGen       total 68608K, used 54382K [0x0000000080000000, 0x0000000084300000, 0x00000000d5580000)
  object space 68608K, 79% used [0x0000000080000000,0x000000008351b8b0,0x0000000084300000)
 Metaspace       used 50172K, committed 51520K, reserved 1114112K
  class space    used 5425K, committed 6016K, reserved 1048576K
}
Event: 27.753 GC heap before
{Heap before GC invocations=30 (full 2):
 PSYoungGen      total 24576K, used 21786K [0x00000000d5580000, 0x00000000d7300000, 0x0000000100000000)
  eden space 20480K, 99% used [0x00000000d5580000,0x00000000d697d438,0x00000000d6980000)
  from space 4096K, 32% used [0x00000000d6c00000,0x00000000d6d493e8,0x00000000d7000000)
  to   space 2048K, 0% used [0x00000000d7100000,0x00000000d7100000,0x00000000d7300000)
 ParOldGen       total 68608K, used 54382K [0x0000000080000000, 0x0000000084300000, 0x00000000d5580000)
  object space 68608K, 79% used [0x0000000080000000,0x000000008351b8b0,0x0000000084300000)
 Metaspace       used 51559K, committed 52864K, reserved 1114112K
  class space    used 5623K, committed 6208K, reserved 1048576K
}
Event: 27.759 GC heap after
{Heap after GC invocations=30 (full 2):
 PSYoungGen      total 22016K, used 1055K [0x00000000d5580000, 0x00000000d7280000, 0x0000000100000000)
  eden space 20480K, 0% used [0x00000000d5580000,0x00000000d5580000,0x00000000d6980000)
  from space 1536K, 68% used [0x00000000d7100000,0x00000000d7207ef8,0x00000000d7280000)
  to   space 1536K, 0% used [0x00000000d6f80000,0x00000000d6f80000,0x00000000d7100000)
 ParOldGen       total 68608K, used 55500K [0x0000000080000000, 0x0000000084300000, 0x00000000d5580000)
  object space 68608K, 80% used [0x0000000080000000,0x00000000836331f0,0x0000000084300000)
 Metaspace       used 51559K, committed 52864K, reserved 1114112K
  class space    used 5623K, committed 6208K, reserved 1048576K
}
Event: 31.226 GC heap before
{Heap before GC invocations=31 (full 2):
 PSYoungGen      total 22016K, used 21535K [0x00000000d5580000, 0x00000000d7280000, 0x0000000100000000)
  eden space 20480K, 100% used [0x00000000d5580000,0x00000000d6980000,0x00000000d6980000)
  from space 1536K, 68% used [0x00000000d7100000,0x00000000d7207ef8,0x00000000d7280000)
  to   space 1536K, 0% used [0x00000000d6f80000,0x00000000d6f80000,0x00000000d7100000)
 ParOldGen       total 68608K, used 55500K [0x0000000080000000, 0x0000000084300000, 0x00000000d5580000)
  object space 68608K, 80% used [0x0000000080000000,0x00000000836331f0,0x0000000084300000)
 Metaspace       used 52800K, committed 54144K, reserved 1114112K
  class space    used 5737K, committed 6336K, reserved 1048576K
}
Event: 31.230 GC heap after
{Heap after GC invocations=31 (full 2):
 PSYoungGen      total 22016K, used 1386K [0x00000000d5580000, 0x00000000d7180000, 0x0000000100000000)
  eden space 20480K, 0% used [0x00000000d5580000,0x00000000d5580000,0x00000000d6980000)
  from space 1536K, 90% used [0x00000000d6f80000,0x00000000d70da998,0x00000000d7100000)
  to   space 512K, 0% used [0x00000000d7100000,0x00000000d7100000,0x00000000d7180000)
 ParOldGen       total 68608K, used 56355K [0x0000000080000000, 0x0000000084300000, 0x00000000d5580000)
  object space 68608K, 82% used [0x0000000080000000,0x0000000083708d68,0x0000000084300000)
 Metaspace       used 52800K, committed 54144K, reserved 1114112K
  class space    used 5737K, committed 6336K, reserved 1048576K
}
Event: 32.688 GC heap before
{Heap before GC invocations=32 (full 2):
 PSYoungGen      total 22016K, used 21866K [0x00000000d5580000, 0x00000000d7180000, 0x0000000100000000)
  eden space 20480K, 100% used [0x00000000d5580000,0x00000000d6980000,0x00000000d6980000)
  from space 1536K, 90% used [0x00000000d6f80000,0x00000000d70da998,0x00000000d7100000)
  to   space 512K, 0% used [0x00000000d7100000,0x00000000d7100000,0x00000000d7180000)
 ParOldGen       total 68608K, used 56355K [0x0000000080000000, 0x0000000084300000, 0x00000000d5580000)
  object space 68608K, 82% used [0x0000000080000000,0x0000000083708d68,0x0000000084300000)
 Metaspace       used 53718K, committed 54976K, reserved 1114112K
  class space    used 5778K, committed 6336K, reserved 1048576K
}
Event: 32.696 GC heap after
{Heap after GC invocations=32 (full 2):
 PSYoungGen      total 20480K, used 508K [0x00000000d5580000, 0x00000000d7980000, 0x0000000100000000)
  eden space 19968K, 0% used [0x00000000d5580000,0x00000000d5580000,0x00000000d6900000)
  from space 512K, 99% used [0x00000000d7100000,0x00000000d717f078,0x00000000d7180000)
  to   space 8192K, 0% used [0x00000000d6900000,0x00000000d6900000,0x00000000d7100000)
 ParOldGen       total 68608K, used 62872K [0x0000000080000000, 0x0000000084300000, 0x00000000d5580000)
  object space 68608K, 91% used [0x0000000080000000,0x0000000083d66080,0x0000000084300000)
 Metaspace       used 53718K, committed 54976K, reserved 1114112K
  class space    used 5778K, committed 6336K, reserved 1048576K
}
Event: 35.068 GC heap before
{Heap before GC invocations=33 (full 2):
 PSYoungGen      total 20480K, used 20476K [0x00000000d5580000, 0x00000000d7980000, 0x0000000100000000)
  eden space 19968K, 100% used [0x00000000d5580000,0x00000000d6900000,0x00000000d6900000)
  from space 512K, 99% used [0x00000000d7100000,0x00000000d717f078,0x00000000d7180000)
  to   space 8192K, 0% used [0x00000000d6900000,0x00000000d6900000,0x00000000d7100000)
 ParOldGen       total 68608K, used 62872K [0x0000000080000000, 0x0000000084300000, 0x00000000d5580000)
  object space 68608K, 91% used [0x0000000080000000,0x0000000083d66080,0x0000000084300000)
 Metaspace       used 55145K, committed 56448K, reserved 1114112K
  class space    used 5936K, committed 6528K, reserved 1048576K
}
Event: 35.075 GC heap after
{Heap after GC invocations=33 (full 2):
 PSYoungGen      total 23552K, used 3232K [0x00000000d5580000, 0x00000000d7200000, 0x0000000100000000)
  eden space 19968K, 0% used [0x00000000d5580000,0x00000000d5580000,0x00000000d6900000)
  from space 3584K, 90% used [0x00000000d6900000,0x00000000d6c28050,0x00000000d6c80000)
  to   space 4608K, 0% used [0x00000000d6d80000,0x00000000d6d80000,0x00000000d7200000)
 ParOldGen       total 68608K, used 63393K [0x0000000080000000, 0x0000000084300000, 0x00000000d5580000)
  object space 68608K, 92% used [0x0000000080000000,0x0000000083de8650,0x0000000084300000)
 Metaspace       used 55145K, committed 56448K, reserved 1114112K
  class space    used 5936K, committed 6528K, reserved 1048576K
}
Event: 37.322 GC heap before
{Heap before GC invocations=34 (full 2):
 PSYoungGen      total 23552K, used 23200K [0x00000000d5580000, 0x00000000d7200000, 0x0000000100000000)
  eden space 19968K, 100% used [0x00000000d5580000,0x00000000d6900000,0x00000000d6900000)
  from space 3584K, 90% used [0x00000000d6900000,0x00000000d6c28050,0x00000000d6c80000)
  to   space 4608K, 0% used [0x00000000d6d80000,0x00000000d6d80000,0x00000000d7200000)
 ParOldGen       total 68608K, used 63393K [0x0000000080000000, 0x0000000084300000, 0x00000000d5580000)
  object space 68608K, 92% used [0x0000000080000000,0x0000000083de8650,0x0000000084300000)
 Metaspace       used 56731K, committed 58112K, reserved 1114112K
  class space    used 6011K, committed 6592K, reserved 1048576K
}
Event: 37.330 GC heap after
{Heap after GC invocations=34 (full 2):
 PSYoungGen      total 23040K, used 2624K [0x00000000d5580000, 0x00000000d7080000, 0x0000000100000000)
  eden space 19968K, 0% used [0x00000000d5580000,0x00000000d5580000,0x00000000d6900000)
  from space 3072K, 85% used [0x00000000d6d80000,0x00000000d7010040,0x00000000d7080000)
  to   space 3072K, 0% used [0x00000000d6a80000,0x00000000d6a80000,0x00000000d6d80000)
 ParOldGen       total 68608K, used 65891K [0x0000000080000000, 0x0000000084300000, 0x00000000d5580000)
  object space 68608K, 96% used [0x0000000080000000,0x0000000084058df0,0x0000000084300000)
 Metaspace       used 56731K, committed 58112K, reserved 1114112K
  class space    used 6011K, committed 6592K, reserved 1048576K
}
Event: 39.221 GC heap before
{Heap before GC invocations=35 (full 2):
 PSYoungGen      total 23040K, used 22592K [0x00000000d5580000, 0x00000000d7080000, 0x0000000100000000)
  eden space 19968K, 100% used [0x00000000d5580000,0x00000000d6900000,0x00000000d6900000)
  from space 3072K, 85% used [0x00000000d6d80000,0x00000000d7010040,0x00000000d7080000)
  to   space 3072K, 0% used [0x00000000d6a80000,0x00000000d6a80000,0x00000000d6d80000)
 ParOldGen       total 68608K, used 65891K [0x0000000080000000, 0x0000000084300000, 0x00000000d5580000)
  object space 68608K, 96% used [0x0000000080000000,0x0000000084058df0,0x0000000084300000)
 Metaspace       used 57617K, committed 58880K, reserved 1114112K
  class space    used 6030K, committed 6592K, reserved 1048576K
}
Event: 39.228 GC heap after
{Heap after GC invocations=35 (full 2):
 PSYoungGen      total 23040K, used 3063K [0x00000000d5580000, 0x00000000d7500000, 0x0000000100000000)
  eden space 19968K, 0% used [0x00000000d5580000,0x00000000d5580000,0x00000000d6900000)
  from space 3072K, 99% used [0x00000000d6a80000,0x00000000d6d7de00,0x00000000d6d80000)
  to   space 6144K, 0% used [0x00000000d6f00000,0x00000000d6f00000,0x00000000d7500000)
 ParOldGen       total 68608K, used 68320K [0x0000000080000000, 0x0000000084300000, 0x00000000d5580000)
  object space 68608K, 99% used [0x0000000080000000,0x00000000842b8010,0x0000000084300000)
 Metaspace       used 57617K, committed 58880K, reserved 1114112K
  class space    used 6030K, committed 6592K, reserved 1048576K
}

