# JRE version: OpenJDK Runtime Environment Temurin-21.0.8+9 (21.0.8+9) (build 21.0.8+9-LTS)
# Java VM: OpenJDK 64-Bit Server VM Temurin-21.0.8+9 (21.0.8+9-LTS, mixed mode, sharing, tiered, compressed oops, compressed class ptrs, parallel gc, windows-amd64)
GC Precious Log:
 CardTable entry size: 512
 CPUs: 12 total, 12 available
 Memory: 7876M
 Large Page Support: Disabled
 NUMA Support: Disabled
 Compressed Oops: Enabled (32-bit)
 Alignments: Space 512K, Generation 512K, Heap 2M
 Heap Min Capacity: 100M
 Heap Initial Capacity: 100M
 Heap Max Capacity: 2G
 Pre-touch: Disabled
 Parallel Workers: 10
Heap:
 PSYoungGen      total 11264K, used 3885K [0x00000000d5580000, 0x00000000d6c80000, 0x0000000100000000)
  eden space 10240K, 28% used [0x00000000d5580000,0x00000000d584ce30,0x00000000d5f80000)
  from space 1024K, 99% used [0x00000000d5f80000,0x00000000d607e888,0x00000000d6080000)
  to   space 6656K, 0% used [0x00000000d6600000,0x00000000d6600000,0x00000000d6c80000)
 ParOldGen       total 102400K, used 101935K [0x0000000080000000, 0x0000000086400000, 0x00000000d5580000)
  object space 102400K, 99% used [0x0000000080000000,0x000000008638bc98,0x0000000086400000)
 Metaspace       used 66749K, committed 68352K, reserved 1114112K
  class space    used 7025K, committed 7680K, reserved 1048576K
GC Heap History (20 events):
Event: 85.245 GC heap before
{Heap before GC invocations=89 (full 3):
 PSYoungGen      total 11264K, used 11104K [0x00000000d5580000, 0x00000000d6280000, 0x0000000100000000)
  eden space 10240K, 100% used [0x00000000d5580000,0x00000000d5f80000,0x00000000d5f80000)
  from space 1024K, 84% used [0x00000000d6100000,0x00000000d61d8000,0x00000000d6200000)
  to   space 512K, 0% used [0x00000000d6200000,0x00000000d6200000,0x00000000d6280000)
 ParOldGen       total 94208K, used 94039K [0x0000000080000000, 0x0000000085c00000, 0x00000000d5580000)
  object space 94208K, 99% used [0x0000000080000000,0x0000000085bd5c20,0x0000000085c00000)
 Metaspace       used 64895K, committed 66496K, reserved 1114112K
  class space    used 6837K, committed 7488K, reserved 1048576K
}
Event: 85.250 GC heap after
{Heap after GC invocations=89 (full 3):
 PSYoungGen      total 10752K, used 512K [0x00000000d5580000, 0x00000000d6280000, 0x0000000100000000)
  eden space 10240K, 0% used [0x00000000d5580000,0x00000000d5580000,0x00000000d5f80000)
  from space 512K, 100% used [0x00000000d6200000,0x00000000d6280000,0x00000000d6280000)
  to   space 1536K, 0% used [0x00000000d5f80000,0x00000000d5f80000,0x00000000d6100000)
 ParOldGen       total 95232K, used 94839K [0x0000000080000000, 0x0000000085d00000, 0x00000000d5580000)
  object space 95232K, 99% used [0x0000000080000000,0x0000000085c9dc20,0x0000000085d00000)
 Metaspace       used 64895K, committed 66496K, reserved 1114112K
  class space    used 6837K, committed 7488K, reserved 1048576K
}
Event: 87.602 GC heap before
{Heap before GC invocations=90 (full 3):
 PSYoungGen      total 10752K, used 10752K [0x00000000d5580000, 0x00000000d6280000, 0x0000000100000000)
  eden space 10240K, 100% used [0x00000000d5580000,0x00000000d5f80000,0x00000000d5f80000)
  from space 512K, 100% used [0x00000000d6200000,0x00000000d6280000,0x00000000d6280000)
  to   space 1536K, 0% used [0x00000000d5f80000,0x00000000d5f80000,0x00000000d6100000)
 ParOldGen       total 95232K, used 94839K [0x0000000080000000, 0x0000000085d00000, 0x00000000d5580000)
  object space 95232K, 99% used [0x0000000080000000,0x0000000085c9dc20,0x0000000085d00000)
 Metaspace       used 64991K, committed 66624K, reserved 1114112K
  class space    used 6850K, committed 7552K, reserved 1048576K
}
Event: 87.606 GC heap after
{Heap after GC invocations=90 (full 3):
 PSYoungGen      total 11776K, used 908K [0x00000000d5580000, 0x00000000d6280000, 0x0000000100000000)
  eden space 10240K, 0% used [0x00000000d5580000,0x00000000d5580000,0x00000000d5f80000)
  from space 1536K, 59% used [0x00000000d5f80000,0x00000000d6063158,0x00000000d6100000)
  to   space 1536K, 0% used [0x00000000d6100000,0x00000000d6100000,0x00000000d6280000)
 ParOldGen       total 95744K, used 95311K [0x0000000080000000, 0x0000000085d80000, 0x00000000d5580000)
  object space 95744K, 99% used [0x0000000080000000,0x0000000085d13c20,0x0000000085d80000)
 Metaspace       used 64991K, committed 66624K, reserved 1114112K
  class space    used 6850K, committed 7552K, reserved 1048576K
}
Event: 91.099 GC heap before
{Heap before GC invocations=91 (full 3):
 PSYoungGen      total 11776K, used 11148K [0x00000000d5580000, 0x00000000d6280000, 0x0000000100000000)
  eden space 10240K, 100% used [0x00000000d5580000,0x00000000d5f80000,0x00000000d5f80000)
  from space 1536K, 59% used [0x00000000d5f80000,0x00000000d6063158,0x00000000d6100000)
  to   space 1536K, 0% used [0x00000000d6100000,0x00000000d6100000,0x00000000d6280000)
 ParOldGen       total 95744K, used 95311K [0x0000000080000000, 0x0000000085d80000, 0x00000000d5580000)
  object space 95744K, 99% used [0x0000000080000000,0x0000000085d13c20,0x0000000085d80000)
 Metaspace       used 65136K, committed 66752K, reserved 1114112K
  class space    used 6857K, committed 7552K, reserved 1048576K
}
Event: 91.103 GC heap after
{Heap after GC invocations=91 (full 3):
 PSYoungGen      total 10752K, used 448K [0x00000000d5580000, 0x00000000d6180000, 0x0000000100000000)
  eden space 10240K, 0% used [0x00000000d5580000,0x00000000d5580000,0x00000000d5f80000)
  from space 512K, 87% used [0x00000000d6100000,0x00000000d6170000,0x00000000d6180000)
  to   space 1024K, 0% used [0x00000000d5f80000,0x00000000d5f80000,0x00000000d6080000)
 ParOldGen       total 96256K, used 95831K [0x0000000080000000, 0x0000000085e00000, 0x00000000d5580000)
  object space 96256K, 99% used [0x0000000080000000,0x0000000085d95c40,0x0000000085e00000)
 Metaspace       used 65136K, committed 66752K, reserved 1114112K
  class space    used 6857K, committed 7552K, reserved 1048576K
}
Event: 91.470 GC heap before
{Heap before GC invocations=92 (full 3):
 PSYoungGen      total 10752K, used 10686K [0x00000000d5580000, 0x00000000d6180000, 0x0000000100000000)
  eden space 10240K, 99% used [0x00000000d5580000,0x00000000d5f7fb00,0x00000000d5f80000)
  from space 512K, 87% used [0x00000000d6100000,0x00000000d6170000,0x00000000d6180000)
  to   space 1024K, 0% used [0x00000000d5f80000,0x00000000d5f80000,0x00000000d6080000)
 ParOldGen       total 96256K, used 95831K [0x0000000080000000, 0x0000000085e00000, 0x00000000d5580000)
  object space 96256K, 99% used [0x0000000080000000,0x0000000085d95c40,0x0000000085e00000)
 Metaspace       used 65299K, committed 66880K, reserved 1114112K
  class space    used 6883K, committed 7552K, reserved 1048576K
}
Event: 91.473 GC heap after
{Heap after GC invocations=92 (full 3):
 PSYoungGen      total 11264K, used 512K [0x00000000d5580000, 0x00000000d6180000, 0x0000000100000000)
  eden space 10240K, 0% used [0x00000000d5580000,0x00000000d5580000,0x00000000d5f80000)
  from space 1024K, 50% used [0x00000000d5f80000,0x00000000d6000020,0x00000000d6080000)
  to   space 1024K, 0% used [0x00000000d6080000,0x00000000d6080000,0x00000000d6180000)
 ParOldGen       total 96256K, used 96167K [0x0000000080000000, 0x0000000085e00000, 0x00000000d5580000)
  object space 96256K, 99% used [0x0000000080000000,0x0000000085de9c40,0x0000000085e00000)
 Metaspace       used 65299K, committed 66880K, reserved 1114112K
  class space    used 6883K, committed 7552K, reserved 1048576K
}
Event: 93.494 GC heap before
{Heap before GC invocations=93 (full 3):
 PSYoungGen      total 11264K, used 10752K [0x00000000d5580000, 0x00000000d6180000, 0x0000000100000000)
  eden space 10240K, 100% used [0x00000000d5580000,0x00000000d5f80000,0x00000000d5f80000)
  from space 1024K, 50% used [0x00000000d5f80000,0x00000000d6000020,0x00000000d6080000)
  to   space 1024K, 0% used [0x00000000d6080000,0x00000000d6080000,0x00000000d6180000)
 ParOldGen       total 96256K, used 96167K [0x0000000080000000, 0x0000000085e00000, 0x00000000d5580000)
  object space 96256K, 99% used [0x0000000080000000,0x0000000085de9c40,0x0000000085e00000)
 Metaspace       used 65620K, committed 67136K, reserved 1114112K
  class space    used 6913K, committed 7552K, reserved 1048576K
}
Event: 93.497 GC heap after
{Heap after GC invocations=93 (full 3):
 PSYoungGen      total 10752K, used 448K [0x00000000d5580000, 0x00000000d6100000, 0x0000000100000000)
  eden space 10240K, 0% used [0x00000000d5580000,0x00000000d5580000,0x00000000d5f80000)
  from space 512K, 87% used [0x00000000d6080000,0x00000000d60f0000,0x00000000d6100000)
  to   space 512K, 0% used [0x00000000d6000000,0x00000000d6000000,0x00000000d6080000)
 ParOldGen       total 96768K, used 96439K [0x0000000080000000, 0x0000000085e80000, 0x00000000d5580000)
  object space 96768K, 99% used [0x0000000080000000,0x0000000085e2dc60,0x0000000085e80000)
 Metaspace       used 65620K, committed 67136K, reserved 1114112K
  class space    used 6913K, committed 7552K, reserved 1048576K
}
Event: 93.980 GC heap before
{Heap before GC invocations=94 (full 3):
 PSYoungGen      total 10752K, used 10688K [0x00000000d5580000, 0x00000000d6100000, 0x0000000100000000)
  eden space 10240K, 100% used [0x00000000d5580000,0x00000000d5f80000,0x00000000d5f80000)
  from space 512K, 87% used [0x00000000d6080000,0x00000000d60f0000,0x00000000d6100000)
  to   space 512K, 0% used [0x00000000d6000000,0x00000000d6000000,0x00000000d6080000)
 ParOldGen       total 96768K, used 96439K [0x0000000080000000, 0x0000000085e80000, 0x00000000d5580000)
  object space 96768K, 99% used [0x0000000080000000,0x0000000085e2dc60,0x0000000085e80000)
 Metaspace       used 65813K, committed 67392K, reserved 1114112K
  class space    used 6940K, committed 7616K, reserved 1048576K
}
Event: 93.985 GC heap after
{Heap after GC invocations=94 (full 3):
 PSYoungGen      total 10752K, used 512K [0x00000000d5580000, 0x00000000d6180000, 0x0000000100000000)
  eden space 10240K, 0% used [0x00000000d5580000,0x00000000d5580000,0x00000000d5f80000)
  from space 512K, 100% used [0x00000000d6000000,0x00000000d6080000,0x00000000d6080000)
  to   space 1024K, 0% used [0x00000000d6080000,0x00000000d6080000,0x00000000d6180000)
 ParOldGen       total 96768K, used 96743K [0x0000000080000000, 0x0000000085e80000, 0x00000000d5580000)
  object space 96768K, 99% used [0x0000000080000000,0x0000000085e79c70,0x0000000085e80000)
 Metaspace       used 65813K, committed 67392K, reserved 1114112K
  class space    used 6940K, committed 7616K, reserved 1048576K
}
Event: 94.358 GC heap before
{Heap before GC invocations=95 (full 3):
 PSYoungGen      total 10752K, used 10752K [0x00000000d5580000, 0x00000000d6180000, 0x0000000100000000)
  eden space 10240K, 100% used [0x00000000d5580000,0x00000000d5f80000,0x00000000d5f80000)
  from space 512K, 100% used [0x00000000d6000000,0x00000000d6080000,0x00000000d6080000)
  to   space 1024K, 0% used [0x00000000d6080000,0x00000000d6080000,0x00000000d6180000)
 ParOldGen       total 96768K, used 96743K [0x0000000080000000, 0x0000000085e80000, 0x00000000d5580000)
  object space 96768K, 99% used [0x0000000080000000,0x0000000085e79c70,0x0000000085e80000)
 Metaspace       used 65918K, committed 67584K, reserved 1114112K
  class space    used 6950K, committed 7616K, reserved 1048576K
}
Event: 94.361 GC heap after
{Heap after GC invocations=95 (full 3):
 PSYoungGen      total 11264K, used 384K [0x00000000d5580000, 0x00000000d6180000, 0x0000000100000000)
  eden space 10240K, 0% used [0x00000000d5580000,0x00000000d5580000,0x00000000d5f80000)
  from space 1024K, 37% used [0x00000000d6080000,0x00000000d60e0000,0x00000000d6180000)
  to   space 1024K, 0% used [0x00000000d5f80000,0x00000000d5f80000,0x00000000d6080000)
 ParOldGen       total 97280K, used 97156K [0x0000000080000000, 0x0000000085f00000, 0x00000000d5580000)
  object space 97280K, 99% used [0x0000000080000000,0x0000000085ee1398,0x0000000085f00000)
 Metaspace       used 65918K, committed 67584K, reserved 1114112K
  class space    used 6950K, committed 7616K, reserved 1048576K
}
Event: 95.403 GC heap before
{Heap before GC invocations=96 (full 3):
 PSYoungGen      total 11264K, used 10588K [0x00000000d5580000, 0x00000000d6180000, 0x0000000100000000)
  eden space 10240K, 99% used [0x00000000d5580000,0x00000000d5f77208,0x00000000d5f80000)
  from space 1024K, 37% used [0x00000000d6080000,0x00000000d60e0000,0x00000000d6180000)
  to   space 1024K, 0% used [0x00000000d5f80000,0x00000000d5f80000,0x00000000d6080000)
 ParOldGen       total 97280K, used 97156K [0x0000000080000000, 0x0000000085f00000, 0x00000000d5580000)
  object space 97280K, 99% used [0x0000000080000000,0x0000000085ee1398,0x0000000085f00000)
 Metaspace       used 65982K, committed 67584K, reserved 1114112K
  class space    used 6956K, committed 7616K, reserved 1048576K
}
Event: 95.405 GC heap after
{Heap after GC invocations=96 (full 3):
 PSYoungGen      total 11264K, used 288K [0x00000000d5580000, 0x00000000d6100000, 0x0000000100000000)
  eden space 10240K, 0% used [0x00000000d5580000,0x00000000d5580000,0x00000000d5f80000)
  from space 1024K, 28% used [0x00000000d5f80000,0x00000000d5fc8000,0x00000000d6080000)
  to   space 512K, 0% used [0x00000000d6080000,0x00000000d6080000,0x00000000d6100000)
 ParOldGen       total 97792K, used 97300K [0x0000000080000000, 0x0000000085f80000, 0x00000000d5580000)
  object space 97792K, 99% used [0x0000000080000000,0x0000000085f053a8,0x0000000085f80000)
 Metaspace       used 65982K, committed 67584K, reserved 1114112K
  class space    used 6956K, committed 7616K, reserved 1048576K
}
Event: 99.291 GC heap before
{Heap before GC invocations=97 (full 3):
 PSYoungGen      total 11264K, used 10528K [0x00000000d5580000, 0x00000000d6100000, 0x0000000100000000)
  eden space 10240K, 100% used [0x00000000d5580000,0x00000000d5f80000,0x00000000d5f80000)
  from space 1024K, 28% used [0x00000000d5f80000,0x00000000d5fc8000,0x00000000d6080000)
  to   space 512K, 0% used [0x00000000d6080000,0x00000000d6080000,0x00000000d6100000)
 ParOldGen       total 97792K, used 97300K [0x0000000080000000, 0x0000000085f80000, 0x00000000d5580000)
  object space 97792K, 99% used [0x0000000080000000,0x0000000085f053a8,0x0000000085f80000)
 Metaspace       used 66452K, committed 68096K, reserved 1114112K
  class space    used 7000K, committed 7680K, reserved 1048576K
}
Event: 99.294 GC heap after
{Heap after GC invocations=97 (full 3):
 PSYoungGen      total 10752K, used 480K [0x00000000d5580000, 0x00000000d6180000, 0x0000000100000000)
  eden space 10240K, 0% used [0x00000000d5580000,0x00000000d5580000,0x00000000d5f80000)
  from space 512K, 93% used [0x00000000d6080000,0x00000000d60f8000,0x00000000d6100000)
  to   space 1024K, 0% used [0x00000000d5f80000,0x00000000d5f80000,0x00000000d6080000)
 ParOldGen       total 97792K, used 97396K [0x0000000080000000, 0x0000000085f80000, 0x00000000d5580000)
  object space 97792K, 99% used [0x0000000080000000,0x0000000085f1d3a8,0x0000000085f80000)
 Metaspace       used 66452K, committed 68096K, reserved 1114112K
  class space    used 7000K, committed 7680K, reserved 1048576K
}
Event: 100.220 GC heap before
{Heap before GC invocations=98 (full 3):
 PSYoungGen      total 10752K, used 10720K [0x00000000d5580000, 0x00000000d6180000, 0x0000000100000000)
  eden space 10240K, 100% used [0x00000000d5580000,0x00000000d5f80000,0x00000000d5f80000)
  from space 512K, 93% used [0x00000000d6080000,0x00000000d60f8000,0x00000000d6100000)
  to   space 1024K, 0% used [0x00000000d5f80000,0x00000000d5f80000,0x00000000d6080000)
 ParOldGen       total 97792K, used 97396K [0x0000000080000000, 0x0000000085f80000, 0x00000000d5580000)
  object space 97792K, 99% used [0x0000000080000000,0x0000000085f1d3a8,0x0000000085f80000)
 Metaspace       used 66717K, committed 68352K, reserved 1114112K
  class space    used 7025K, committed 7680K, reserved 1048576K
}
Event: 102.303 GC heap after
{Heap after GC invocations=98 (full 3):
 PSYoungGen      total 11264K, used 1018K [0x00000000d5580000, 0x00000000d6c80000, 0x0000000100000000)
  eden space 10240K, 0% used [0x00000000d5580000,0x00000000d5580000,0x00000000d5f80000)
  from space 1024K, 99% used [0x00000000d5f80000,0x00000000d607e888,0x00000000d6080000)
  to   space 6656K, 0% used [0x00000000d6600000,0x00000000d6600000,0x00000000d6c80000)
 ParOldGen       total 102400K, used 101935K [0x0000000080000000, 0x0000000086400000, 0x00000000d5580000)
  object space 102400K, 99% used [0x0000000080000000,0x000000008638bc98,0x0000000086400000)
 Metaspace       used 66717K, committed 68352K, reserved 1114112K
  class space    used 7025K, committed 7680K, reserved 1048576K
}

