# JRE version: OpenJDK Runtime Environment Temurin-21.0.8+9 (21.0.8+9) (build 21.0.8+9-LTS)
# Java VM: OpenJDK 64-Bit Server VM Temurin-21.0.8+9 (21.0.8+9-LTS, mixed mode, sharing, tiered, compressed oops, compressed class ptrs, parallel gc, windows-amd64)
GC Precious Log:
 CardTable entry size: 512
 CPUs: 12 total, 12 available
 Memory: 7876M
 Large Page Support: Disabled
 NUMA Support: Disabled
 Compressed Oops: Enabled (32-bit)
 Alignments: Space 512K, Generation 512K, Heap 2M
 Heap Min Capacity: 100M
 Heap Initial Capacity: 100M
 Heap Max Capacity: 2G
 Pre-touch: Disabled
 Parallel Workers: 10
Heap:
 PSYoungGen      total 9216K, used 7128K [0x00000000d5580000, 0x00000000d6100000, 0x0000000100000000)
  eden space 7680K, 78% used [0x00000000d5580000,0x00000000d5b6a298,0x00000000d5d00000)
  from space 1536K, 69% used [0x00000000d5d00000,0x00000000d5e0bec0,0x00000000d5e80000)
  to   space 2048K, 0% used [0x00000000d5f00000,0x00000000d5f00000,0x00000000d6100000)
 ParOldGen       total 101376K, used 101256K [0x0000000080000000, 0x0000000086300000, 0x00000000d5580000)
  object space 101376K, 99% used [0x0000000080000000,0x00000000862e2258,0x0000000086300000)
 Metaspace       used 72595K, committed 74176K, reserved 1179648K
  class space    used 7637K, committed 8320K, reserved 1048576K
GC Heap History (20 events):
Event: 99.325 GC heap before
{Heap before GC invocations=83 (full 3):
 PSYoungGen      total 15872K, used 15373K [0x00000000d5580000, 0x00000000d6600000, 0x0000000100000000)
  eden space 14848K, 98% used [0x00000000d5580000,0x00000000d63c3650,0x00000000d6400000)
  from space 1024K, 75% used [0x00000000d6400000,0x00000000d64c0000,0x00000000d6500000)
  to   space 1024K, 0% used [0x00000000d6500000,0x00000000d6500000,0x00000000d6600000)
 ParOldGen       total 87040K, used 86966K [0x0000000080000000, 0x0000000085500000, 0x00000000d5580000)
  object space 87040K, 99% used [0x0000000080000000,0x00000000854ed830,0x0000000085500000)
 Metaspace       used 68307K, committed 69824K, reserved 1114112K
  class space    used 7370K, committed 8000K, reserved 1048576K
}
Event: 99.327 GC heap after
{Heap after GC invocations=83 (full 3):
 PSYoungGen      total 15360K, used 320K [0x00000000d5580000, 0x00000000d6580000, 0x0000000100000000)
  eden space 14848K, 0% used [0x00000000d5580000,0x00000000d5580000,0x00000000d6400000)
  from space 512K, 62% used [0x00000000d6500000,0x00000000d6550000,0x00000000d6580000)
  to   space 512K, 0% used [0x00000000d6480000,0x00000000d6480000,0x00000000d6500000)
 ParOldGen       total 87552K, used 87539K [0x0000000080000000, 0x0000000085580000, 0x00000000d5580000)
  object space 87552K, 99% used [0x0000000080000000,0x000000008557cf68,0x0000000085580000)
 Metaspace       used 68307K, committed 69824K, reserved 1114112K
  class space    used 7370K, committed 8000K, reserved 1048576K
}
Event: 100.753 GC heap before
{Heap before GC invocations=84 (full 3):
 PSYoungGen      total 15360K, used 15168K [0x00000000d5580000, 0x00000000d6580000, 0x0000000100000000)
  eden space 14848K, 100% used [0x00000000d5580000,0x00000000d6400000,0x00000000d6400000)
  from space 512K, 62% used [0x00000000d6500000,0x00000000d6550000,0x00000000d6580000)
  to   space 512K, 0% used [0x00000000d6480000,0x00000000d6480000,0x00000000d6500000)
 ParOldGen       total 87552K, used 87539K [0x0000000080000000, 0x0000000085580000, 0x00000000d5580000)
  object space 87552K, 99% used [0x0000000080000000,0x000000008557cf68,0x0000000085580000)
 Metaspace       used 69104K, committed 70656K, reserved 1114112K
  class space    used 7447K, committed 8064K, reserved 1048576K
}
Event: 100.763 GC heap after
{Heap after GC invocations=84 (full 3):
 PSYoungGen      total 15360K, used 506K [0x00000000d5580000, 0x00000000d6600000, 0x0000000100000000)
  eden space 14848K, 0% used [0x00000000d5580000,0x00000000d5580000,0x00000000d6400000)
  from space 512K, 99% used [0x00000000d6480000,0x00000000d64feba0,0x00000000d6500000)
  to   space 1024K, 0% used [0x00000000d6500000,0x00000000d6500000,0x00000000d6600000)
 ParOldGen       total 88064K, used 87859K [0x0000000080000000, 0x0000000085600000, 0x00000000d5580000)
  object space 88064K, 99% used [0x0000000080000000,0x00000000855ccf98,0x0000000085600000)
 Metaspace       used 69104K, committed 70656K, reserved 1114112K
  class space    used 7447K, committed 8064K, reserved 1048576K
}
Event: 101.960 GC heap before
{Heap before GC invocations=85 (full 3):
 PSYoungGen      total 15360K, used 15354K [0x00000000d5580000, 0x00000000d6600000, 0x0000000100000000)
  eden space 14848K, 100% used [0x00000000d5580000,0x00000000d6400000,0x00000000d6400000)
  from space 512K, 99% used [0x00000000d6480000,0x00000000d64feba0,0x00000000d6500000)
  to   space 1024K, 0% used [0x00000000d6500000,0x00000000d6500000,0x00000000d6600000)
 ParOldGen       total 88064K, used 87859K [0x0000000080000000, 0x0000000085600000, 0x00000000d5580000)
  object space 88064K, 99% used [0x0000000080000000,0x00000000855ccf98,0x0000000085600000)
 Metaspace       used 69479K, committed 70976K, reserved 1114112K
  class space    used 7465K, committed 8128K, reserved 1048576K
}
Event: 101.965 GC heap after
{Heap after GC invocations=85 (full 3):
 PSYoungGen      total 8704K, used 1016K [0x00000000d5580000, 0x00000000d7400000, 0x0000000100000000)
  eden space 7680K, 0% used [0x00000000d5580000,0x00000000d5580000,0x00000000d5d00000)
  from space 1024K, 99% used [0x00000000d6500000,0x00000000d65fe300,0x00000000d6600000)
  to   space 8192K, 0% used [0x00000000d5d00000,0x00000000d5d00000,0x00000000d6500000)
 ParOldGen       total 94208K, used 93765K [0x0000000080000000, 0x0000000085c00000, 0x00000000d5580000)
  object space 94208K, 99% used [0x0000000080000000,0x0000000085b915f0,0x0000000085c00000)
 Metaspace       used 69479K, committed 70976K, reserved 1114112K
  class space    used 7465K, committed 8128K, reserved 1048576K
}
Event: 102.414 GC heap before
{Heap before GC invocations=86 (full 3):
 PSYoungGen      total 8704K, used 8696K [0x00000000d5580000, 0x00000000d7400000, 0x0000000100000000)
  eden space 7680K, 100% used [0x00000000d5580000,0x00000000d5d00000,0x00000000d5d00000)
  from space 1024K, 99% used [0x00000000d6500000,0x00000000d65fe300,0x00000000d6600000)
  to   space 8192K, 0% used [0x00000000d5d00000,0x00000000d5d00000,0x00000000d6500000)
 ParOldGen       total 94208K, used 93765K [0x0000000080000000, 0x0000000085c00000, 0x00000000d5580000)
  object space 94208K, 99% used [0x0000000080000000,0x0000000085b915f0,0x0000000085c00000)
 Metaspace       used 69983K, committed 71552K, reserved 1114112K
  class space    used 7535K, committed 8192K, reserved 1048576K
}
Event: 102.419 GC heap after
{Heap after GC invocations=86 (full 3):
 PSYoungGen      total 9216K, used 1056K [0x00000000d5580000, 0x00000000d6580000, 0x0000000100000000)
  eden space 7680K, 0% used [0x00000000d5580000,0x00000000d5580000,0x00000000d5d00000)
  from space 1536K, 68% used [0x00000000d5d00000,0x00000000d5e08000,0x00000000d5e80000)
  to   space 3584K, 0% used [0x00000000d6200000,0x00000000d6200000,0x00000000d6580000)
 ParOldGen       total 95232K, used 94794K [0x0000000080000000, 0x0000000085d00000, 0x00000000d5580000)
  object space 95232K, 99% used [0x0000000080000000,0x0000000085c929d0,0x0000000085d00000)
 Metaspace       used 69983K, committed 71552K, reserved 1114112K
  class space    used 7535K, committed 8192K, reserved 1048576K
}
Event: 103.056 GC heap before
{Heap before GC invocations=87 (full 3):
 PSYoungGen      total 9216K, used 8736K [0x00000000d5580000, 0x00000000d6580000, 0x0000000100000000)
  eden space 7680K, 100% used [0x00000000d5580000,0x00000000d5d00000,0x00000000d5d00000)
  from space 1536K, 68% used [0x00000000d5d00000,0x00000000d5e08000,0x00000000d5e80000)
  to   space 3584K, 0% used [0x00000000d6200000,0x00000000d6200000,0x00000000d6580000)
 ParOldGen       total 95232K, used 94794K [0x0000000080000000, 0x0000000085d00000, 0x00000000d5580000)
  object space 95232K, 99% used [0x0000000080000000,0x0000000085c929d0,0x0000000085d00000)
 Metaspace       used 70472K, committed 72064K, reserved 1114112K
  class space    used 7556K, committed 8256K, reserved 1048576K
}
Event: 103.061 GC heap after
{Heap after GC invocations=87 (full 3):
 PSYoungGen      total 9216K, used 1376K [0x00000000d5580000, 0x00000000d6380000, 0x0000000100000000)
  eden space 7680K, 0% used [0x00000000d5580000,0x00000000d5580000,0x00000000d5d00000)
  from space 1536K, 89% used [0x00000000d6200000,0x00000000d6358000,0x00000000d6380000)
  to   space 2048K, 0% used [0x00000000d5f80000,0x00000000d5f80000,0x00000000d6180000)
 ParOldGen       total 95744K, used 95679K [0x0000000080000000, 0x0000000085d80000, 0x00000000d5580000)
  object space 95744K, 99% used [0x0000000080000000,0x0000000085d6fd48,0x0000000085d80000)
 Metaspace       used 70472K, committed 72064K, reserved 1114112K
  class space    used 7556K, committed 8256K, reserved 1048576K
}
Event: 103.713 GC heap before
{Heap before GC invocations=88 (full 3):
 PSYoungGen      total 9216K, used 9056K [0x00000000d5580000, 0x00000000d6380000, 0x0000000100000000)
  eden space 7680K, 100% used [0x00000000d5580000,0x00000000d5d00000,0x00000000d5d00000)
  from space 1536K, 89% used [0x00000000d6200000,0x00000000d6358000,0x00000000d6380000)
  to   space 2048K, 0% used [0x00000000d5f80000,0x00000000d5f80000,0x00000000d6180000)
 ParOldGen       total 95744K, used 95679K [0x0000000080000000, 0x0000000085d80000, 0x00000000d5580000)
  object space 95744K, 99% used [0x0000000080000000,0x0000000085d6fd48,0x0000000085d80000)
 Metaspace       used 71100K, committed 72640K, reserved 1114112K
  class space    used 7575K, committed 8256K, reserved 1048576K
}
Event: 103.718 GC heap after
{Heap after GC invocations=88 (full 3):
 PSYoungGen      total 9216K, used 1168K [0x00000000d5580000, 0x00000000d6280000, 0x0000000100000000)
  eden space 7680K, 0% used [0x00000000d5580000,0x00000000d5580000,0x00000000d5d00000)
  from space 1536K, 76% used [0x00000000d5f80000,0x00000000d60a40f8,0x00000000d6100000)
  to   space 1536K, 0% used [0x00000000d6100000,0x00000000d6100000,0x00000000d6280000)
 ParOldGen       total 97280K, used 96843K [0x0000000080000000, 0x0000000085f00000, 0x00000000d5580000)
  object space 97280K, 99% used [0x0000000080000000,0x0000000085e92eb0,0x0000000085f00000)
 Metaspace       used 71100K, committed 72640K, reserved 1114112K
  class space    used 7575K, committed 8256K, reserved 1048576K
}
Event: 104.356 GC heap before
{Heap before GC invocations=89 (full 3):
 PSYoungGen      total 9216K, used 8848K [0x00000000d5580000, 0x00000000d6280000, 0x0000000100000000)
  eden space 7680K, 100% used [0x00000000d5580000,0x00000000d5d00000,0x00000000d5d00000)
  from space 1536K, 76% used [0x00000000d5f80000,0x00000000d60a40f8,0x00000000d6100000)
  to   space 1536K, 0% used [0x00000000d6100000,0x00000000d6100000,0x00000000d6280000)
 ParOldGen       total 97280K, used 96843K [0x0000000080000000, 0x0000000085f00000, 0x00000000d5580000)
  object space 97280K, 99% used [0x0000000080000000,0x0000000085e92eb0,0x0000000085f00000)
 Metaspace       used 71420K, committed 72960K, reserved 1114112K
  class space    used 7584K, committed 8256K, reserved 1048576K
}
Event: 104.361 GC heap after
{Heap after GC invocations=89 (full 3):
 PSYoungGen      total 9216K, used 1488K [0x00000000d5580000, 0x00000000d6280000, 0x0000000100000000)
  eden space 7680K, 0% used [0x00000000d5580000,0x00000000d5580000,0x00000000d5d00000)
  from space 1536K, 96% used [0x00000000d6100000,0x00000000d6274030,0x00000000d6280000)
  to   space 2048K, 0% used [0x00000000d5e80000,0x00000000d5e80000,0x00000000d6080000)
 ParOldGen       total 97792K, used 97785K [0x0000000080000000, 0x0000000085f80000, 0x00000000d5580000)
  object space 97792K, 99% used [0x0000000080000000,0x0000000085f7e618,0x0000000085f80000)
 Metaspace       used 71420K, committed 72960K, reserved 1114112K
  class space    used 7584K, committed 8256K, reserved 1048576K
}
Event: 104.955 GC heap before
{Heap before GC invocations=90 (full 3):
 PSYoungGen      total 9216K, used 9168K [0x00000000d5580000, 0x00000000d6280000, 0x0000000100000000)
  eden space 7680K, 99% used [0x00000000d5580000,0x00000000d5cffff8,0x00000000d5d00000)
  from space 1536K, 96% used [0x00000000d6100000,0x00000000d6274030,0x00000000d6280000)
  to   space 2048K, 0% used [0x00000000d5e80000,0x00000000d5e80000,0x00000000d6080000)
 ParOldGen       total 97792K, used 97785K [0x0000000080000000, 0x0000000085f80000, 0x00000000d5580000)
  object space 97792K, 99% used [0x0000000080000000,0x0000000085f7e618,0x0000000085f80000)
 Metaspace       used 71689K, committed 73216K, reserved 1114112K
  class space    used 7588K, committed 8256K, reserved 1048576K
}
Event: 104.961 GC heap after
{Heap after GC invocations=90 (full 3):
 PSYoungGen      total 8704K, used 1015K [0x00000000d5580000, 0x00000000d6180000, 0x0000000100000000)
  eden space 7680K, 0% used [0x00000000d5580000,0x00000000d5580000,0x00000000d5d00000)
  from space 1024K, 99% used [0x00000000d5e80000,0x00000000d5f7ddd0,0x00000000d5f80000)
  to   space 1536K, 0% used [0x00000000d6000000,0x00000000d6000000,0x00000000d6180000)
 ParOldGen       total 99328K, used 98967K [0x0000000080000000, 0x0000000086100000, 0x00000000d5580000)
  object space 99328K, 99% used [0x0000000080000000,0x00000000860a5d30,0x0000000086100000)
 Metaspace       used 71689K, committed 73216K, reserved 1114112K
  class space    used 7588K, committed 8256K, reserved 1048576K
}
Event: 105.594 GC heap before
{Heap before GC invocations=91 (full 3):
 PSYoungGen      total 8704K, used 8695K [0x00000000d5580000, 0x00000000d6180000, 0x0000000100000000)
  eden space 7680K, 100% used [0x00000000d5580000,0x00000000d5d00000,0x00000000d5d00000)
  from space 1024K, 99% used [0x00000000d5e80000,0x00000000d5f7ddd0,0x00000000d5f80000)
  to   space 1536K, 0% used [0x00000000d6000000,0x00000000d6000000,0x00000000d6180000)
 ParOldGen       total 99328K, used 98967K [0x0000000080000000, 0x0000000086100000, 0x00000000d5580000)
  object space 99328K, 99% used [0x0000000080000000,0x00000000860a5d30,0x0000000086100000)
 Metaspace       used 71977K, committed 73536K, reserved 1179648K
  class space    used 7589K, committed 8256K, reserved 1048576K
}
Event: 105.598 GC heap after
{Heap after GC invocations=91 (full 3):
 PSYoungGen      total 9216K, used 1520K [0x00000000d5580000, 0x00000000d6300000, 0x0000000100000000)
  eden space 7680K, 0% used [0x00000000d5580000,0x00000000d5580000,0x00000000d5d00000)
  from space 1536K, 98% used [0x00000000d6000000,0x00000000d617c020,0x00000000d6180000)
  to   space 3072K, 0% used [0x00000000d5d00000,0x00000000d5d00000,0x00000000d6000000)
 ParOldGen       total 100352K, used 99899K [0x0000000080000000, 0x0000000086200000, 0x00000000d5580000)
  object space 100352K, 99% used [0x0000000080000000,0x000000008618ed90,0x0000000086200000)
 Metaspace       used 71977K, committed 73536K, reserved 1179648K
  class space    used 7589K, committed 8256K, reserved 1048576K
}
Event: 106.329 GC heap before
{Heap before GC invocations=92 (full 3):
 PSYoungGen      total 9216K, used 9170K [0x00000000d5580000, 0x00000000d6300000, 0x0000000100000000)
  eden space 7680K, 99% used [0x00000000d5580000,0x00000000d5cf8940,0x00000000d5d00000)
  from space 1536K, 98% used [0x00000000d6000000,0x00000000d617c020,0x00000000d6180000)
  to   space 3072K, 0% used [0x00000000d5d00000,0x00000000d5d00000,0x00000000d6000000)
 ParOldGen       total 100352K, used 99899K [0x0000000080000000, 0x0000000086200000, 0x00000000d5580000)
  object space 100352K, 99% used [0x0000000080000000,0x000000008618ed90,0x0000000086200000)
 Metaspace       used 72357K, committed 73920K, reserved 1179648K
  class space    used 7621K, committed 8320K, reserved 1048576K
}
Event: 106.336 GC heap after
{Heap after GC invocations=92 (full 3):
 PSYoungGen      total 9216K, used 1071K [0x00000000d5580000, 0x00000000d6100000, 0x0000000100000000)
  eden space 7680K, 0% used [0x00000000d5580000,0x00000000d5580000,0x00000000d5d00000)
  from space 1536K, 69% used [0x00000000d5d00000,0x00000000d5e0bec0,0x00000000d5e80000)
  to   space 2048K, 0% used [0x00000000d5f00000,0x00000000d5f00000,0x00000000d6100000)
 ParOldGen       total 101376K, used 101256K [0x0000000080000000, 0x0000000086300000, 0x00000000d5580000)
  object space 101376K, 99% used [0x0000000080000000,0x00000000862e2258,0x0000000086300000)
 Metaspace       used 72357K, committed 73920K, reserved 1179648K
  class space    used 7621K, committed 8320K, reserved 1048576K
}

