# JRE version: OpenJDK Runtime Environment Temurin-21.0.8+9 (21.0.8+9) (build 21.0.8+9-LTS)
# Java VM: OpenJDK 64-Bit Server VM Temurin-21.0.8+9 (21.0.8+9-LTS, mixed mode, sharing, tiered, compressed oops, compressed class ptrs, parallel gc, windows-amd64)
GC Precious Log:
 CardTable entry size: 512
 CPUs: 12 total, 12 available
 Memory: 7876M
 Large Page Support: Disabled
 NUMA Support: Disabled
 Compressed Oops: Enabled (32-bit)
 Alignments: Space 512K, Generation 512K, Heap 2M
 Heap Min Capacity: 100M
 Heap Initial Capacity: 100M
 Heap Max Capacity: 2G
 Pre-touch: Disabled
 Parallel Workers: 10
Heap:
 PSYoungGen      total 17408K, used 8625K [0x00000000d5580000, 0x00000000d6800000, 0x0000000100000000)
  eden space 15872K, 47% used [0x00000000d5580000,0x00000000d5cdc498,0x00000000d6500000)
  from space 1536K, 70% used [0x00000000d6580000,0x00000000d6690020,0x00000000d6700000)
  to   space 1024K, 0% used [0x00000000d6700000,0x00000000d6700000,0x00000000d6800000)
 ParOldGen       total 77824K, used 77759K [0x0000000080000000, 0x0000000084c00000, 0x00000000d5580000)
  object space 77824K, 99% used [0x0000000080000000,0x0000000084befd68,0x0000000084c00000)
 Metaspace       used 63855K, committed 65344K, reserved 1114112K
  class space    used 6713K, committed 7360K, reserved 1048576K
GC Heap History (20 events):
Event: 57.862 GC heap before
{Heap before GC invocations=63 (full 3):
 PSYoungGen      total 22016K, used 21770K [0x00000000d5580000, 0x00000000d6d00000, 0x0000000100000000)
  eden space 19968K, 100% used [0x00000000d5580000,0x00000000d6900000,0x00000000d6900000)
  from space 2048K, 88% used [0x00000000d6900000,0x00000000d6ac2a28,0x00000000d6b00000)
  to   space 2048K, 0% used [0x00000000d6b00000,0x00000000d6b00000,0x00000000d6d00000)
 ParOldGen       total 69120K, used 64251K [0x0000000080000000, 0x0000000084380000, 0x00000000d5580000)
  object space 69120K, 92% used [0x0000000080000000,0x0000000083ebed80,0x0000000084380000)
 Metaspace       used 61718K, committed 63232K, reserved 1114112K
  class space    used 6542K, committed 7168K, reserved 1048576K
}
Event: 57.870 GC heap after
{Heap after GC invocations=63 (full 3):
 PSYoungGen      total 19456K, used 2047K [0x00000000d5580000, 0x00000000d7200000, 0x0000000100000000)
  eden space 17408K, 0% used [0x00000000d5580000,0x00000000d5580000,0x00000000d6680000)
  from space 2048K, 99% used [0x00000000d6b00000,0x00000000d6cffd48,0x00000000d6d00000)
  to   space 4608K, 0% used [0x00000000d6680000,0x00000000d6680000,0x00000000d6b00000)
 ParOldGen       total 69120K, used 66294K [0x0000000080000000, 0x0000000084380000, 0x00000000d5580000)
  object space 69120K, 95% used [0x0000000080000000,0x00000000840bd8e8,0x0000000084380000)
 Metaspace       used 61718K, committed 63232K, reserved 1114112K
  class space    used 6542K, committed 7168K, reserved 1048576K
}
Event: 59.085 GC heap before
{Heap before GC invocations=64 (full 3):
 PSYoungGen      total 19456K, used 19455K [0x00000000d5580000, 0x00000000d7200000, 0x0000000100000000)
  eden space 17408K, 100% used [0x00000000d5580000,0x00000000d6680000,0x00000000d6680000)
  from space 2048K, 99% used [0x00000000d6b00000,0x00000000d6cffd48,0x00000000d6d00000)
  to   space 4608K, 0% used [0x00000000d6680000,0x00000000d6680000,0x00000000d6b00000)
 ParOldGen       total 69120K, used 66294K [0x0000000080000000, 0x0000000084380000, 0x00000000d5580000)
  object space 69120K, 95% used [0x0000000080000000,0x00000000840bd8e8,0x0000000084380000)
 Metaspace       used 62351K, committed 63872K, reserved 1114112K
  class space    used 6572K, committed 7232K, reserved 1048576K
}
Event: 59.092 GC heap after
{Heap after GC invocations=64 (full 3):
 PSYoungGen      total 18944K, used 1397K [0x00000000d5580000, 0x00000000d6b80000, 0x0000000100000000)
  eden space 17408K, 0% used [0x00000000d5580000,0x00000000d5580000,0x00000000d6680000)
  from space 1536K, 90% used [0x00000000d6680000,0x00000000d67dd658,0x00000000d6800000)
  to   space 2560K, 0% used [0x00000000d6900000,0x00000000d6900000,0x00000000d6b80000)
 ParOldGen       total 69120K, used 68015K [0x0000000080000000, 0x0000000084380000, 0x00000000d5580000)
  object space 69120K, 98% used [0x0000000080000000,0x000000008426bcd0,0x0000000084380000)
 Metaspace       used 62351K, committed 63872K, reserved 1114112K
  class space    used 6572K, committed 7232K, reserved 1048576K
}
Event: 59.637 GC heap before
{Heap before GC invocations=65 (full 3):
 PSYoungGen      total 18944K, used 18805K [0x00000000d5580000, 0x00000000d6b80000, 0x0000000100000000)
  eden space 17408K, 100% used [0x00000000d5580000,0x00000000d6680000,0x00000000d6680000)
  from space 1536K, 90% used [0x00000000d6680000,0x00000000d67dd658,0x00000000d6800000)
  to   space 2560K, 0% used [0x00000000d6900000,0x00000000d6900000,0x00000000d6b80000)
 ParOldGen       total 69120K, used 68015K [0x0000000080000000, 0x0000000084380000, 0x00000000d5580000)
  object space 69120K, 98% used [0x0000000080000000,0x000000008426bcd0,0x0000000084380000)
 Metaspace       used 62581K, committed 64064K, reserved 1114112K
  class space    used 6586K, committed 7232K, reserved 1048576K
}
Event: 59.646 GC heap after
{Heap after GC invocations=65 (full 3):
 PSYoungGen      total 19968K, used 2176K [0x00000000d5580000, 0x00000000d6b80000, 0x0000000100000000)
  eden space 17408K, 0% used [0x00000000d5580000,0x00000000d5580000,0x00000000d6680000)
  from space 2560K, 85% used [0x00000000d6900000,0x00000000d6b20020,0x00000000d6b80000)
  to   space 2560K, 0% used [0x00000000d6680000,0x00000000d6680000,0x00000000d6900000)
 ParOldGen       total 69632K, used 69270K [0x0000000080000000, 0x0000000084400000, 0x00000000d5580000)
  object space 69632K, 99% used [0x0000000080000000,0x00000000843a58d8,0x0000000084400000)
 Metaspace       used 62581K, committed 64064K, reserved 1114112K
  class space    used 6586K, committed 7232K, reserved 1048576K
}
Event: 60.478 GC heap before
{Heap before GC invocations=66 (full 3):
 PSYoungGen      total 19968K, used 19584K [0x00000000d5580000, 0x00000000d6b80000, 0x0000000100000000)
  eden space 17408K, 100% used [0x00000000d5580000,0x00000000d6680000,0x00000000d6680000)
  from space 2560K, 85% used [0x00000000d6900000,0x00000000d6b20020,0x00000000d6b80000)
  to   space 2560K, 0% used [0x00000000d6680000,0x00000000d6680000,0x00000000d6900000)
 ParOldGen       total 69632K, used 69270K [0x0000000080000000, 0x0000000084400000, 0x00000000d5580000)
  object space 69632K, 99% used [0x0000000080000000,0x00000000843a58d8,0x0000000084400000)
 Metaspace       used 62656K, committed 64128K, reserved 1114112K
  class space    used 6586K, committed 7232K, reserved 1048576K
}
Event: 60.486 GC heap after
{Heap after GC invocations=66 (full 3):
 PSYoungGen      total 19456K, used 1728K [0x00000000d5580000, 0x00000000d6a80000, 0x0000000100000000)
  eden space 17408K, 0% used [0x00000000d5580000,0x00000000d5580000,0x00000000d6680000)
  from space 2048K, 84% used [0x00000000d6680000,0x00000000d6830000,0x00000000d6880000)
  to   space 2048K, 0% used [0x00000000d6880000,0x00000000d6880000,0x00000000d6a80000)
 ParOldGen       total 71680K, used 71228K [0x0000000080000000, 0x0000000084600000, 0x00000000d5580000)
  object space 71680K, 99% used [0x0000000080000000,0x000000008458f010,0x0000000084600000)
 Metaspace       used 62656K, committed 64128K, reserved 1114112K
  class space    used 6586K, committed 7232K, reserved 1048576K
}
Event: 61.379 GC heap before
{Heap before GC invocations=67 (full 3):
 PSYoungGen      total 19456K, used 19136K [0x00000000d5580000, 0x00000000d6a80000, 0x0000000100000000)
  eden space 17408K, 100% used [0x00000000d5580000,0x00000000d6680000,0x00000000d6680000)
  from space 2048K, 84% used [0x00000000d6680000,0x00000000d6830000,0x00000000d6880000)
  to   space 2048K, 0% used [0x00000000d6880000,0x00000000d6880000,0x00000000d6a80000)
 ParOldGen       total 71680K, used 71228K [0x0000000080000000, 0x0000000084600000, 0x00000000d5580000)
  object space 71680K, 99% used [0x0000000080000000,0x000000008458f010,0x0000000084600000)
 Metaspace       used 62954K, committed 64448K, reserved 1114112K
  class space    used 6631K, committed 7296K, reserved 1048576K
}
Event: 61.386 GC heap after
{Heap after GC invocations=67 (full 3):
 PSYoungGen      total 18944K, used 1088K [0x00000000d5580000, 0x00000000d6a00000, 0x0000000100000000)
  eden space 17408K, 0% used [0x00000000d5580000,0x00000000d5580000,0x00000000d6680000)
  from space 1536K, 70% used [0x00000000d6880000,0x00000000d6990000,0x00000000d6a00000)
  to   space 1536K, 0% used [0x00000000d6700000,0x00000000d6700000,0x00000000d6880000)
 ParOldGen       total 72704K, used 72657K [0x0000000080000000, 0x0000000084700000, 0x00000000d5580000)
  object space 72704K, 99% used [0x0000000080000000,0x00000000846f4710,0x0000000084700000)
 Metaspace       used 62954K, committed 64448K, reserved 1114112K
  class space    used 6631K, committed 7296K, reserved 1048576K
}
Event: 62.772 GC heap before
{Heap before GC invocations=68 (full 3):
 PSYoungGen      total 18944K, used 18496K [0x00000000d5580000, 0x00000000d6a00000, 0x0000000100000000)
  eden space 17408K, 100% used [0x00000000d5580000,0x00000000d6680000,0x00000000d6680000)
  from space 1536K, 70% used [0x00000000d6880000,0x00000000d6990000,0x00000000d6a00000)
  to   space 1536K, 0% used [0x00000000d6700000,0x00000000d6700000,0x00000000d6880000)
 ParOldGen       total 72704K, used 72657K [0x0000000080000000, 0x0000000084700000, 0x00000000d5580000)
  object space 72704K, 99% used [0x0000000080000000,0x00000000846f4710,0x0000000084700000)
 Metaspace       used 63300K, committed 64768K, reserved 1114112K
  class space    used 6671K, committed 7296K, reserved 1048576K
}
Event: 62.781 GC heap after
{Heap after GC invocations=68 (full 3):
 PSYoungGen      total 18944K, used 1239K [0x00000000d5580000, 0x00000000d6980000, 0x0000000100000000)
  eden space 17408K, 0% used [0x00000000d5580000,0x00000000d5580000,0x00000000d6680000)
  from space 1536K, 80% used [0x00000000d6700000,0x00000000d6835f60,0x00000000d6880000)
  to   space 1024K, 0% used [0x00000000d6880000,0x00000000d6880000,0x00000000d6980000)
 ParOldGen       total 73728K, used 73591K [0x0000000080000000, 0x0000000084800000, 0x00000000d5580000)
  object space 73728K, 99% used [0x0000000080000000,0x00000000847dde10,0x0000000084800000)
 Metaspace       used 63300K, committed 64768K, reserved 1114112K
  class space    used 6671K, committed 7296K, reserved 1048576K
}
Event: 63.095 GC heap before
{Heap before GC invocations=69 (full 3):
 PSYoungGen      total 18944K, used 18647K [0x00000000d5580000, 0x00000000d6980000, 0x0000000100000000)
  eden space 17408K, 100% used [0x00000000d5580000,0x00000000d6680000,0x00000000d6680000)
  from space 1536K, 80% used [0x00000000d6700000,0x00000000d6835f60,0x00000000d6880000)
  to   space 1024K, 0% used [0x00000000d6880000,0x00000000d6880000,0x00000000d6980000)
 ParOldGen       total 73728K, used 73591K [0x0000000080000000, 0x0000000084800000, 0x00000000d5580000)
  object space 73728K, 99% used [0x0000000080000000,0x00000000847dde10,0x0000000084800000)
 Metaspace       used 63612K, committed 65152K, reserved 1114112K
  class space    used 6698K, committed 7360K, reserved 1048576K
}
Event: 63.103 GC heap after
{Heap after GC invocations=69 (full 3):
 PSYoungGen      total 16896K, used 1024K [0x00000000d5580000, 0x00000000d6d80000, 0x0000000100000000)
  eden space 15872K, 0% used [0x00000000d5580000,0x00000000d5580000,0x00000000d6500000)
  from space 1024K, 100% used [0x00000000d6880000,0x00000000d6980000,0x00000000d6980000)
  to   space 3584K, 0% used [0x00000000d6500000,0x00000000d6500000,0x00000000d6880000)
 ParOldGen       total 75776K, used 75381K [0x0000000080000000, 0x0000000084a00000, 0x00000000d5580000)
  object space 75776K, 99% used [0x0000000080000000,0x000000008499d630,0x0000000084a00000)
 Metaspace       used 63612K, committed 65152K, reserved 1114112K
  class space    used 6698K, committed 7360K, reserved 1048576K
}
Event: 63.274 GC heap before
{Heap before GC invocations=70 (full 3):
 PSYoungGen      total 16896K, used 16896K [0x00000000d5580000, 0x00000000d6d80000, 0x0000000100000000)
  eden space 15872K, 100% used [0x00000000d5580000,0x00000000d6500000,0x00000000d6500000)
  from space 1024K, 100% used [0x00000000d6880000,0x00000000d6980000,0x00000000d6980000)
  to   space 3584K, 0% used [0x00000000d6500000,0x00000000d6500000,0x00000000d6880000)
 ParOldGen       total 75776K, used 75381K [0x0000000080000000, 0x0000000084a00000, 0x00000000d5580000)
  object space 75776K, 99% used [0x0000000080000000,0x000000008499d630,0x0000000084a00000)
 Metaspace       used 63644K, committed 65152K, reserved 1114112K
  class space    used 6698K, committed 7360K, reserved 1048576K
}
Event: 63.279 GC heap after
{Heap after GC invocations=70 (full 3):
 PSYoungGen      total 16896K, used 1024K [0x00000000d5580000, 0x00000000d6900000, 0x0000000100000000)
  eden space 15872K, 0% used [0x00000000d5580000,0x00000000d5580000,0x00000000d6500000)
  from space 1024K, 100% used [0x00000000d6500000,0x00000000d6600000,0x00000000d6600000)
  to   space 2048K, 0% used [0x00000000d6700000,0x00000000d6700000,0x00000000d6900000)
 ParOldGen       total 76288K, used 76169K [0x0000000080000000, 0x0000000084a80000, 0x00000000d5580000)
  object space 76288K, 99% used [0x0000000080000000,0x0000000084a62650,0x0000000084a80000)
 Metaspace       used 63644K, committed 65152K, reserved 1114112K
  class space    used 6698K, committed 7360K, reserved 1048576K
}
Event: 63.510 GC heap before
{Heap before GC invocations=71 (full 3):
 PSYoungGen      total 16896K, used 16896K [0x00000000d5580000, 0x00000000d6900000, 0x0000000100000000)
  eden space 15872K, 100% used [0x00000000d5580000,0x00000000d6500000,0x00000000d6500000)
  from space 1024K, 100% used [0x00000000d6500000,0x00000000d6600000,0x00000000d6600000)
  to   space 2048K, 0% used [0x00000000d6700000,0x00000000d6700000,0x00000000d6900000)
 ParOldGen       total 76288K, used 76169K [0x0000000080000000, 0x0000000084a80000, 0x00000000d5580000)
  object space 76288K, 99% used [0x0000000080000000,0x0000000084a62650,0x0000000084a80000)
 Metaspace       used 63668K, committed 65216K, reserved 1114112K
  class space    used 6698K, committed 7360K, reserved 1048576K
}
Event: 63.516 GC heap after
{Heap after GC invocations=71 (full 3):
 PSYoungGen      total 17408K, used 1280K [0x00000000d5580000, 0x00000000d6880000, 0x0000000100000000)
  eden space 15872K, 0% used [0x00000000d5580000,0x00000000d5580000,0x00000000d6500000)
  from space 1536K, 83% used [0x00000000d6700000,0x00000000d6840000,0x00000000d6880000)
  to   space 1536K, 0% used [0x00000000d6580000,0x00000000d6580000,0x00000000d6700000)
 ParOldGen       total 77312K, used 76825K [0x0000000080000000, 0x0000000084b80000, 0x00000000d5580000)
  object space 77312K, 99% used [0x0000000080000000,0x0000000084b06650,0x0000000084b80000)
 Metaspace       used 63668K, committed 65216K, reserved 1114112K
  class space    used 6698K, committed 7360K, reserved 1048576K
}
Event: 65.147 GC heap before
{Heap before GC invocations=72 (full 3):
 PSYoungGen      total 17408K, used 17092K [0x00000000d5580000, 0x00000000d6880000, 0x0000000100000000)
  eden space 15872K, 99% used [0x00000000d5580000,0x00000000d64f13d0,0x00000000d6500000)
  from space 1536K, 83% used [0x00000000d6700000,0x00000000d6840000,0x00000000d6880000)
  to   space 1536K, 0% used [0x00000000d6580000,0x00000000d6580000,0x00000000d6700000)
 ParOldGen       total 77312K, used 76825K [0x0000000080000000, 0x0000000084b80000, 0x00000000d5580000)
  object space 77312K, 99% used [0x0000000080000000,0x0000000084b06650,0x0000000084b80000)
 Metaspace       used 63799K, committed 65280K, reserved 1114112K
  class space    used 6711K, committed 7360K, reserved 1048576K
}
Event: 65.153 GC heap after
{Heap after GC invocations=72 (full 3):
 PSYoungGen      total 17408K, used 1088K [0x00000000d5580000, 0x00000000d6800000, 0x0000000100000000)
  eden space 15872K, 0% used [0x00000000d5580000,0x00000000d5580000,0x00000000d6500000)
  from space 1536K, 70% used [0x00000000d6580000,0x00000000d6690020,0x00000000d6700000)
  to   space 1024K, 0% used [0x00000000d6700000,0x00000000d6700000,0x00000000d6800000)
 ParOldGen       total 77824K, used 77759K [0x0000000080000000, 0x0000000084c00000, 0x00000000d5580000)
  object space 77824K, 99% used [0x0000000080000000,0x0000000084befd68,0x0000000084c00000)
 Metaspace       used 63799K, committed 65280K, reserved 1114112K
  class space    used 6711K, committed 7360K, reserved 1048576K
}

