# JRE version: Java(TM) SE Runtime Environment (21.0.5+9) (build 21.0.5+9-LTS-239)
# Java VM: Java HotSpot(TM) 64-Bit Server VM (21.0.5+9-LTS-239, mixed mode, emulated-client, sharing, tiered, compressed oops, compressed class ptrs, g1 gc, windows-amd64)
GC Precious Log:
 CardTable entry size: 512
 Card Set container configuration: InlinePtr #cards 5 size 8 Array Of Cards #cards 12 size 40 Howl #buckets 4 coarsen threshold 1843 Howl Bitmap #cards 512 size 80 coarsen threshold 460 Card regions per heap region 1 cards per card region 2048
 CPUs: 12 total, 12 available
 Memory: 7876M
 Large Page Support: Disabled
 NUMA Support: Disabled
 Compressed Oops: Enabled (32-bit)
 Heap Region Size: 1M
 Heap Min Capacity: 8M
 Heap Initial Capacity: 124M
 Heap Max Capacity: 1970M
 Pre-touch: Disabled
 Parallel Workers: 10
 Concurrent Workers: 3
 Concurrent Refinement Workers: 10
 Periodic GC: Disabled
Heap:
 garbage-first heap   total 83968K, used 44107K [0x0000000084e00000, 0x0000000100000000)
  region size 1024K, 5 young (5120K), 5 survivors (5120K)
 Metaspace       used 64525K, committed 65216K, reserved 1114112K
  class space    used 9408K, committed 9728K, reserved 1048576K
GC Heap History (20 events):
Event: 7.492 GC heap after
{Heap after GC invocations=9 (full 0):
 garbage-first heap   total 69632K, used 24713K [0x0000000084e00000, 0x0000000100000000)
  region size 1024K, 5 young (5120K), 5 survivors (5120K)
 Metaspace       used 41604K, committed 42176K, reserved 1114112K
  class space    used 5781K, committed 6016K, reserved 1048576K
}
Event: 8.258 GC heap before
{Heap before GC invocations=9 (full 0):
 garbage-first heap   total 69632K, used 58505K [0x0000000084e00000, 0x0000000100000000)
  region size 1024K, 38 young (38912K), 5 survivors (5120K)
 Metaspace       used 48915K, committed 49472K, reserved 1114112K
  class space    used 6797K, committed 7040K, reserved 1048576K
}
Event: 8.265 GC heap after
{Heap after GC invocations=10 (full 0):
 garbage-first heap   total 69632K, used 25880K [0x0000000084e00000, 0x0000000100000000)
  region size 1024K, 4 young (4096K), 4 survivors (4096K)
 Metaspace       used 48915K, committed 49472K, reserved 1114112K
  class space    used 6797K, committed 7040K, reserved 1048576K
}
Event: 9.061 GC heap before
{Heap before GC invocations=10 (full 0):
 garbage-first heap   total 69632K, used 59672K [0x0000000084e00000, 0x0000000100000000)
  region size 1024K, 37 young (37888K), 4 survivors (4096K)
 Metaspace       used 54033K, committed 54720K, reserved 1114112K
  class space    used 7676K, committed 7936K, reserved 1048576K
}
Event: 9.069 GC heap after
{Heap after GC invocations=11 (full 0):
 garbage-first heap   total 69632K, used 27242K [0x0000000084e00000, 0x0000000100000000)
  region size 1024K, 3 young (3072K), 3 survivors (3072K)
 Metaspace       used 54033K, committed 54720K, reserved 1114112K
  class space    used 7676K, committed 7936K, reserved 1048576K
}
Event: 10.044 GC heap before
{Heap before GC invocations=11 (full 0):
 garbage-first heap   total 69632K, used 39530K [0x0000000084e00000, 0x0000000100000000)
  region size 1024K, 16 young (16384K), 3 survivors (3072K)
 Metaspace       used 55974K, committed 56576K, reserved 1114112K
  class space    used 7929K, committed 8192K, reserved 1048576K
}
Event: 10.052 GC heap after
{Heap after GC invocations=12 (full 0):
 garbage-first heap   total 69632K, used 28258K [0x0000000084e00000, 0x0000000100000000)
  region size 1024K, 3 young (3072K), 3 survivors (3072K)
 Metaspace       used 55974K, committed 56576K, reserved 1114112K
  class space    used 7929K, committed 8192K, reserved 1048576K
}
Event: 10.935 GC heap before
{Heap before GC invocations=13 (full 0):
 garbage-first heap   total 69632K, used 61026K [0x0000000084e00000, 0x0000000100000000)
  region size 1024K, 35 young (35840K), 3 survivors (3072K)
 Metaspace       used 61615K, committed 62336K, reserved 1114112K
  class space    used 9002K, committed 9344K, reserved 1048576K
}
Event: 10.944 GC heap after
{Heap after GC invocations=14 (full 0):
 garbage-first heap   total 69632K, used 31455K [0x0000000084e00000, 0x0000000100000000)
  region size 1024K, 5 young (5120K), 5 survivors (5120K)
 Metaspace       used 61615K, committed 62336K, reserved 1114112K
  class space    used 9002K, committed 9344K, reserved 1048576K
}
Event: 11.301 GC heap before
{Heap before GC invocations=14 (full 0):
 garbage-first heap   total 69632K, used 60127K [0x0000000084e00000, 0x0000000100000000)
  region size 1024K, 33 young (33792K), 5 survivors (5120K)
 Metaspace       used 63612K, committed 64320K, reserved 1114112K
  class space    used 9253K, committed 9600K, reserved 1048576K
}
Event: 11.309 GC heap after
{Heap after GC invocations=15 (full 0):
 garbage-first heap   total 69632K, used 33689K [0x0000000084e00000, 0x0000000100000000)
  region size 1024K, 3 young (3072K), 3 survivors (3072K)
 Metaspace       used 63612K, committed 64320K, reserved 1114112K
  class space    used 9253K, committed 9600K, reserved 1048576K
}
Event: 11.432 GC heap before
{Heap before GC invocations=15 (full 0):
 garbage-first heap   total 69632K, used 61337K [0x0000000084e00000, 0x0000000100000000)
  region size 1024K, 30 young (30720K), 3 survivors (3072K)
 Metaspace       used 63676K, committed 64384K, reserved 1114112K
  class space    used 9269K, committed 9600K, reserved 1048576K
}
Event: 11.437 GC heap after
{Heap after GC invocations=16 (full 0):
 garbage-first heap   total 83968K, used 35280K [0x0000000084e00000, 0x0000000100000000)
  region size 1024K, 4 young (4096K), 4 survivors (4096K)
 Metaspace       used 63676K, committed 64384K, reserved 1114112K
  class space    used 9269K, committed 9600K, reserved 1048576K
}
Event: 11.678 GC heap before
{Heap before GC invocations=17 (full 0):
 garbage-first heap   total 83968K, used 74192K [0x0000000084e00000, 0x0000000100000000)
  region size 1024K, 42 young (43008K), 4 survivors (4096K)
 Metaspace       used 63836K, committed 64576K, reserved 1114112K
  class space    used 9296K, committed 9664K, reserved 1048576K
}
Event: 11.684 GC heap after
{Heap after GC invocations=18 (full 0):
 garbage-first heap   total 83968K, used 36232K [0x0000000084e00000, 0x0000000100000000)
  region size 1024K, 3 young (3072K), 3 survivors (3072K)
 Metaspace       used 63836K, committed 64576K, reserved 1114112K
  class space    used 9296K, committed 9664K, reserved 1048576K
}
Event: 12.077 GC heap before
{Heap before GC invocations=18 (full 0):
 garbage-first heap   total 83968K, used 75144K [0x0000000084e00000, 0x0000000100000000)
  region size 1024K, 41 young (41984K), 3 survivors (3072K)
 Metaspace       used 64521K, committed 65216K, reserved 1114112K
  class space    used 9408K, committed 9728K, reserved 1048576K
}
Event: 12.083 GC heap after
{Heap after GC invocations=19 (full 0):
 garbage-first heap   total 83968K, used 37514K [0x0000000084e00000, 0x0000000100000000)
  region size 1024K, 5 young (5120K), 5 survivors (5120K)
 Metaspace       used 64521K, committed 65216K, reserved 1114112K
  class space    used 9408K, committed 9728K, reserved 1048576K
}
Event: 12.166 GC heap before
{Heap before GC invocations=19 (full 0):
 garbage-first heap   total 83968K, used 72330K [0x0000000084e00000, 0x0000000100000000)
  region size 1024K, 39 young (39936K), 5 survivors (5120K)
 Metaspace       used 64527K, committed 65216K, reserved 1114112K
  class space    used 9409K, committed 9728K, reserved 1048576K
}
Event: 12.172 GC heap after
{Heap after GC invocations=20 (full 0):
 garbage-first heap   total 83968K, used 38991K [0x0000000084e00000, 0x0000000100000000)
  region size 1024K, 4 young (4096K), 4 survivors (4096K)
 Metaspace       used 64527K, committed 65216K, reserved 1114112K
  class space    used 9409K, committed 9728K, reserved 1048576K
}
Event: 12.302 GC heap before
{Heap before GC invocations=21 (full 0):
 garbage-first heap   total 83968K, used 73807K [0x0000000084e00000, 0x0000000100000000)
  region size 1024K, 38 young (38912K), 4 survivors (4096K)
 Metaspace       used 64525K, committed 65216K, reserved 1114112K
  class space    used 9408K, committed 9728K, reserved 1048576K
}

