# JRE version: Java(TM) SE Runtime Environment (21.0.5+9) (build 21.0.5+9-LTS-239)
# Java VM: Java HotSpot(TM) 64-Bit Server VM (21.0.5+9-LTS-239, mixed mode, emulated-client, sharing, tiered, compressed oops, compressed class ptrs, g1 gc, windows-amd64)
GC Precious Log:
 CardTable entry size: 512
 Card Set container configuration: InlinePtr #cards 5 size 8 Array Of Cards #cards 12 size 40 Howl #buckets 4 coarsen threshold 1843 Howl Bitmap #cards 512 size 80 coarsen threshold 460 Card regions per heap region 1 cards per card region 2048
 CPUs: 12 total, 12 available
 Memory: 7876M
 Large Page Support: Disabled
 NUMA Support: Disabled
 Compressed Oops: Enabled (32-bit)
 Heap Region Size: 1M
 Heap Min Capacity: 8M
 Heap Initial Capacity: 124M
 Heap Max Capacity: 1970M
 Pre-touch: Disabled
 Parallel Workers: 10
 Concurrent Workers: 3
 Concurrent Refinement Workers: 10
 Periodic GC: Disabled
Heap:
 garbage-first heap   total 94208K, used 67790K [0x0000000084e00000, 0x0000000100000000)
  region size 1024K, 22 young (22528K), 5 survivors (5120K)
 Metaspace       used 70077K, committed 70848K, reserved 1114112K
  class space    used 10274K, committed 10624K, reserved 1048576K
GC Heap History (20 events):
Event: 62.661 GC heap after
{Heap after GC invocations=17 (full 0):
 garbage-first heap   total 69632K, used 34469K [0x0000000084e00000, 0x0000000100000000)
  region size 1024K, 2 young (2048K), 2 survivors (2048K)
 Metaspace       used 63729K, committed 64384K, reserved 1114112K
  class space    used 9281K, committed 9600K, reserved 1048576K
}
Event: 64.505 GC heap before
{Heap before GC invocations=18 (full 0):
 garbage-first heap   total 69632K, used 63141K [0x0000000084e00000, 0x0000000100000000)
  region size 1024K, 30 young (30720K), 2 survivors (2048K)
 Metaspace       used 64348K, committed 64960K, reserved 1114112K
  class space    used 9372K, committed 9664K, reserved 1048576K
}
Event: 64.515 GC heap after
{Heap after GC invocations=19 (full 0):
 garbage-first heap   total 83968K, used 36434K [0x0000000084e00000, 0x0000000100000000)
  region size 1024K, 4 young (4096K), 4 survivors (4096K)
 Metaspace       used 64348K, committed 64960K, reserved 1114112K
  class space    used 9372K, committed 9664K, reserved 1048576K
}
Event: 65.544 GC heap before
{Heap before GC invocations=19 (full 0):
 garbage-first heap   total 83968K, used 74322K [0x0000000084e00000, 0x0000000100000000)
  region size 1024K, 41 young (41984K), 4 survivors (4096K)
 Metaspace       used 64405K, committed 65024K, reserved 1114112K
  class space    used 9380K, committed 9664K, reserved 1048576K
}
Event: 65.553 GC heap after
{Heap after GC invocations=20 (full 0):
 garbage-first heap   total 83968K, used 37178K [0x0000000084e00000, 0x0000000100000000)
  region size 1024K, 5 young (5120K), 5 survivors (5120K)
 Metaspace       used 64405K, committed 65024K, reserved 1114112K
  class space    used 9380K, committed 9664K, reserved 1048576K
}
Event: 66.380 GC heap before
{Heap before GC invocations=20 (full 0):
 garbage-first heap   total 83968K, used 73018K [0x0000000084e00000, 0x0000000100000000)
  region size 1024K, 40 young (40960K), 5 survivors (5120K)
 Metaspace       used 64406K, committed 65024K, reserved 1114112K
  class space    used 9380K, committed 9664K, reserved 1048576K
}
Event: 66.393 GC heap after
{Heap after GC invocations=21 (full 0):
 garbage-first heap   total 83968K, used 40510K [0x0000000084e00000, 0x0000000100000000)
  region size 1024K, 5 young (5120K), 5 survivors (5120K)
 Metaspace       used 64406K, committed 65024K, reserved 1114112K
  class space    used 9380K, committed 9664K, reserved 1048576K
}
Event: 66.942 GC heap before
{Heap before GC invocations=22 (full 0):
 garbage-first heap   total 83968K, used 73278K [0x0000000084e00000, 0x0000000100000000)
  region size 1024K, 37 young (37888K), 5 survivors (5120K)
 Metaspace       used 64406K, committed 65024K, reserved 1114112K
  class space    used 9380K, committed 9664K, reserved 1048576K
}
Event: 66.957 GC heap after
{Heap after GC invocations=23 (full 0):
 garbage-first heap   total 86016K, used 47406K [0x0000000084e00000, 0x0000000100000000)
  region size 1024K, 5 young (5120K), 5 survivors (5120K)
 Metaspace       used 64406K, committed 65024K, reserved 1114112K
  class space    used 9380K, committed 9664K, reserved 1048576K
}
Event: 67.341 GC heap before
{Heap before GC invocations=23 (full 0):
 garbage-first heap   total 86016K, used 71982K [0x0000000084e00000, 0x0000000100000000)
  region size 1024K, 29 young (29696K), 5 survivors (5120K)
 Metaspace       used 64406K, committed 65024K, reserved 1114112K
  class space    used 9380K, committed 9664K, reserved 1048576K
}
Event: 67.352 GC heap after
{Heap after GC invocations=24 (full 0):
 garbage-first heap   total 86016K, used 49572K [0x0000000084e00000, 0x0000000100000000)
  region size 1024K, 3 young (3072K), 3 survivors (3072K)
 Metaspace       used 64406K, committed 65024K, reserved 1114112K
  class space    used 9380K, committed 9664K, reserved 1048576K
}
Event: 67.821 GC heap before
{Heap before GC invocations=24 (full 0):
 garbage-first heap   total 86016K, used 73124K [0x0000000084e00000, 0x0000000100000000)
  region size 1024K, 26 young (26624K), 3 survivors (3072K)
 Metaspace       used 64406K, committed 65024K, reserved 1114112K
  class space    used 9380K, committed 9664K, reserved 1048576K
}
Event: 67.828 GC heap after
{Heap after GC invocations=25 (full 0):
 garbage-first heap   total 86016K, used 51266K [0x0000000084e00000, 0x0000000100000000)
  region size 1024K, 2 young (2048K), 2 survivors (2048K)
 Metaspace       used 64406K, committed 65024K, reserved 1114112K
  class space    used 9380K, committed 9664K, reserved 1048576K
}
Event: 68.595 GC heap before
{Heap before GC invocations=26 (full 0):
 garbage-first heap   total 94208K, used 74818K [0x0000000084e00000, 0x0000000100000000)
  region size 1024K, 25 young (25600K), 2 survivors (2048K)
 Metaspace       used 64605K, committed 65216K, reserved 1114112K
  class space    used 9461K, committed 9728K, reserved 1048576K
}
Event: 68.599 GC heap after
{Heap after GC invocations=27 (full 0):
 garbage-first heap   total 94208K, used 50157K [0x0000000084e00000, 0x0000000100000000)
  region size 1024K, 1 young (1024K), 1 survivors (1024K)
 Metaspace       used 64605K, committed 65216K, reserved 1114112K
  class space    used 9461K, committed 9728K, reserved 1048576K
}
Event: 71.286 GC heap before
{Heap before GC invocations=27 (full 0):
 garbage-first heap   total 94208K, used 82925K [0x0000000084e00000, 0x0000000100000000)
  region size 1024K, 34 young (34816K), 1 survivors (1024K)
 Metaspace       used 67282K, committed 67968K, reserved 1114112K
  class space    used 9835K, committed 10112K, reserved 1048576K
}
Event: 71.294 GC heap after
{Heap after GC invocations=28 (full 0):
 garbage-first heap   total 94208K, used 51765K [0x0000000084e00000, 0x0000000100000000)
  region size 1024K, 4 young (4096K), 4 survivors (4096K)
 Metaspace       used 67282K, committed 67968K, reserved 1114112K
  class space    used 9835K, committed 10112K, reserved 1048576K
}
Event: 74.100 GC heap before
{Heap before GC invocations=28 (full 0):
 garbage-first heap   total 94208K, used 82485K [0x0000000084e00000, 0x0000000100000000)
  region size 1024K, 34 young (34816K), 4 survivors (4096K)
 Metaspace       used 69145K, committed 69824K, reserved 1114112K
  class space    used 10123K, committed 10432K, reserved 1048576K
}
Event: 74.111 GC heap after
{Heap after GC invocations=29 (full 0):
 garbage-first heap   total 94208K, used 54478K [0x0000000084e00000, 0x0000000100000000)
  region size 1024K, 5 young (5120K), 5 survivors (5120K)
 Metaspace       used 69145K, committed 69824K, reserved 1114112K
  class space    used 10123K, committed 10432K, reserved 1048576K
}
Event: 117.346 GC heap before
{Heap before GC invocations=30 (full 0):
 garbage-first heap   total 94208K, used 67790K [0x0000000084e00000, 0x0000000100000000)
  region size 1024K, 22 young (22528K), 5 survivors (5120K)
 Metaspace       used 70077K, committed 70848K, reserved 1114112K
  class space    used 10274K, committed 10624K, reserved 1048576K
}

