# JRE version: Java(TM) SE Runtime Environment (21.0.5+9) (build 21.0.5+9-LTS-239)
# Java VM: Java HotSpot(TM) 64-Bit Server VM (21.0.5+9-LTS-239, mixed mode, emulated-client, sharing, tiered, compressed oops, compressed class ptrs, g1 gc, windows-amd64)
GC Precious Log:
 CardTable entry size: 512
 Card Set container configuration: InlinePtr #cards 5 size 8 Array Of Cards #cards 12 size 40 Howl #buckets 4 coarsen threshold 1843 Howl Bitmap #cards 512 size 80 coarsen threshold 460 Card regions per heap region 1 cards per card region 2048
 CPUs: 12 total, 12 available
 Memory: 7876M
 Large Page Support: Disabled
 NUMA Support: Disabled
 Compressed Oops: Enabled (32-bit)
 Heap Region Size: 1M
 Heap Min Capacity: 8M
 Heap Initial Capacity: 124M
 Heap Max Capacity: 1970M
 Pre-touch: Disabled
 Parallel Workers: 10
 Concurrent Workers: 3
 Concurrent Refinement Workers: 10
 Periodic GC: Disabled
Heap:
 garbage-first heap   total 130048K, used 91768K [0x0000000084e00000, 0x0000000100000000)
  region size 1024K, 49 young (50176K), 7 survivors (7168K)
 Metaspace       used 83166K, committed 84096K, reserved 1179648K
  class space    used 11946K, committed 12352K, reserved 1048576K
GC Heap History (20 events):
Event: 7.432 GC heap after
{Heap after GC invocations=19 (full 0):
 garbage-first heap   total 144384K, used 56839K [0x0000000084e00000, 0x0000000100000000)
  region size 1024K, 5 young (5120K), 5 survivors (5120K)
 Metaspace       used 64311K, committed 64960K, reserved 1114112K
  class space    used 9368K, committed 9664K, reserved 1048576K
}
Event: 7.539 GC heap before
{Heap before GC invocations=19 (full 0):
 garbage-first heap   total 144384K, used 115207K [0x0000000084e00000, 0x0000000100000000)
  region size 1024K, 62 young (63488K), 5 survivors (5120K)
 Metaspace       used 64311K, committed 64960K, reserved 1114112K
  class space    used 9368K, committed 9664K, reserved 1048576K
}
Event: 7.543 GC heap after
{Heap after GC invocations=20 (full 0):
 garbage-first heap   total 144384K, used 59113K [0x0000000084e00000, 0x0000000100000000)
  region size 1024K, 2 young (2048K), 2 survivors (2048K)
 Metaspace       used 64311K, committed 64960K, reserved 1114112K
  class space    used 9368K, committed 9664K, reserved 1048576K
}
Event: 8.409 GC heap before
{Heap before GC invocations=20 (full 0):
 garbage-first heap   total 144384K, used 119529K [0x0000000084e00000, 0x0000000100000000)
  region size 1024K, 61 young (62464K), 2 survivors (2048K)
 Metaspace       used 67599K, committed 68352K, reserved 1114112K
  class space    used 9906K, committed 10240K, reserved 1048576K
}
Event: 8.415 GC heap after
{Heap after GC invocations=21 (full 0):
 garbage-first heap   total 144384K, used 61973K [0x0000000084e00000, 0x0000000100000000)
  region size 1024K, 5 young (5120K), 5 survivors (5120K)
 Metaspace       used 67599K, committed 68352K, reserved 1114112K
  class space    used 9906K, committed 10240K, reserved 1048576K
}
Event: 96.786 GC heap before
{Heap before GC invocations=21 (full 0):
 garbage-first heap   total 144384K, used 123413K [0x0000000084e00000, 0x0000000100000000)
  region size 1024K, 66 young (67584K), 5 survivors (5120K)
 Metaspace       used 73851K, committed 74688K, reserved 1114112K
  class space    used 10786K, committed 11136K, reserved 1048576K
}
Event: 96.820 GC heap after
{Heap after GC invocations=22 (full 0):
 garbage-first heap   total 144384K, used 66560K [0x0000000084e00000, 0x0000000100000000)
  region size 1024K, 9 young (9216K), 9 survivors (9216K)
 Metaspace       used 73851K, committed 74688K, reserved 1114112K
  class space    used 10786K, committed 11136K, reserved 1048576K
}
Event: 315.003 GC heap before
{Heap before GC invocations=23 (full 0):
 garbage-first heap   total 144384K, used 123904K [0x0000000084e00000, 0x0000000100000000)
  region size 1024K, 67 young (68608K), 9 survivors (9216K)
 Metaspace       used 77033K, committed 77824K, reserved 1179648K
  class space    used 11222K, committed 11584K, reserved 1048576K
}
Event: 315.047 GC heap after
{Heap after GC invocations=24 (full 0):
 garbage-first heap   total 144384K, used 66492K [0x0000000084e00000, 0x0000000100000000)
  region size 1024K, 7 young (7168K), 7 survivors (7168K)
 Metaspace       used 77033K, committed 77824K, reserved 1179648K
  class space    used 11222K, committed 11584K, reserved 1048576K
}
Event: 626.410 GC heap before
{Heap before GC invocations=24 (full 0):
 garbage-first heap   total 144384K, used 108476K [0x0000000084e00000, 0x0000000100000000)
  region size 1024K, 49 young (50176K), 7 survivors (7168K)
 Metaspace       used 77294K, committed 78080K, reserved 1179648K
  class space    used 11278K, committed 11648K, reserved 1048576K
}
Event: 627.226 GC heap after
{Heap after GC invocations=25 (full 1):
 garbage-first heap   total 130048K, used 35204K [0x0000000084e00000, 0x0000000100000000)
  region size 1024K, 0 young (0K), 0 survivors (0K)
 Metaspace       used 77126K, committed 78080K, reserved 1179648K
  class space    used 11235K, committed 11648K, reserved 1048576K
}
Event: 641.044 GC heap before
{Heap before GC invocations=25 (full 1):
 garbage-first heap   total 130048K, used 106884K [0x0000000084e00000, 0x0000000100000000)
  region size 1024K, 71 young (72704K), 0 survivors (0K)
 Metaspace       used 81587K, committed 82368K, reserved 1179648K
  class space    used 11747K, committed 12096K, reserved 1048576K
}
Event: 641.067 GC heap after
{Heap after GC invocations=26 (full 1):
 garbage-first heap   total 130048K, used 39662K [0x0000000084e00000, 0x0000000100000000)
  region size 1024K, 5 young (5120K), 5 survivors (5120K)
 Metaspace       used 81587K, committed 82368K, reserved 1179648K
  class space    used 11747K, committed 12096K, reserved 1048576K
}
Event: 646.197 GC heap before
{Heap before GC invocations=27 (full 1):
 garbage-first heap   total 130048K, used 109294K [0x0000000084e00000, 0x0000000100000000)
  region size 1024K, 74 young (75776K), 5 survivors (5120K)
 Metaspace       used 81985K, committed 82752K, reserved 1179648K
  class space    used 11788K, committed 12160K, reserved 1048576K
}
Event: 646.217 GC heap after
{Heap after GC invocations=28 (full 1):
 garbage-first heap   total 130048K, used 44420K [0x0000000084e00000, 0x0000000100000000)
  region size 1024K, 9 young (9216K), 9 survivors (9216K)
 Metaspace       used 81985K, committed 82752K, reserved 1179648K
  class space    used 11788K, committed 12160K, reserved 1048576K
}
Event: 647.299 GC heap before
{Heap before GC invocations=28 (full 1):
 garbage-first heap   total 130048K, used 55684K [0x0000000084e00000, 0x0000000100000000)
  region size 1024K, 21 young (21504K), 9 survivors (9216K)
 Metaspace       used 82072K, committed 82880K, reserved 1179648K
  class space    used 11799K, committed 12160K, reserved 1048576K
}
Event: 647.326 GC heap after
{Heap after GC invocations=29 (full 1):
 garbage-first heap   total 130048K, used 45558K [0x0000000084e00000, 0x0000000100000000)
  region size 1024K, 2 young (2048K), 2 survivors (2048K)
 Metaspace       used 82072K, committed 82880K, reserved 1179648K
  class space    used 11799K, committed 12160K, reserved 1048576K
}
Event: 649.212 GC heap before
{Heap before GC invocations=30 (full 1):
 garbage-first heap   total 130048K, used 113142K [0x0000000084e00000, 0x0000000100000000)
  region size 1024K, 68 young (69632K), 2 survivors (2048K)
 Metaspace       used 82791K, committed 83648K, reserved 1179648K
  class space    used 11862K, committed 12224K, reserved 1048576K
}
Event: 649.220 GC heap after
{Heap after GC invocations=31 (full 1):
 garbage-first heap   total 130048K, used 50808K [0x0000000084e00000, 0x0000000100000000)
  region size 1024K, 7 young (7168K), 7 survivors (7168K)
 Metaspace       used 82791K, committed 83648K, reserved 1179648K
  class space    used 11862K, committed 12224K, reserved 1048576K
}
Event: 679.828 GC heap before
{Heap before GC invocations=31 (full 1):
 garbage-first heap   total 130048K, used 91768K [0x0000000084e00000, 0x0000000100000000)
  region size 1024K, 49 young (50176K), 7 survivors (7168K)
 Metaspace       used 83166K, committed 84096K, reserved 1179648K
  class space    used 11946K, committed 12352K, reserved 1048576K
}

